[Licensing::Module] Trying to connect to existing licensing client channel...
Built from '6000.2/staging' branch; Version is '6000.2.13f1 (abdb44fca7f7) revision 11262788'; Using compiler version '194234433'; Build Type 'Release'
[Licensing::IpcConnector] Successfully connected to: "LicenseClient-Raptor" at "2025-12-05T01:34:13.2826508Z"
OS: 'Windows 10  (10.0.19045) 64bit Core' Language: 'en' Physical Memory: 31860 MB
BatchMode: 1, IsHumanControllingUs: 0, StartBugReporterOnCrash: 0, Is64bit: 1
Date: 2025-12-05T01:34:13Z

COMMAND LINE ARGUMENTS:
C:\Program Files\Unity\Hub\Editor\6000.2.13f1\Editor\Unity.exe
-adb2
-batchMode
-noUpm
-name
AssetImportWorker125
-projectPath
C:/GIT_Projects/prj1/FastFood
-logFile
Logs/AssetImportWorker125.log
-srvPort
64782
-licensingIpc
LicenseClient-Raptor
-job-worker-count
7
-background-job-worker-count
8
-gc-helper-count
1
-name
AssetImport
Successfully changed project path to: C:/GIT_Projects/prj1/FastFood
C:/GIT_Projects/prj1/FastFood
[UnityMemory] Configuration Parameters - Can be set up in boot.config
    "memorysetup-allocator-temp-initial-block-size-main=262144"
    "memorysetup-allocator-temp-initial-block-size-worker=262144"
    "memorysetup-bucket-allocator-granularity=16"
    "memorysetup-bucket-allocator-bucket-count=8"
    "memorysetup-bucket-allocator-block-size=33554432"
    "memorysetup-bucket-allocator-block-count=8"
    "memorysetup-main-allocator-block-size=16777216"
    "memorysetup-thread-allocator-block-size=16777216"
    "memorysetup-gfx-main-allocator-block-size=16777216"
    "memorysetup-gfx-thread-allocator-block-size=16777216"
    "memorysetup-cache-allocator-block-size=4194304"
    "memorysetup-typetree-allocator-block-size=2097152"
    "memorysetup-profiler-bucket-allocator-granularity=16"
    "memorysetup-profiler-bucket-allocator-bucket-count=8"
    "memorysetup-profiler-bucket-allocator-block-size=33554432"
    "memorysetup-profiler-bucket-allocator-block-count=8"
    "memorysetup-profiler-allocator-block-size=16777216"
    "memorysetup-profiler-editor-allocator-block-size=1048576"
    "memorysetup-temp-allocator-size-main=16777216"
    "memorysetup-job-temp-allocator-block-size=2097152"
    "memorysetup-job-temp-allocator-block-size-background=1048576"
    "memorysetup-job-temp-allocator-reduction-small-platforms=262144"
    "memorysetup-temp-allocator-size-background-worker=32768"
    "memorysetup-temp-allocator-size-job-worker=262144"
    "memorysetup-temp-allocator-size-preload-manager=33554432"
    "memorysetup-temp-allocator-size-nav-mesh-worker=65536"
    "memorysetup-temp-allocator-size-audio-worker=65536"
    "memorysetup-temp-allocator-size-cloud-worker=32768"
    "memorysetup-temp-allocator-size-gi-baking-worker=262144"
    "memorysetup-temp-allocator-size-gi-baking-worker=262144"
    "memorysetup-temp-allocator-size-gi-baking-worker=262144"
    "memorysetup-temp-allocator-size-gi-baking-worker=262144"
    "memorysetup-temp-allocator-size-gi-baking-worker=262144"
    "memorysetup-temp-allocator-size-gfx=262144"
Player connection [24936]  Target information:

Player connection [24936]  * "[IP] 192.168.10.94 [Port] 0 [Flags] 2 [Guid] 3611409498 [EditorId] 3611409498 [Version] 1048832 [Id] WindowsEditor(7,DESKTOP-N6LDBOS) [Debug] 1 [PackageName] WindowsEditor [ProjectName] Editor" 

Player connection [24936] Host joined multi-casting on [225.0.0.222:54997]...
Player connection [24936] Host joined alternative multi-casting on [225.0.0.222:34997]...
JobSystem: Creating JobQueue using job-worker-count value 7
Input System module state changed to: Initialized.
[Physics::Module] Initialized fallback backend.
[Physics::Module] Id: 0xdecafbad
Library Redirect Path: Library/
[Physics::Module] Selected backend.
[Physics::Module] Name: PhysX
[Physics::Module] Id: 0xf2b8ea05
[Physics::Module] SDK Version: 4.1.2
[Physics::Module] Integration Version: 1.0.0
[Physics::Module] Threading Mode: Multi-Threaded
Refreshing native plugins compatible for Editor in 41.87 ms, found 14 plugins.
Preloading 1 native plugins for Editor in 1.00 ms.
Initialize engine version: 6000.2.13f1 (abdb44fca7f7)
[Subsystems] Discovering subsystems at path C:/Program Files/Unity/Hub/Editor/6000.2.13f1/Editor/Data/Resources/UnitySubsystems
[Subsystems] Discovering subsystems at path C:/GIT_Projects/prj1/FastFood/Assets
GfxDevice: creating device client; kGfxThreadingModeNonThreaded
Direct3D:
    Version:  Direct3D 11.0 [level 11.1]
    Renderer: NVIDIA GeForce RTX 5070 (ID=0x2f04)
    Vendor:   NVIDIA
    VRAM:     11854 MB
    Driver:   32.0.15.8129
Initialize mono
Mono path[0] = 'C:/Program Files/Unity/Hub/Editor/6000.2.13f1/Editor/Data/Managed'
Mono path[1] = 'C:/Program Files/Unity/Hub/Editor/6000.2.13f1/Editor/Data/MonoBleedingEdge/lib/mono/unityjit-win32'
Mono config path = 'C:/Program Files/Unity/Hub/Editor/6000.2.13f1/Editor/Data/MonoBleedingEdge/etc'
Using monoOptions --debugger-agent=transport=dt_socket,embedding=1,server=y,suspend=n,address=127.0.0.1:56548
Begin MonoManager ReloadAssembly
Registering precompiled unity dll's ...
Register platform support module: C:/Program Files/Unity/Hub/Editor/6000.2.13f1/Editor/Data/PlaybackEngines/WindowsStandaloneSupport/UnityEditor.WindowsStandalone.Extensions.dll
[Licensing::Module] Licensing is not yet initialized.
[Licensing::Client] Error: HandshakeResponse reported an error:
	ResponseCode: 505
	ResponseStatus: Unsupported protocol version '1.17.4'.
[Licensing::Module] Error: Failed to handshake to channel: "LicenseClient-Raptor"
[Licensing::IpcConnector] LicenseClient-Raptor channel disconnected successfully.
[Licensing::IpcConnector] Successfully connected to: "LicenseClient-Raptor-6000.2.13" at "2025-12-05T01:34:14.6390322Z"
[Licensing::Client] Handshaking with LicensingClient:
  Version:                 1.17.4+4293ba1
  Session Id:              f9e94178804c4f5fae7f5ad0e2e881cf
  Correlation Id:          8b443b1067030043d42fc3d4d67f1055
  External correlation Id: 7946628172892942288
  Machine Id:              /Gk3cS3RbuDCQMU5P993206Xbmc=
[Licensing::Module] Successfully connected to LicensingClient on channel: "LicenseClient-Raptor-6000.2.13" (connect: 0.00s, validation: 0.00s, handshake: 0.75s)
[Licensing::IpcConnector] Successfully connected to: "LicenseClient-Raptor-6000.2.13-notifications" at "2025-12-05T01:34:15.3921247Z"
[Licensing::Module] Licensing Background thread has ended after 2.11s
[Licensing::Module] Licensing is initialized (took 1.02s).
[Licensing::Client] Successfully resolved entitlement details
[Licensing::Module] License group:
  Id: 2475892980188-UnityPersXXXX
  Product: Unity Personal
  Type: Assigned
  Expiration: Unlimited
Register platform support module: C:/Program Files/Unity/Hub/Editor/6000.2.13f1/Editor/Data/PlaybackEngines/AndroidPlayer/UnityEditor.Android.Extensions.dll
Registered in 1.023410 seconds.
- Loaded All Assemblies, in  1.449 seconds
Native extension for Android target not found
Android Extension - Scanning For ADB Devices 342 ms
Native extension for WindowsStandalone target not found
Mono: successfully reloaded assembly
- Finished resetting the current domain, in  0.771 seconds
Domain Reload Profiling: 2216ms
	BeginReloadAssembly (191ms)
		ExecutionOrderSort (0ms)
		DisableScriptedObjects (0ms)
		BackupInstance (0ms)
		ReleaseScriptingObjects (0ms)
		CreateAndSetChildDomain (1ms)
	RebuildCommonClasses (43ms)
	RebuildNativeTypeToScriptingClass (13ms)
	initialDomainReloadingComplete (1067ms)
	LoadAllAssembliesAndSetupDomain (133ms)
		LoadAssemblies (185ms)
		RebuildTransferFunctionScriptingTraits (0ms)
		AnalyzeDomain (130ms)
			TypeCache.Refresh (128ms)
				TypeCache.ScanAssembly (119ms)
			BuildScriptInfoCaches (0ms)
			ResolveRequiredComponents (0ms)
	FinalizeReload (771ms)
		ReleaseScriptCaches (0ms)
		RebuildScriptCaches (0ms)
		SetupLoadedEditorAssemblies (723ms)
			LogAssemblyErrors (0ms)
			InitializePlatformSupportModulesInManaged (424ms)
			SetLoadedEditorAssemblies (3ms)
			BeforeProcessingInitializeOnLoad (89ms)
			ProcessInitializeOnLoadAttributes (136ms)
			ProcessInitializeOnLoadMethodAttributes (70ms)
			AfterProcessingInitializeOnLoad (0ms)
			EditorAssembliesLoaded (0ms)
		ExecutionOrderSort2 (0ms)
		AwakeInstancesAfterBackupRestoration (0ms)
========================================================================
Worker process is ready to serve import requests
Import Worker Mode flag is 0x00
Begin MonoManager ReloadAssembly
[Licensing::Client] Successfully resolved entitlement details
- Loaded All Assemblies, in  0.764 seconds
Refreshing native plugins compatible for Editor in 10.49 ms, found 14 plugins.
Native extension for Android target not found
Native extension for WindowsStandalone target not found
Package Manager log level set to [2]
[Package Manager] Failed to launch server process. Reason: Unity was launched with the -noUpm command-line argument
[Package Manager] Unable to send message (not connected to server process).
[Package Manager] Cannot connect to Unity Package Manager local server
System.Reflection.TargetInvocationException: Exception has been thrown by the target of an invocation. ---> System.NullReferenceException: Object reference not set to an instance of an object
  at Unity.XR.Oculus.OculusLoader.AssetPathToAbsolutePath (System.String assetPath) [0x0003d] in .\Library\PackageCache\com.unity.xr.oculus@44578ba4bd45\Runtime\OculusLoader.cs:312 
  at Unity.XR.Oculus.OculusLoader.EditorLoadOVRPlugin () [0x0008c] in .\Library\PackageCache\com.unity.xr.oculus@44578ba4bd45\Runtime\OculusLoader.cs:297 
  at (wrapper managed-to-native) System.Reflection.RuntimeMethodInfo.InternalInvoke(System.Reflection.RuntimeMethodInfo,object,object[],System.Exception&)
  at System.Reflection.RuntimeMethodInfo.Invoke (System.Object obj, System.Reflection.BindingFlags invokeAttr, System.Reflection.Binder binder, System.Object[] parameters, System.Globalization.CultureInfo culture) [0x0006a] in <bed9669261d44da0a59448ecde2b1a5c>:0 
   --- End of inner exception stack trace ---
  at System.Reflection.RuntimeMethodInfo.Invoke (System.Object obj, System.Reflection.BindingFlags invokeAttr, System.Reflection.Binder binder, System.Object[] parameters, System.Globalization.CultureInfo culture) [0x00083] in <bed9669261d44da0a59448ecde2b1a5c>:0 
  at System.Reflection.MethodBase.Invoke (System.Object obj, System.Object[] parameters) [0x00000] in <bed9669261d44da0a59448ecde2b1a5c>:0 
  at UnityEditor.EditorAssemblies.ProcessInitializeOnLoadMethodAttributes () [0x00087] in <1a7e38f6fac74b0d95602c9f9166f28a>:0 
UnityEngine.Debug:ExtractStackTraceNoAlloc (byte*,int,string)
UnityEngine.StackTraceUtility:ExtractStackTrace ()
UnityEngine.DebugLogHandler:Internal_Log (UnityEngine.LogType,UnityEngine.LogOption,string,UnityEngine.Object)
UnityEngine.DebugLogHandler:LogFormat (UnityEngine.LogType,UnityEngine.Object,string,object[])
UnityEngine.Logger:Log (UnityEngine.LogType,object)
UnityEngine.Debug:LogError (object)
UnityEditor.EditorAssemblies:ProcessInitializeOnLoadMethodAttributes ()

Mono: successfully reloaded assembly
[Package Manager] Failed to launch server process. Reason: Unity was launched with the -noUpm command-line argument
[Package Manager] Unable to send message (not connected to server process).
[Package Manager] Cannot connect to Unity Package Manager local server
[Package Manager] Failed to launch server process. Reason: Unity was launched with the -noUpm command-line argument
[Package Manager] Unable to send message (not connected to server process).
[Package Manager] Cannot connect to Unity Package Manager local server
- Finished resetting the current domain, in  1.387 seconds
Domain Reload Profiling: 2142ms
	BeginReloadAssembly (149ms)
		ExecutionOrderSort (0ms)
		DisableScriptedObjects (5ms)
		BackupInstance (0ms)
		ReleaseScriptingObjects (0ms)
		CreateAndSetChildDomain (30ms)
	RebuildCommonClasses (34ms)
	RebuildNativeTypeToScriptingClass (12ms)
	initialDomainReloadingComplete (37ms)
	LoadAllAssembliesAndSetupDomain (522ms)
		LoadAssemblies (340ms)
		RebuildTransferFunctionScriptingTraits (0ms)
		AnalyzeDomain (260ms)
			TypeCache.Refresh (188ms)
				TypeCache.ScanAssembly (175ms)
			BuildScriptInfoCaches (56ms)
			ResolveRequiredComponents (13ms)
	FinalizeReload (1388ms)
		ReleaseScriptCaches (0ms)
		RebuildScriptCaches (0ms)
		SetupLoadedEditorAssemblies (1180ms)
			LogAssemblyErrors (0ms)
			InitializePlatformSupportModulesInManaged (9ms)
			SetLoadedEditorAssemblies (6ms)
			BeforeProcessingInitializeOnLoad (185ms)
			ProcessInitializeOnLoadAttributes (853ms)
			ProcessInitializeOnLoadMethodAttributes (121ms)
			AfterProcessingInitializeOnLoad (6ms)
			EditorAssembliesLoaded (0ms)
		ExecutionOrderSort2 (0ms)
		AwakeInstancesAfterBackupRestoration (6ms)
WARNING: Shader Unsupported: 'Hidden/Simulation/URP/Synthetic' - All subshaders removed
WARNING: Shader Did you use #pragma only_renderers and omit this platform?
WARNING: Shader If subshaders removal was intentional, you may have forgotten turning Fallback off?
WARNING: Shader Unsupported: 'Hidden/Simulation/URP/Synthetic' - All subshaders removed
WARNING: Shader Did you use #pragma only_renderers and omit this platform?
WARNING: Shader If subshaders removal was intentional, you may have forgotten turning Fallback off?
WARNING: Shader Unsupported: 'Hidden/Simulation/Synthetic Lit' - All subshaders removed
WARNING: Shader Did you use #pragma only_renderers and omit this platform?
WARNING: Shader If subshaders removal was intentional, you may have forgotten turning Fallback off?
WARNING: Shader Unsupported: 'Hidden/Simulation/Synthetic Lit' - All subshaders removed
WARNING: Shader Did you use #pragma only_renderers and omit this platform?
WARNING: Shader If subshaders removal was intentional, you may have forgotten turning Fallback off?
WARNING: Shader Unsupported: 'Simulation/Standard Lit' - All subshaders removed
WARNING: Shader Did you use #pragma only_renderers and omit this platform?
WARNING: Shader If subshaders removal was intentional, you may have forgotten turning Fallback off?
WARNING: Shader Unsupported: 'Simulation/Standard Lit' - All subshaders removed
WARNING: Shader Did you use #pragma only_renderers and omit this platform?
WARNING: Shader If subshaders removal was intentional, you may have forgotten turning Fallback off?
WARNING: Shader Unsupported: 'Simulation/URP/Room X-Ray' - All subshaders removed
WARNING: Shader Did you use #pragma only_renderers and omit this platform?
WARNING: Shader If subshaders removal was intentional, you may have forgotten turning Fallback off?
WARNING: Shader Unsupported: 'Simulation/URP/Room X-Ray' - All subshaders removed
WARNING: Shader Did you use #pragma only_renderers and omit this platform?
WARNING: Shader If subshaders removal was intentional, you may have forgotten turning Fallback off?
WARNING: Shader Unsupported: 'Simulation/Room X-Ray' - All subshaders removed
WARNING: Shader Did you use #pragma only_renderers and omit this platform?
WARNING: Shader If subshaders removal was intentional, you may have forgotten turning Fallback off?
WARNING: Shader Unsupported: 'Simulation/Room X-Ray' - All subshaders removed
WARNING: Shader Did you use #pragma only_renderers and omit this platform?
WARNING: Shader If subshaders removal was intentional, you may have forgotten turning Fallback off?
WARNING: Shader Unsupported: 'Simulation/URP/Lit' - All subshaders removed
WARNING: Shader Did you use #pragma only_renderers and omit this platform?
WARNING: Shader If subshaders removal was intentional, you may have forgotten turning Fallback off?
WARNING: Shader Unsupported: 'Simulation/URP/Lit' - All subshaders removed
WARNING: Shader Did you use #pragma only_renderers and omit this platform?
WARNING: Shader If subshaders removal was intentional, you may have forgotten turning Fallback off?
Launched and connected shader compiler UnityShaderCompiler.exe after 0.02 seconds
Refreshing native plugins compatible for Editor in 20.13 ms, found 14 plugins.
Preloading 1 native plugins for Editor in 0.08 ms.
Unloading 19 Unused Serialized files (Serialized files now loaded: 0)
Unloading 8054 unused Assets / (9.3 MB). Loaded Objects now: 8826.
Memory consumption went from 159.8 MB to 150.5 MB.
Total: 22.823000 ms (FindLiveObjects: 1.339000 ms CreateObjectMapping: 0.783500 ms MarkObjects: 15.910700 ms  DeleteObjects: 4.787800 ms)

========================================================================
Received Import Request.
  Time since last request: 21549.668835 seconds.
  path: Assets/CabinDecor/VNB - Office Set/Prefabs/Deco/alcohol_dispenser_b.prefab
  artifactKey: Guid(b674a6800940b1d41a6468cd22fca077) Importer(815301076,1909f56bfc062723c751e8b465ee728b)
Start importing Assets/CabinDecor/VNB - Office Set/Prefabs/Deco/alcohol_dispenser_b.prefab using Guid(b674a6800940b1d41a6468cd22fca077) Importer(815301076,1909f56bfc062723c751e8b465ee728b) (PreviewImporter) -> (artifact id: 'f10a7a4902275c284768a64161b8194d') in 0.4124407 seconds
Number of updated asset objects reloaded before import = 0Number of asset objects unloaded after import = 15

========================================================================
Received Import Request.
  Time since last request: 0.025020 seconds.
  path: Assets/CabinDecor/VNB - Office Set/Prefabs/Deco/book_2.prefab
  artifactKey: Guid(95673e01729d3ee4f90a32ee9a726ce6) Importer(815301076,1909f56bfc062723c751e8b465ee728b)
Start importing Assets/CabinDecor/VNB - Office Set/Prefabs/Deco/book_2.prefab using Guid(95673e01729d3ee4f90a32ee9a726ce6) Importer(815301076,1909f56bfc062723c751e8b465ee728b) (PreviewImporter) -> (artifact id: '760005436e538c77c91c6025a48de056') in 0.0186673 seconds
Number of updated asset objects reloaded before import = 0Number of asset objects unloaded after import = 10

========================================================================
Received Import Request.
  Time since last request: 0.000024 seconds.
  path: Assets/CabinDecor/VNB - Office Set/Prefabs/Deco/nature_deco_1.prefab
  artifactKey: Guid(edfc80eb86786314086d9c9dfae717ac) Importer(815301076,1909f56bfc062723c751e8b465ee728b)
Start importing Assets/CabinDecor/VNB - Office Set/Prefabs/Deco/nature_deco_1.prefab using Guid(edfc80eb86786314086d9c9dfae717ac) Importer(815301076,1909f56bfc062723c751e8b465ee728b) (PreviewImporter) -> (artifact id: 'd255810e4809cb77363814f29b8bd66a') in 0.0174593 seconds
Number of updated asset objects reloaded before import = 0Number of asset objects unloaded after import = 10

========================================================================
Received Import Request.
  Time since last request: 0.000024 seconds.
  path: Assets/CabinDecor/VNB - Office Set/Materials/palette_6.mat
  artifactKey: Guid(e059f45f400e21f409d6660946a58318) Importer(2089858483,192608db42251d675da83286b1cce702)
Start importing Assets/CabinDecor/VNB - Office Set/Materials/palette_6.mat using Guid(e059f45f400e21f409d6660946a58318) Importer(2089858483,192608db42251d675da83286b1cce702) (ScriptedImporter) -> (artifact id: '4701f4ae3a392fcc2077a2912c374dcc') in 0.1696415 seconds
Number of updated asset objects reloaded before import = 0Number of asset objects unloaded after import = 2

========================================================================
Received Import Request.
  Time since last request: 0.000035 seconds.
  path: Assets/CabinDecor/VNB - Office Set/Prefabs/Deco/deco.prefab
  artifactKey: Guid(44ee070a3ccb9cb48aec4b44fddeea1f) Importer(815301076,1909f56bfc062723c751e8b465ee728b)
Start importing Assets/CabinDecor/VNB - Office Set/Prefabs/Deco/deco.prefab using Guid(44ee070a3ccb9cb48aec4b44fddeea1f) Importer(815301076,1909f56bfc062723c751e8b465ee728b) (PreviewImporter) -> (artifact id: 'c1ad9e6de63b32b0a23f89d1da1c83ae') in 0.0162109 seconds
Number of updated asset objects reloaded before import = 0Number of asset objects unloaded after import = 10

========================================================================
Received Import Request.
  Time since last request: 0.000023 seconds.
  path: Assets/CabinDecor/VNB - Office Set/Prefabs/Deco/briefcaase.prefab
  artifactKey: Guid(7f74448ef4246e547921d8b2ddcb3006) Importer(815301076,1909f56bfc062723c751e8b465ee728b)
Start importing Assets/CabinDecor/VNB - Office Set/Prefabs/Deco/briefcaase.prefab using Guid(7f74448ef4246e547921d8b2ddcb3006) Importer(815301076,1909f56bfc062723c751e8b465ee728b) (PreviewImporter) -> (artifact id: '2c9b6b0baf14dd00a400c9f88026e264') in 0.0166035 seconds
Number of updated asset objects reloaded before import = 0Number of asset objects unloaded after import = 10

========================================================================
Received Import Request.
  Time since last request: 0.000021 seconds.
  path: Assets/CabinDecor/VNB - Office Set/Materials/board_doc_1.mat
  artifactKey: Guid(0c1ac2d62e3f8954fabb8380d3153714) Importer(2089858483,192608db42251d675da83286b1cce702)
Start importing Assets/CabinDecor/VNB - Office Set/Materials/board_doc_1.mat using Guid(0c1ac2d62e3f8954fabb8380d3153714) Importer(2089858483,192608db42251d675da83286b1cce702) (ScriptedImporter) -> (artifact id: '8a908bb43b17c3effae7315184b3d8aa') in 0.0156343 seconds
Number of updated asset objects reloaded before import = 0Number of asset objects unloaded after import = 2

========================================================================
Received Import Request.
  Time since last request: 0.000024 seconds.
  path: Assets/CabinDecor/VNB - Office Set/Materials/palette_2.mat
  artifactKey: Guid(7aa368f610f52bd46b88debe525b88ba) Importer(2089858483,192608db42251d675da83286b1cce702)
Start importing Assets/CabinDecor/VNB - Office Set/Materials/palette_2.mat using Guid(7aa368f610f52bd46b88debe525b88ba) Importer(2089858483,192608db42251d675da83286b1cce702) (ScriptedImporter) -> (artifact id: '9e8e6d27aae330fb179a16f74d097f3c') in 0.013541 seconds
Number of updated asset objects reloaded before import = 0Number of asset objects unloaded after import = 2

========================================================================
Received Import Request.
  Time since last request: 0.000024 seconds.
  path: Assets/CabinDecor/VNB - Office Set/Materials/paintings_4.mat
  artifactKey: Guid(cb0abfc3cd89025468e7b5343468975a) Importer(2089858483,192608db42251d675da83286b1cce702)
Start importing Assets/CabinDecor/VNB - Office Set/Materials/paintings_4.mat using Guid(cb0abfc3cd89025468e7b5343468975a) Importer(2089858483,192608db42251d675da83286b1cce702) (ScriptedImporter) -> (artifact id: '2aba9ff0fae47306eddfc90a0acf6f95') in 0.0134222 seconds
Number of updated asset objects reloaded before import = 0Number of asset objects unloaded after import = 2

========================================================================
Received Import Request.
  Time since last request: 0.000024 seconds.
  path: Assets/CabinDecor/VNB - Office Set/Materials/board_doc_3.mat
  artifactKey: Guid(650ef577b39680645b3e79c272c840b2) Importer(2089858483,192608db42251d675da83286b1cce702)
Start importing Assets/CabinDecor/VNB - Office Set/Materials/board_doc_3.mat using Guid(650ef577b39680645b3e79c272c840b2) Importer(2089858483,192608db42251d675da83286b1cce702) (ScriptedImporter) -> (artifact id: '23ac582da715b925ffced023418c1de9') in 0.0155087 seconds
Number of updated asset objects reloaded before import = 0Number of asset objects unloaded after import = 2

========================================================================
Received Import Request.
  Time since last request: 0.000022 seconds.
  path: Assets/CabinDecor/VNB - Office Set/Prefabs/Deco/rug_a.prefab
  artifactKey: Guid(5efae71b946e33d45887f7768a802da5) Importer(815301076,1909f56bfc062723c751e8b465ee728b)
Start importing Assets/CabinDecor/VNB - Office Set/Prefabs/Deco/rug_a.prefab using Guid(5efae71b946e33d45887f7768a802da5) Importer(815301076,1909f56bfc062723c751e8b465ee728b) (PreviewImporter) -> (artifact id: '54644b77f42a667b7b3a5bf05edf4112') in 0.012665 seconds
Number of updated asset objects reloaded before import = 0Number of asset objects unloaded after import = 9

========================================================================
Received Import Request.
  Time since last request: 0.000017 seconds.
  path: Assets/CabinDecor/VNB - Office Set/Prefabs/Deco/whiteboard_eraser.prefab
  artifactKey: Guid(3962d8b94c80dae44b13e7d28b2e60df) Importer(815301076,1909f56bfc062723c751e8b465ee728b)
Start importing Assets/CabinDecor/VNB - Office Set/Prefabs/Deco/whiteboard_eraser.prefab using Guid(3962d8b94c80dae44b13e7d28b2e60df) Importer(815301076,1909f56bfc062723c751e8b465ee728b) (PreviewImporter) -> (artifact id: '17ca29725e05cbd0b4931a5b7498fe28') in 0.0133917 seconds
Number of updated asset objects reloaded before import = 0Number of asset objects unloaded after import = 10

========================================================================
Received Import Request.
  Time since last request: 39.454443 seconds.
  path: Assets/CabinDecor/VNB - Office Set/Prefabs/Food/cheese_slice.prefab
  artifactKey: Guid(badf43c03faeecc44b1d60198000318e) Importer(815301076,1909f56bfc062723c751e8b465ee728b)
Start importing Assets/CabinDecor/VNB - Office Set/Prefabs/Food/cheese_slice.prefab using Guid(badf43c03faeecc44b1d60198000318e) Importer(815301076,1909f56bfc062723c751e8b465ee728b) (PreviewImporter) -> (artifact id: 'd8fe2c128047b39e108552ce751827ae') in 0.0143973 seconds
Number of updated asset objects reloaded before import = 0Number of asset objects unloaded after import = 9

========================================================================
Received Import Request.
  Time since last request: 0.000019 seconds.
  path: Assets/CabinDecor/VNB - Office Set/Prefabs/Food/coffee_cup_f.prefab
  artifactKey: Guid(f814b122f2e1c274389d5096984dbd52) Importer(815301076,1909f56bfc062723c751e8b465ee728b)
Start importing Assets/CabinDecor/VNB - Office Set/Prefabs/Food/coffee_cup_f.prefab using Guid(f814b122f2e1c274389d5096984dbd52) Importer(815301076,1909f56bfc062723c751e8b465ee728b) (PreviewImporter) -> (artifact id: 'fa860cbeb7e667f0e7a48f40db4ad1e7') in 0.0153178 seconds
Number of updated asset objects reloaded before import = 0Number of asset objects unloaded after import = 9

========================================================================
Received Import Request.
  Time since last request: 0.000015 seconds.
  path: Assets/CabinDecor/VNB - Office Set/Prefabs/Food/cup_filled.prefab
  artifactKey: Guid(9ee8253bd55f4114ea5a99f7ecb93391) Importer(815301076,1909f56bfc062723c751e8b465ee728b)
Start importing Assets/CabinDecor/VNB - Office Set/Prefabs/Food/cup_filled.prefab using Guid(9ee8253bd55f4114ea5a99f7ecb93391) Importer(815301076,1909f56bfc062723c751e8b465ee728b) (PreviewImporter) -> (artifact id: 'a80e167b4e192d629b8e50c43800f81d') in 0.0137522 seconds
Number of updated asset objects reloaded before import = 0Number of asset objects unloaded after import = 9

========================================================================
Received Import Request.
  Time since last request: 0.000017 seconds.
  path: Assets/CabinDecor/VNB - Office Set/Prefabs/Food/orange.prefab
  artifactKey: Guid(79884a52100934b49a2b2ff96cbbaf7b) Importer(815301076,1909f56bfc062723c751e8b465ee728b)
Start importing Assets/CabinDecor/VNB - Office Set/Prefabs/Food/orange.prefab using Guid(79884a52100934b49a2b2ff96cbbaf7b) Importer(815301076,1909f56bfc062723c751e8b465ee728b) (PreviewImporter) -> (artifact id: '74fb87f352ed89849917aaf3e82854de') in 0.0129407 seconds
Number of updated asset objects reloaded before import = 0Number of asset objects unloaded after import = 10

========================================================================
Received Import Request.
  Time since last request: 0.370239 seconds.
  path: Assets/CabinDecor/VNB - Office Set/Prefabs/Office/book_folder_2.prefab
  artifactKey: Guid(60ff1471ae2c62a4a92ddb40065ad48b) Importer(815301076,1909f56bfc062723c751e8b465ee728b)
Start importing Assets/CabinDecor/VNB - Office Set/Prefabs/Office/book_folder_2.prefab using Guid(60ff1471ae2c62a4a92ddb40065ad48b) Importer(815301076,1909f56bfc062723c751e8b465ee728b) (PreviewImporter) -> (artifact id: 'a94eabc13627662c5da5c68dc1a2188a') in 0.0136278 seconds
Number of updated asset objects reloaded before import = 0Number of asset objects unloaded after import = 10

========================================================================
Received Import Request.
  Time since last request: 0.000017 seconds.
  path: Assets/CabinDecor/VNB - Office Set/Prefabs/Office/desk_2_alternative.prefab
  artifactKey: Guid(cabb045b714a92b428390b58d765d79c) Importer(815301076,1909f56bfc062723c751e8b465ee728b)
Start importing Assets/CabinDecor/VNB - Office Set/Prefabs/Office/desk_2_alternative.prefab using Guid(cabb045b714a92b428390b58d765d79c) Importer(815301076,1909f56bfc062723c751e8b465ee728b) (PreviewImporter) -> (artifact id: '9772f5365ad313a08b0bfc7dbb449f38') in 0.0158432 seconds
Number of updated asset objects reloaded before import = 0Number of asset objects unloaded after import = 58

========================================================================
Received Import Request.
  Time since last request: 0.000020 seconds.
  path: Assets/CabinDecor/VNB - Office Set/Prefabs/Office/computer_old_2.prefab
  artifactKey: Guid(670f20a4f35fcb249b1a44693addaa66) Importer(815301076,1909f56bfc062723c751e8b465ee728b)
Start importing Assets/CabinDecor/VNB - Office Set/Prefabs/Office/computer_old_2.prefab using Guid(670f20a4f35fcb249b1a44693addaa66) Importer(815301076,1909f56bfc062723c751e8b465ee728b) (PreviewImporter) -> (artifact id: 'cb85a6183709dda03a8f50851813765e') in 0.0155704 seconds
Number of updated asset objects reloaded before import = 0Number of asset objects unloaded after import = 61

========================================================================
Received Import Request.
  Time since last request: 0.000024 seconds.
  path: Assets/CabinDecor/VNB - Office Set/Prefabs/Office/standard_office_chair_1.prefab
  artifactKey: Guid(615251885f1a6ab458e28dd5d6c6da64) Importer(815301076,1909f56bfc062723c751e8b465ee728b)
Start importing Assets/CabinDecor/VNB - Office Set/Prefabs/Office/standard_office_chair_1.prefab using Guid(615251885f1a6ab458e28dd5d6c6da64) Importer(815301076,1909f56bfc062723c751e8b465ee728b) (PreviewImporter) -> (artifact id: '349bfb753b7efb2e10367d71ae59b8fa') in 0.0144566 seconds
Number of updated asset objects reloaded before import = 0Number of asset objects unloaded after import = 46

========================================================================
Received Import Request.
  Time since last request: 0.000016 seconds.
  path: Assets/CabinDecor/VNB - Office Set/Prefabs/Office/new_mouse.prefab
  artifactKey: Guid(d3c21da7f014ddf4cac46e46f889b009) Importer(815301076,1909f56bfc062723c751e8b465ee728b)
Start importing Assets/CabinDecor/VNB - Office Set/Prefabs/Office/new_mouse.prefab using Guid(d3c21da7f014ddf4cac46e46f889b009) Importer(815301076,1909f56bfc062723c751e8b465ee728b) (PreviewImporter) -> (artifact id: 'fe6622dbd4e50f3fea60d58cd6c77b63') in 0.0139169 seconds
Number of updated asset objects reloaded before import = 0Number of asset objects unloaded after import = 10

========================================================================
Received Import Request.
  Time since last request: 0.000015 seconds.
  path: Assets/CabinDecor/VNB - Office Set/Prefabs/Office/desk_4_alternative_modern_2_people.prefab
  artifactKey: Guid(c4bf1b0306a7f8b4494f23e64110f080) Importer(815301076,1909f56bfc062723c751e8b465ee728b)
Start importing Assets/CabinDecor/VNB - Office Set/Prefabs/Office/desk_4_alternative_modern_2_people.prefab using Guid(c4bf1b0306a7f8b4494f23e64110f080) Importer(815301076,1909f56bfc062723c751e8b465ee728b) (PreviewImporter) -> (artifact id: 'dd2d8e24dd64b55c165b2df8c43e3730') in 0.0141977 seconds
Number of updated asset objects reloaded before import = 0Number of asset objects unloaded after import = 58

========================================================================
Received Import Request.
  Time since last request: 0.000016 seconds.
  path: Assets/CabinDecor/VNB - Office Set/Prefabs/Office/fan_1.prefab
  artifactKey: Guid(450d9563d518cbc4ea0c40995d0c09da) Importer(815301076,1909f56bfc062723c751e8b465ee728b)
Start importing Assets/CabinDecor/VNB - Office Set/Prefabs/Office/fan_1.prefab using Guid(450d9563d518cbc4ea0c40995d0c09da) Importer(815301076,1909f56bfc062723c751e8b465ee728b) (PreviewImporter) -> (artifact id: '030aac91b98231929896e183fc08582d') in 0.0124712 seconds
Number of updated asset objects reloaded before import = 0Number of asset objects unloaded after import = 16

========================================================================
Received Import Request.
  Time since last request: 0.000017 seconds.
  path: Assets/CabinDecor/VNB - Office Set/Prefabs/Office/desk_3_modern.prefab
  artifactKey: Guid(46b951c178938ff469e5550fbc61efa0) Importer(815301076,1909f56bfc062723c751e8b465ee728b)
Start importing Assets/CabinDecor/VNB - Office Set/Prefabs/Office/desk_3_modern.prefab using Guid(46b951c178938ff469e5550fbc61efa0) Importer(815301076,1909f56bfc062723c751e8b465ee728b) (PreviewImporter) -> (artifact id: '8c836bc60c5dbe7c5ac04a5ac0b97a7b') in 0.0122001 seconds
Number of updated asset objects reloaded before import = 0Number of asset objects unloaded after import = 47

========================================================================
Received Import Request.
  Time since last request: 0.000020 seconds.
  path: Assets/CabinDecor/VNB - Office Set/Prefabs/Office/pile_of_paper_custom.prefab
  artifactKey: Guid(8175144d77bc3f4449fec41cd271fe5d) Importer(815301076,1909f56bfc062723c751e8b465ee728b)
Start importing Assets/CabinDecor/VNB - Office Set/Prefabs/Office/pile_of_paper_custom.prefab using Guid(8175144d77bc3f4449fec41cd271fe5d) Importer(815301076,1909f56bfc062723c751e8b465ee728b) (PreviewImporter) -> (artifact id: '121faf272e32c689c6a99ca5ffd7c76d') in 0.0143976 seconds
Number of updated asset objects reloaded before import = 0Number of asset objects unloaded after import = 25

========================================================================
Received Import Request.
  Time since last request: 0.000046 seconds.
  path: Assets/CabinDecor/VNB - Office Set/Prefabs/Office/desk_1.prefab
  artifactKey: Guid(a640dae6100b53b4ca9bb92c46773972) Importer(815301076,1909f56bfc062723c751e8b465ee728b)
Start importing Assets/CabinDecor/VNB - Office Set/Prefabs/Office/desk_1.prefab using Guid(a640dae6100b53b4ca9bb92c46773972) Importer(815301076,1909f56bfc062723c751e8b465ee728b) (PreviewImporter) -> (artifact id: '5ef92c0c54405c112e013e12e1d6333c') in 0.0142283 seconds
Number of updated asset objects reloaded before import = 0Number of asset objects unloaded after import = 21

========================================================================
Received Import Request.
  Time since last request: 0.000016 seconds.
  path: Assets/CabinDecor/VNB - Office Set/Prefabs/Office/pile_of_paper_small.prefab
  artifactKey: Guid(8e84ca73543071240ba2039c509d539c) Importer(815301076,1909f56bfc062723c751e8b465ee728b)
Start importing Assets/CabinDecor/VNB - Office Set/Prefabs/Office/pile_of_paper_small.prefab using Guid(8e84ca73543071240ba2039c509d539c) Importer(815301076,1909f56bfc062723c751e8b465ee728b) (PreviewImporter) -> (artifact id: 'cb0edd803e928125b97474379d3be734') in 0.014495 seconds
Number of updated asset objects reloaded before import = 0Number of asset objects unloaded after import = 10

========================================================================
Received Import Request.
  Time since last request: 0.000016 seconds.
  path: Assets/CabinDecor/VNB - Office Set/Prefabs/Office/pencil_w_eraser.prefab
  artifactKey: Guid(377634daf5bc4e24cb3f07c32527ab91) Importer(815301076,1909f56bfc062723c751e8b465ee728b)
Start importing Assets/CabinDecor/VNB - Office Set/Prefabs/Office/pencil_w_eraser.prefab using Guid(377634daf5bc4e24cb3f07c32527ab91) Importer(815301076,1909f56bfc062723c751e8b465ee728b) (PreviewImporter) -> (artifact id: 'c4cc92a456f7c2a049576d9473d6ecbf') in 0.0148793 seconds
Number of updated asset objects reloaded before import = 0Number of asset objects unloaded after import = 10

========================================================================
Received Import Request.
  Time since last request: 0.000015 seconds.
  path: Assets/CabinDecor/VNB - Office Set/Prefabs/Office/computer_old.prefab
  artifactKey: Guid(e6bec74b3d2659c45a9a9b0688e38c75) Importer(815301076,1909f56bfc062723c751e8b465ee728b)
Start importing Assets/CabinDecor/VNB - Office Set/Prefabs/Office/computer_old.prefab using Guid(e6bec74b3d2659c45a9a9b0688e38c75) Importer(815301076,1909f56bfc062723c751e8b465ee728b) (PreviewImporter) -> (artifact id: '102ad65a63c74d8740b7953c1b2dcb01') in 0.0139757 seconds
Number of updated asset objects reloaded before import = 0Number of asset objects unloaded after import = 48

========================================================================
Received Import Request.
  Time since last request: 0.000018 seconds.
  path: Assets/CabinDecor/VNB - Office Set/Prefabs/Office/simple_desk.prefab
  artifactKey: Guid(db25d2b389bb0f8478e7e515c8f76426) Importer(815301076,1909f56bfc062723c751e8b465ee728b)
Start importing Assets/CabinDecor/VNB - Office Set/Prefabs/Office/simple_desk.prefab using Guid(db25d2b389bb0f8478e7e515c8f76426) Importer(815301076,1909f56bfc062723c751e8b465ee728b) (PreviewImporter) -> (artifact id: '80b9ff9378d73342d34c42b5c23810c3') in 0.0135207 seconds
Number of updated asset objects reloaded before import = 0Number of asset objects unloaded after import = 21

========================================================================
Received Import Request.
  Time since last request: 0.000022 seconds.
  path: Assets/CabinDecor/VNB - Office Set/Prefabs/Office/office_chair.prefab
  artifactKey: Guid(eac496dabf87c6e4098dd8cfa5f37ccc) Importer(815301076,1909f56bfc062723c751e8b465ee728b)
Start importing Assets/CabinDecor/VNB - Office Set/Prefabs/Office/office_chair.prefab using Guid(eac496dabf87c6e4098dd8cfa5f37ccc) Importer(815301076,1909f56bfc062723c751e8b465ee728b) (PreviewImporter) -> (artifact id: '22b6f659acbbba82f4e1bbb0350a71e5') in 0.0127218 seconds
Number of updated asset objects reloaded before import = 0Number of asset objects unloaded after import = 46

========================================================================
Received Import Request.
  Time since last request: 42.939489 seconds.
  path: Assets/CabinDecor/VNB - Office Set/Prefabs/Building/door_b.prefab
  artifactKey: Guid(c8aa3af8e883c6e4dbaf78236b90a9d2) Importer(815301076,1909f56bfc062723c751e8b465ee728b)
Start importing Assets/CabinDecor/VNB - Office Set/Prefabs/Building/door_b.prefab using Guid(c8aa3af8e883c6e4dbaf78236b90a9d2) Importer(815301076,1909f56bfc062723c751e8b465ee728b) (PreviewImporter) -> (artifact id: 'a5e267d1d6a65cae5f45cd372ae3c862') in 0.0147572 seconds
Number of updated asset objects reloaded before import = 0Number of asset objects unloaded after import = 37

========================================================================
Received Import Request.
  Time since last request: 0.000027 seconds.
  path: Assets/CabinDecor/VNB - Office Set/Prefabs/Building/wall_standard_s-deco_wood.prefab
  artifactKey: Guid(f984636a8914ae543bcf09ca3510c481) Importer(815301076,1909f56bfc062723c751e8b465ee728b)
Start importing Assets/CabinDecor/VNB - Office Set/Prefabs/Building/wall_standard_s-deco_wood.prefab using Guid(f984636a8914ae543bcf09ca3510c481) Importer(815301076,1909f56bfc062723c751e8b465ee728b) (PreviewImporter) -> (artifact id: 'f0d29a95ebcd543c8fa7249dbe41b594') in 0.0147383 seconds
Number of updated asset objects reloaded before import = 0Number of asset objects unloaded after import = 10

========================================================================
Received Import Request.
  Time since last request: 0.000028 seconds.
  path: Assets/CabinDecor/VNB - Office Set/Prefabs/Building/wall_standard_s-deco.prefab
  artifactKey: Guid(acbfeb26b5847054790bad6266d4ecd6) Importer(815301076,1909f56bfc062723c751e8b465ee728b)
Start importing Assets/CabinDecor/VNB - Office Set/Prefabs/Building/wall_standard_s-deco.prefab using Guid(acbfeb26b5847054790bad6266d4ecd6) Importer(815301076,1909f56bfc062723c751e8b465ee728b) (PreviewImporter) -> (artifact id: '1b5e9b0adc0cfbb78600b6f0753f4f41') in 0.0137223 seconds
Number of updated asset objects reloaded before import = 0Number of asset objects unloaded after import = 10

========================================================================
Received Import Request.
  Time since last request: 0.000015 seconds.
  path: Assets/CabinDecor/VNB - Office Set/Prefabs/Building/wall_standard_wood_alt_1.prefab
  artifactKey: Guid(e6ff8465ccfc4d446ac079e04acf109a) Importer(815301076,1909f56bfc062723c751e8b465ee728b)
Start importing Assets/CabinDecor/VNB - Office Set/Prefabs/Building/wall_standard_wood_alt_1.prefab using Guid(e6ff8465ccfc4d446ac079e04acf109a) Importer(815301076,1909f56bfc062723c751e8b465ee728b) (PreviewImporter) -> (artifact id: '3b905711a121c4100c779a132503a548') in 0.0138688 seconds
Number of updated asset objects reloaded before import = 0Number of asset objects unloaded after import = 11

========================================================================
Received Import Request.
  Time since last request: 3.680295 seconds.
  path: Assets/CabinDecor/VNB - Office Set/Prefabs/Furniture/coffee_table.prefab
  artifactKey: Guid(2b9316c92bd90bc4dba7fd67e6afec09) Importer(815301076,1909f56bfc062723c751e8b465ee728b)
Start importing Assets/CabinDecor/VNB - Office Set/Prefabs/Furniture/coffee_table.prefab using Guid(2b9316c92bd90bc4dba7fd67e6afec09) Importer(815301076,1909f56bfc062723c751e8b465ee728b) (PreviewImporter) -> (artifact id: 'ae1d9a17356b61c33ce699c447836937') in 0.015569 seconds
Number of updated asset objects reloaded before import = 0Number of asset objects unloaded after import = 10

========================================================================
Received Import Request.
  Time since last request: 0.000016 seconds.
  path: Assets/CabinDecor/VNB - Office Set/Prefabs/Furniture/counter_b_3.prefab
  artifactKey: Guid(892c94c275073c4438c25b37549a5fae) Importer(815301076,1909f56bfc062723c751e8b465ee728b)
Start importing Assets/CabinDecor/VNB - Office Set/Prefabs/Furniture/counter_b_3.prefab using Guid(892c94c275073c4438c25b37549a5fae) Importer(815301076,1909f56bfc062723c751e8b465ee728b) (PreviewImporter) -> (artifact id: '74e6f0cae9bd0f444d8fc480fb002d02') in 0.0144926 seconds
Number of updated asset objects reloaded before import = 0Number of asset objects unloaded after import = 21

========================================================================
Received Import Request.
  Time since last request: 0.000019 seconds.
  path: Assets/CabinDecor/VNB - Office Set/Prefabs/Furniture/file_cabinet_small.prefab
  artifactKey: Guid(c959caebf4e276b47ab5362e36335720) Importer(815301076,1909f56bfc062723c751e8b465ee728b)
Start importing Assets/CabinDecor/VNB - Office Set/Prefabs/Furniture/file_cabinet_small.prefab using Guid(c959caebf4e276b47ab5362e36335720) Importer(815301076,1909f56bfc062723c751e8b465ee728b) (PreviewImporter) -> (artifact id: '22c1c1d6cd84bf4b1d1b911ce2c5f59b') in 0.0135862 seconds
Number of updated asset objects reloaded before import = 0Number of asset objects unloaded after import = 32

========================================================================
Received Import Request.
  Time since last request: 0.000023 seconds.
  path: Assets/CabinDecor/VNB - Office Set/Prefabs/Furniture/stool_1.prefab
  artifactKey: Guid(478487cf6300fec47a11ab3d795be258) Importer(815301076,1909f56bfc062723c751e8b465ee728b)
Start importing Assets/CabinDecor/VNB - Office Set/Prefabs/Furniture/stool_1.prefab using Guid(478487cf6300fec47a11ab3d795be258) Importer(815301076,1909f56bfc062723c751e8b465ee728b) (PreviewImporter) -> (artifact id: '75d4b79cabed923a92cd0d3c34348593') in 0.0154001 seconds
Number of updated asset objects reloaded before import = 0Number of asset objects unloaded after import = 10

========================================================================
Received Import Request.
  Time since last request: 0.000024 seconds.
  path: Assets/CabinDecor/VNB - Office Set/Prefabs/Furniture/table_circular.prefab
  artifactKey: Guid(d5506b9f7289f2846a573b5d346d1f44) Importer(815301076,1909f56bfc062723c751e8b465ee728b)
Start importing Assets/CabinDecor/VNB - Office Set/Prefabs/Furniture/table_circular.prefab using Guid(d5506b9f7289f2846a573b5d346d1f44) Importer(815301076,1909f56bfc062723c751e8b465ee728b) (PreviewImporter) -> (artifact id: '89c1932b0d7008ca76b7be75435d93e7') in 0.0149828 seconds
Number of updated asset objects reloaded before import = 0Number of asset objects unloaded after import = 10

========================================================================
Received Import Request.
  Time since last request: 0.000017 seconds.
  path: Assets/CabinDecor/VNB - Office Set/Prefabs/Furniture/file_cabinet_medium.prefab
  artifactKey: Guid(1630afabe1cc030489542c43308060c8) Importer(815301076,1909f56bfc062723c751e8b465ee728b)
Start importing Assets/CabinDecor/VNB - Office Set/Prefabs/Furniture/file_cabinet_medium.prefab using Guid(1630afabe1cc030489542c43308060c8) Importer(815301076,1909f56bfc062723c751e8b465ee728b) (PreviewImporter) -> (artifact id: 'ecaa04ea18eafa6eb2cd94c836053b52') in 0.0141702 seconds
Number of updated asset objects reloaded before import = 0Number of asset objects unloaded after import = 26

========================================================================
Received Import Request.
  Time since last request: 0.000016 seconds.
  path: Assets/CabinDecor/VNB - Office Set/Prefabs/Furniture/shelf_simple.prefab
  artifactKey: Guid(6a3bae98aef97ab43bf76776001c9293) Importer(815301076,1909f56bfc062723c751e8b465ee728b)
Start importing Assets/CabinDecor/VNB - Office Set/Prefabs/Furniture/shelf_simple.prefab using Guid(6a3bae98aef97ab43bf76776001c9293) Importer(815301076,1909f56bfc062723c751e8b465ee728b) (PreviewImporter) -> (artifact id: '80a60ee841a175960767d0d986c159e3') in 0.0129766 seconds
Number of updated asset objects reloaded before import = 0Number of asset objects unloaded after import = 10

========================================================================
Received Import Request.
  Time since last request: 32.158004 seconds.
  path: Assets/Samples/XR Interaction Toolkit/3.2.2/Starter Assets/AffordanceThemes/PokeSphereColor.asset
  artifactKey: Guid(fc690d1505c48cb4696838b71abd2ca0) Importer(815301076,1909f56bfc062723c751e8b465ee728b)
Start importing Assets/Samples/XR Interaction Toolkit/3.2.2/Starter Assets/AffordanceThemes/PokeSphereColor.asset using Guid(fc690d1505c48cb4696838b71abd2ca0) Importer(815301076,1909f56bfc062723c751e8b465ee728b) (PreviewImporter) -> (artifact id: '4c723ee12c1c94b232b03ed35d021544') in 0.0021691 seconds
Number of updated asset objects reloaded before import = 0Number of asset objects unloaded after import = 1

========================================================================
Received Import Request.
  Time since last request: 0.000021 seconds.
  path: Assets/FurnishedCabin/Meshes/Sphere.fbx
  artifactKey: Guid(8c8ba908765f8584e9f2948b64581a1a) Importer(815301076,1909f56bfc062723c751e8b465ee728b)
Start importing Assets/FurnishedCabin/Meshes/Sphere.fbx using Guid(8c8ba908765f8584e9f2948b64581a1a) Importer(815301076,1909f56bfc062723c751e8b465ee728b) (PreviewImporter) -> (artifact id: 'ce3ff64c2760c5246eff5eef054e4c2c') in 0.1003941 seconds
Number of updated asset objects reloaded before import = 0Number of asset objects unloaded after import = 62

========================================================================
Received Import Request.
  Time since last request: 104.375360 seconds.
  path: Assets/Scenes/BedroomScenes
  artifactKey: Guid(26dd486cc2be5454fb2e2594acdb22ba) Importer(2089858483,192608db42251d675da83286b1cce702)
Start importing Assets/Scenes/BedroomScenes using Guid(26dd486cc2be5454fb2e2594acdb22ba) Importer(2089858483,192608db42251d675da83286b1cce702) (ScriptedImporter) -> (artifact id: 'e593d6c0188dc2f591009b47527aa62a') in 0.0114685 seconds
Number of updated asset objects reloaded before import = 0Number of asset objects unloaded after import = 1

========================================================================
Received Import Request.
  Time since last request: 0.000018 seconds.
  path: Assets/Scenes/BedroomScenes/BedroomScene1/ReflectionProbe-2.exr
  artifactKey: Guid(5a6d0e3b44be05d44a96a828265212f9) Importer(2089858483,192608db42251d675da83286b1cce702)
Start importing Assets/Scenes/BedroomScenes/BedroomScene1/ReflectionProbe-2.exr using Guid(5a6d0e3b44be05d44a96a828265212f9) Importer(2089858483,192608db42251d675da83286b1cce702) (ScriptedImporter)[Licensing::Client] Successfully resolved entitlement details
 -> (artifact id: '5a12a59c7e008c226b0bd4145e661957') in 0.0324181 seconds
Number of updated asset objects reloaded before import = 0Number of asset objects unloaded after import = 1

========================================================================
Received Import Request.
  Time since last request: 0.000027 seconds.
  path: Assets/Scenes/BedroomScenes/BedroomScene1/Lightmap-0_comp_dir.png
  artifactKey: Guid(e1360debde6ea534cb10e0f9d2bdfe82) Importer(2089858483,192608db42251d675da83286b1cce702)
Start importing Assets/Scenes/BedroomScenes/BedroomScene1/Lightmap-0_comp_dir.png using Guid(e1360debde6ea534cb10e0f9d2bdfe82) Importer(2089858483,192608db42251d675da83286b1cce702) (ScriptedImporter) -> (artifact id: '1fcedd54193f865cf34f3e7fd4fa43ac') in 0.0254743 seconds
Number of updated asset objects reloaded before import = 0Number of asset objects unloaded after import = 1

========================================================================
Received Import Request.
  Time since last request: 0.000019 seconds.
  path: Assets/Scenes/BedroomScenes/BedroomScene1/Lightmap-1_comp_dir.png
  artifactKey: Guid(404a87bdb7afe864b9197c6d3b969339) Importer(2089858483,192608db42251d675da83286b1cce702)
Start importing Assets/Scenes/BedroomScenes/BedroomScene1/Lightmap-1_comp_dir.png using Guid(404a87bdb7afe864b9197c6d3b969339) Importer(2089858483,192608db42251d675da83286b1cce702) (ScriptedImporter) -> (artifact id: '04732d8480a31234261367eb68e87800') in 0.0138901 seconds
Number of updated asset objects reloaded before import = 0Number of asset objects unloaded after import = 1

========================================================================
Received Import Request.
  Time since last request: 0.000032 seconds.
  path: Assets/Scenes/BedroomScenes/MiddleBedroom.unity
  artifactKey: Guid(67173570b067d2c4697fca74215351a9) Importer(2089858483,192608db42251d675da83286b1cce702)
Start importing Assets/Scenes/BedroomScenes/MiddleBedroom.unity using Guid(67173570b067d2c4697fca74215351a9) Importer(2089858483,192608db42251d675da83286b1cce702) (ScriptedImporter) -> (artifact id: 'ed49fcf44c30f4e86041208df28a6640') in 0.0115758 seconds
Number of updated asset objects reloaded before import = 0Number of asset objects unloaded after import = 1

========================================================================
Received Import Request.
  Time since last request: 0.000016 seconds.
  path: Assets/Scenes/BedroomScenes/BedroomScene1/ReflectionProbe-1.png
  artifactKey: Guid(bfe4d4b784d2bbd418524978a2bf9c0e) Importer(2089858483,192608db42251d675da83286b1cce702)
Start importing Assets/Scenes/BedroomScenes/BedroomScene1/ReflectionProbe-1.png using Guid(bfe4d4b784d2bbd418524978a2bf9c0e) Importer(2089858483,192608db42251d675da83286b1cce702) (ScriptedImporter) -> (artifact id: '79e01e0d17d3368f9d37091049af5499') in 0.0139756 seconds
Number of updated asset objects reloaded before import = 0Number of asset objects unloaded after import = 1

========================================================================
Received Import Request.
  Time since last request: 0.000017 seconds.
  path: Assets/Scenes/BedroomScenes/BedroomScene1/ReflectionProbe-0.png
  artifactKey: Guid(185996c47ea34b94f9a51320ef27d9a8) Importer(2089858483,192608db42251d675da83286b1cce702)
Start importing Assets/Scenes/BedroomScenes/BedroomScene1/ReflectionProbe-0.png using Guid(185996c47ea34b94f9a51320ef27d9a8) Importer(2089858483,192608db42251d675da83286b1cce702) (ScriptedImporter) -> (artifact id: 'aa8a674b1febb321c04aaf36f5e59125') in 0.0127766 seconds
Number of updated asset objects reloaded before import = 0Number of asset objects unloaded after import = 1

========================================================================
Received Import Request.
  Time since last request: 0.807572 seconds.
  path: Assets/Scenes/BedroomScenes/BedroomScene1/Lightmap-0_comp_dir.png
  artifactKey: Guid(e1360debde6ea534cb10e0f9d2bdfe82) Importer(815301076,1909f56bfc062723c751e8b465ee728b)
Start importing Assets/Scenes/BedroomScenes/BedroomScene1/Lightmap-0_comp_dir.png using Guid(e1360debde6ea534cb10e0f9d2bdfe82) Importer(815301076,1909f56bfc062723c751e8b465ee728b) (PreviewImporter) -> (artifact id: '29c1a787f002c306287ef029495532a2') in 0.0169902 seconds
Number of updated asset objects reloaded before import = 0Number of asset objects unloaded after import = 2

========================================================================
Received Import Request.
  Time since last request: 0.000017 seconds.
  path: Assets/Scenes/BedroomScenes/BedroomScene1/Lightmap-1_comp_dir.png
  artifactKey: Guid(404a87bdb7afe864b9197c6d3b969339) Importer(815301076,1909f56bfc062723c751e8b465ee728b)
Start importing Assets/Scenes/BedroomScenes/BedroomScene1/Lightmap-1_comp_dir.png using Guid(404a87bdb7afe864b9197c6d3b969339) Importer(815301076,1909f56bfc062723c751e8b465ee728b) (PreviewImporter) -> (artifact id: 'f8e968e7ff2dda65bb1b0d29442094de') in 0.0114312 seconds
Number of updated asset objects reloaded before import = 0Number of asset objects unloaded after import = 2

========================================================================
Received Import Request.
  Time since last request: 0.000016 seconds.
  path: Assets/Scenes/BedroomScenes/BedroomScene1/ReflectionProbe-0.png
  artifactKey: Guid(185996c47ea34b94f9a51320ef27d9a8) Importer(815301076,1909f56bfc062723c751e8b465ee728b)
Start importing Assets/Scenes/BedroomScenes/BedroomScene1/ReflectionProbe-0.png using Guid(185996c47ea34b94f9a51320ef27d9a8) Importer(815301076,1909f56bfc062723c751e8b465ee728b) (PreviewImporter) -> (artifact id: 'ebb852ea57d71fd1f4372410a302971b') in 0.0221366 seconds
Number of updated asset objects reloaded before import = 0Number of asset objects unloaded after import = 1

========================================================================
Received Import Request.
  Time since last request: 0.000028 seconds.
  path: Assets/Scenes/BedroomScenes/BedroomScene1/Lightmap-1_comp_light.exr
  artifactKey: Guid(0a09ba7ffdf9b644c9941777a7e07b2d) Importer(815301076,1909f56bfc062723c751e8b465ee728b)
Start importing Assets/Scenes/BedroomScenes/BedroomScene1/Lightmap-1_comp_light.exr using Guid(0a09ba7ffdf9b644c9941777a7e07b2d) Importer(815301076,1909f56bfc062723c751e8b465ee728b) (PreviewImporter) -> (artifact id: 'edc607b22f43b8ebcd25feea3735b74c') in 0.0177544 seconds
Number of updated asset objects reloaded before import = 0Number of asset objects unloaded after import = 2

Editor requested this worker to shutdown with reason: Scaling down because of idle timeout
AssetImportWorker is now disconnected from the server
Process exiting
Exiting without the bug reporter. Application will terminate with return code 0