[Licensing::Module] Trying to connect to existing licensing client channel...
Built from '6000.2/staging' branch; Version is '6000.2.13f1 (abdb44fca7f7) revision 11262788'; Using compiler version '194234433'; Build Type 'Release'
OS: 'Windows 10  (10.0.19045) 64bit Core' Language: 'en' Physical Memory: 31860 MB
[Licensing::IpcConnector] Successfully connected to: "LicenseClient-Raptor" at "2025-12-04T22:40:44.40808Z"
BatchMode: 1, IsHumanControllingUs: 0, StartBugReporterOnCrash: 0, Is64bit: 1
Date: 2025-12-04T22:40:44Z

COMMAND LINE ARGUMENTS:
C:\Program Files\Unity\Hub\Editor\6000.2.13f1\Editor\Unity.exe
-adb2
-batchMode
-noUpm
-name
AssetImportWorker16
-projectPath
C:/GIT_Projects/prj1/FastFood
-logFile
Logs/AssetImportWorker16.log
-srvPort
64782
-licensingIpc
LicenseClient-Raptor
-job-worker-count
7
-background-job-worker-count
8
-gc-helper-count
1
-name
AssetImport
Successfully changed project path to: C:/GIT_Projects/prj1/FastFood
C:/GIT_Projects/prj1/FastFood
[UnityMemory] Configuration Parameters - Can be set up in boot.config
    "memorysetup-allocator-temp-initial-block-size-main=262144"
    "memorysetup-allocator-temp-initial-block-size-worker=262144"
    "memorysetup-bucket-allocator-granularity=16"
    "memorysetup-bucket-allocator-bucket-count=8"
    "memorysetup-bucket-allocator-block-size=33554432"
    "memorysetup-bucket-allocator-block-count=8"
    "memorysetup-main-allocator-block-size=16777216"
    "memorysetup-thread-allocator-block-size=16777216"
    "memorysetup-gfx-main-allocator-block-size=16777216"
    "memorysetup-gfx-thread-allocator-block-size=16777216"
    "memorysetup-cache-allocator-block-size=4194304"
    "memorysetup-typetree-allocator-block-size=2097152"
    "memorysetup-profiler-bucket-allocator-granularity=16"
    "memorysetup-profiler-bucket-allocator-bucket-count=8"
    "memorysetup-profiler-bucket-allocator-block-size=33554432"
    "memorysetup-profiler-bucket-allocator-block-count=8"
    "memorysetup-profiler-allocator-block-size=16777216"
    "memorysetup-profiler-editor-allocator-block-size=1048576"
    "memorysetup-temp-allocator-size-main=16777216"
    "memorysetup-job-temp-allocator-block-size=2097152"
    "memorysetup-job-temp-allocator-block-size-background=1048576"
    "memorysetup-job-temp-allocator-reduction-small-platforms=262144"
    "memorysetup-temp-allocator-size-background-worker=32768"
    "memorysetup-temp-allocator-size-job-worker=262144"
    "memorysetup-temp-allocator-size-preload-manager=33554432"
    "memorysetup-temp-allocator-size-nav-mesh-worker=65536"
    "memorysetup-temp-allocator-size-audio-worker=65536"
    "memorysetup-temp-allocator-size-cloud-worker=32768"
    "memorysetup-temp-allocator-size-gi-baking-worker=262144"
    "memorysetup-temp-allocator-size-gi-baking-worker=262144"
    "memorysetup-temp-allocator-size-gi-baking-worker=262144"
    "memorysetup-temp-allocator-size-gi-baking-worker=262144"
    "memorysetup-temp-allocator-size-gi-baking-worker=262144"
    "memorysetup-temp-allocator-size-gfx=262144"
Player connection [29396]  Target information:

Player connection [29396]  * "[IP] 192.168.10.94 [Port] 0 [Flags] 2 [Guid] 1379352208 [EditorId] 1379352208 [Version] 1048832 [Id] WindowsEditor(7,DESKTOP-N6LDBOS) [Debug] 1 [PackageName] WindowsEditor [ProjectName] Editor" 

Player connection [29396] Host joined multi-casting on [225.0.0.222:54997]...
Player connection [29396] Host joined alternative multi-casting on [225.0.0.222:34997]...
JobSystem: Creating JobQueue using job-worker-count value 7
Input System module state changed to: Initialized.
[Physics::Module] Initialized fallback backend.
[Physics::Module] Id: 0xdecafbad
Library Redirect Path: Library/
[Physics::Module] Selected backend.
[Physics::Module] Name: PhysX
[Physics::Module] Id: 0xf2b8ea05
[Physics::Module] SDK Version: 4.1.2
[Physics::Module] Integration Version: 1.0.0
[Physics::Module] Threading Mode: Multi-Threaded
Refreshing native plugins compatible for Editor in 16.78 ms, found 14 plugins.
Preloading 1 native plugins for Editor in 0.69 ms.
Initialize engine version: 6000.2.13f1 (abdb44fca7f7)
[Subsystems] Discovering subsystems at path C:/Program Files/Unity/Hub/Editor/6000.2.13f1/Editor/Data/Resources/UnitySubsystems
[Subsystems] Discovering subsystems at path C:/GIT_Projects/prj1/FastFood/Assets
GfxDevice: creating device client; kGfxThreadingModeNonThreaded
Direct3D:
    Version:  Direct3D 11.0 [level 11.1]
    Renderer: NVIDIA GeForce RTX 5070 (ID=0x2f04)
    Vendor:   NVIDIA
    VRAM:     11854 MB
    Driver:   32.0.15.8129
Initialize mono
Mono path[0] = 'C:/Program Files/Unity/Hub/Editor/6000.2.13f1/Editor/Data/Managed'
Mono path[1] = 'C:/Program Files/Unity/Hub/Editor/6000.2.13f1/Editor/Data/MonoBleedingEdge/lib/mono/unityjit-win32'
Mono config path = 'C:/Program Files/Unity/Hub/Editor/6000.2.13f1/Editor/Data/MonoBleedingEdge/etc'
Using monoOptions --debugger-agent=transport=dt_socket,embedding=1,server=y,suspend=n,address=127.0.0.1:56964
Begin MonoManager ReloadAssembly
Registering precompiled unity dll's ...
Register platform support module: C:/Program Files/Unity/Hub/Editor/6000.2.13f1/Editor/Data/PlaybackEngines/WindowsStandaloneSupport/UnityEditor.WindowsStandalone.Extensions.dll
[Licensing::Module] Licensing is not yet initialized.
[Licensing::Client] Error: HandshakeResponse reported an error:
	ResponseCode: 505
	ResponseStatus: Unsupported protocol version '1.17.4'.
[Licensing::Module] Error: Failed to handshake to channel: "LicenseClient-Raptor"
[Licensing::IpcConnector] LicenseClient-Raptor channel disconnected successfully.
[Licensing::IpcConnector] Successfully connected to: "LicenseClient-Raptor-6000.2.13" at "2025-12-04T22:40:45.0354536Z"
[Licensing::Client] Handshaking with LicensingClient:
  Version:                 1.17.4+4293ba1
  Session Id:              037b7e671a7240f49ff3f34449cf1cc1
  Correlation Id:          8b443b1067030043d42fc3d4d67f1055
  External correlation Id: 5680533965242503317
  Machine Id:              /Gk3cS3RbuDCQMU5P993206Xbmc=
[Licensing::Module] Successfully connected to LicensingClient on channel: "LicenseClient-Raptor-6000.2.13" (connect: 0.00s, validation: 0.00s, handshake: 0.54s)
[Licensing::IpcConnector] Successfully connected to: "LicenseClient-Raptor-6000.2.13-notifications" at "2025-12-04T22:40:45.5735173Z"
[Licensing::Module] Licensing Background thread has ended after 1.17s
[Licensing::Module] Licensing is initialized (took 0.64s).
[Licensing::Client] Successfully resolved entitlement details
[Licensing::Module] License group:
  Id: 2475892980188-UnityPersXXXX
  Product: Unity Personal
  Type: Assigned
  Expiration: Unlimited
Register platform support module: C:/Program Files/Unity/Hub/Editor/6000.2.13f1/Editor/Data/PlaybackEngines/AndroidPlayer/UnityEditor.Android.Extensions.dll
Registered in 0.648391 seconds.
- Loaded All Assemblies, in  0.919 seconds
Native extension for Android target not found
Android Extension - Scanning For ADB Devices 221 ms
Native extension for WindowsStandalone target not found
Mono: successfully reloaded assembly
- Finished resetting the current domain, in  0.477 seconds
Domain Reload Profiling: 1394ms
	BeginReloadAssembly (96ms)
		ExecutionOrderSort (0ms)
		DisableScriptedObjects (0ms)
		BackupInstance (0ms)
		ReleaseScriptingObjects (0ms)
		CreateAndSetChildDomain (1ms)
	RebuildCommonClasses (26ms)
	RebuildNativeTypeToScriptingClass (8ms)
	initialDomainReloadingComplete (681ms)
	LoadAllAssembliesAndSetupDomain (107ms)
		LoadAssemblies (93ms)
		RebuildTransferFunctionScriptingTraits (0ms)
		AnalyzeDomain (104ms)
			TypeCache.Refresh (103ms)
				TypeCache.ScanAssembly (95ms)
			BuildScriptInfoCaches (0ms)
			ResolveRequiredComponents (0ms)
	FinalizeReload (478ms)
		ReleaseScriptCaches (0ms)
		RebuildScriptCaches (0ms)
		SetupLoadedEditorAssemblies (446ms)
			LogAssemblyErrors (0ms)
			InitializePlatformSupportModulesInManaged (302ms)
			SetLoadedEditorAssemblies (2ms)
			BeforeProcessingInitializeOnLoad (40ms)
			ProcessInitializeOnLoadAttributes (70ms)
			ProcessInitializeOnLoadMethodAttributes (31ms)
			AfterProcessingInitializeOnLoad (0ms)
			EditorAssembliesLoaded (0ms)
		ExecutionOrderSort2 (0ms)
		AwakeInstancesAfterBackupRestoration (0ms)
========================================================================
Worker process is ready to serve import requests
Import Worker Mode flag is 0x00
Begin MonoManager ReloadAssembly
[Licensing::Client] Successfully resolved entitlement details
- Loaded All Assemblies, in  0.529 seconds
Refreshing native plugins compatible for Editor in 6.40 ms, found 14 plugins.
Native extension for Android target not found
Native extension for WindowsStandalone target not found
Package Manager log level set to [2]
[Package Manager] Failed to launch server process. Reason: Unity was launched with the -noUpm command-line argument
[Package Manager] Unable to send message (not connected to server process).
[Package Manager] Cannot connect to Unity Package Manager local server
System.Reflection.TargetInvocationException: Exception has been thrown by the target of an invocation. ---> System.NullReferenceException: Object reference not set to an instance of an object
  at Unity.XR.Oculus.OculusLoader.AssetPathToAbsolutePath (System.String assetPath) [0x0003d] in .\Library\PackageCache\com.unity.xr.oculus@44578ba4bd45\Runtime\OculusLoader.cs:312 
  at Unity.XR.Oculus.OculusLoader.EditorLoadOVRPlugin () [0x0008c] in .\Library\PackageCache\com.unity.xr.oculus@44578ba4bd45\Runtime\OculusLoader.cs:297 
  at (wrapper managed-to-native) System.Reflection.RuntimeMethodInfo.InternalInvoke(System.Reflection.RuntimeMethodInfo,object,object[],System.Exception&)
  at System.Reflection.RuntimeMethodInfo.Invoke (System.Object obj, System.Reflection.BindingFlags invokeAttr, System.Reflection.Binder binder, System.Object[] parameters, System.Globalization.CultureInfo culture) [0x0006a] in <bed9669261d44da0a59448ecde2b1a5c>:0 
   --- End of inner exception stack trace ---
  at System.Reflection.RuntimeMethodInfo.Invoke (System.Object obj, System.Reflection.BindingFlags invokeAttr, System.Reflection.Binder binder, System.Object[] parameters, System.Globalization.CultureInfo culture) [0x00083] in <bed9669261d44da0a59448ecde2b1a5c>:0 
  at System.Reflection.MethodBase.Invoke (System.Object obj, System.Object[] parameters) [0x00000] in <bed9669261d44da0a59448ecde2b1a5c>:0 
  at UnityEditor.EditorAssemblies.ProcessInitializeOnLoadMethodAttributes () [0x00087] in <1a7e38f6fac74b0d95602c9f9166f28a>:0 
UnityEngine.Debug:ExtractStackTraceNoAlloc (byte*,int,string)
UnityEngine.StackTraceUtility:ExtractStackTrace ()
UnityEngine.DebugLogHandler:Internal_Log (UnityEngine.LogType,UnityEngine.LogOption,string,UnityEngine.Object)
UnityEngine.DebugLogHandler:LogFormat (UnityEngine.LogType,UnityEngine.Object,string,object[])
UnityEngine.Logger:Log (UnityEngine.LogType,object)
UnityEngine.Debug:LogError (object)
UnityEditor.EditorAssemblies:ProcessInitializeOnLoadMethodAttributes ()

Mono: successfully reloaded assembly
[Package Manager] Failed to launch server process. Reason: Unity was launched with the -noUpm command-line argument
[Package Manager] Unable to send message (not connected to server process).
[Package Manager] Cannot connect to Unity Package Manager local server
[Package Manager] Failed to launch server process. Reason: Unity was launched with the -noUpm command-line argument
[Package Manager] Unable to send message (not connected to server process).
[Package Manager] Cannot connect to Unity Package Manager local server
- Finished resetting the current domain, in  0.867 seconds
Domain Reload Profiling: 1388ms
	BeginReloadAssembly (112ms)
		ExecutionOrderSort (0ms)
		DisableScriptedObjects (3ms)
		BackupInstance (0ms)
		ReleaseScriptingObjects (0ms)
		CreateAndSetChildDomain (23ms)
	RebuildCommonClasses (21ms)
	RebuildNativeTypeToScriptingClass (7ms)
	initialDomainReloadingComplete (25ms)
	LoadAllAssembliesAndSetupDomain (357ms)
		LoadAssemblies (247ms)
		RebuildTransferFunctionScriptingTraits (0ms)
		AnalyzeDomain (170ms)
			TypeCache.Refresh (123ms)
				TypeCache.ScanAssembly (113ms)
			BuildScriptInfoCaches (36ms)
			ResolveRequiredComponents (8ms)
	FinalizeReload (867ms)
		ReleaseScriptCaches (0ms)
		RebuildScriptCaches (0ms)
		SetupLoadedEditorAssemblies (708ms)
			LogAssemblyErrors (0ms)
			InitializePlatformSupportModulesInManaged (5ms)
			SetLoadedEditorAssemblies (4ms)
			BeforeProcessingInitializeOnLoad (95ms)
			ProcessInitializeOnLoadAttributes (526ms)
			ProcessInitializeOnLoadMethodAttributes (72ms)
			AfterProcessingInitializeOnLoad (4ms)
			EditorAssembliesLoaded (0ms)
		ExecutionOrderSort2 (0ms)
		AwakeInstancesAfterBackupRestoration (5ms)
WARNING: Shader Unsupported: 'Hidden/Simulation/URP/Synthetic' - All subshaders removed
WARNING: Shader Did you use #pragma only_renderers and omit this platform?
WARNING: Shader If subshaders removal was intentional, you may have forgotten turning Fallback off?
WARNING: Shader Unsupported: 'Hidden/Simulation/URP/Synthetic' - All subshaders removed
WARNING: Shader Did you use #pragma only_renderers and omit this platform?
WARNING: Shader If subshaders removal was intentional, you may have forgotten turning Fallback off?
WARNING: Shader Unsupported: 'Hidden/Simulation/Synthetic Lit' - All subshaders removed
WARNING: Shader Did you use #pragma only_renderers and omit this platform?
WARNING: Shader If subshaders removal was intentional, you may have forgotten turning Fallback off?
WARNING: Shader Unsupported: 'Hidden/Simulation/Synthetic Lit' - All subshaders removed
WARNING: Shader Did you use #pragma only_renderers and omit this platform?
WARNING: Shader If subshaders removal was intentional, you may have forgotten turning Fallback off?
WARNING: Shader Unsupported: 'Simulation/Standard Lit' - All subshaders removed
WARNING: Shader Did you use #pragma only_renderers and omit this platform?
WARNING: Shader If subshaders removal was intentional, you may have forgotten turning Fallback off?
WARNING: Shader Unsupported: 'Simulation/Standard Lit' - All subshaders removed
WARNING: Shader Did you use #pragma only_renderers and omit this platform?
WARNING: Shader If subshaders removal was intentional, you may have forgotten turning Fallback off?
WARNING: Shader Unsupported: 'Simulation/URP/Room X-Ray' - All subshaders removed
WARNING: Shader Did you use #pragma only_renderers and omit this platform?
WARNING: Shader If subshaders removal was intentional, you may have forgotten turning Fallback off?
WARNING: Shader Unsupported: 'Simulation/URP/Room X-Ray' - All subshaders removed
WARNING: Shader Did you use #pragma only_renderers and omit this platform?
WARNING: Shader If subshaders removal was intentional, you may have forgotten turning Fallback off?
WARNING: Shader Unsupported: 'Simulation/Room X-Ray' - All subshaders removed
WARNING: Shader Did you use #pragma only_renderers and omit this platform?
WARNING: Shader If subshaders removal was intentional, you may have forgotten turning Fallback off?
WARNING: Shader Unsupported: 'Simulation/Room X-Ray' - All subshaders removed
WARNING: Shader Did you use #pragma only_renderers and omit this platform?
WARNING: Shader If subshaders removal was intentional, you may have forgotten turning Fallback off?
WARNING: Shader Unsupported: 'Simulation/URP/Lit' - All subshaders removed
WARNING: Shader Did you use #pragma only_renderers and omit this platform?
WARNING: Shader If subshaders removal was intentional, you may have forgotten turning Fallback off?
WARNING: Shader Unsupported: 'Simulation/URP/Lit' - All subshaders removed
WARNING: Shader Did you use #pragma only_renderers and omit this platform?
WARNING: Shader If subshaders removal was intentional, you may have forgotten turning Fallback off?
Launched and connected shader compiler UnityShaderCompiler.exe after 0.01 seconds
Refreshing native plugins compatible for Editor in 8.78 ms, found 14 plugins.
Preloading 1 native plugins for Editor in 0.08 ms.
Unloading 19 Unused Serialized files (Serialized files now loaded: 0)
Unloading 8037 unused Assets / (8.9 MB). Loaded Objects now: 8803.
Memory consumption went from 154.4 MB to 145.6 MB.
Total: 15.285200 ms (FindLiveObjects: 0.643400 ms CreateObjectMapping: 0.265100 ms MarkObjects: 10.925700 ms  DeleteObjects: 3.449600 ms)

========================================================================
Received Import Request.
  Time since last request: 11119.359508 seconds.
  path: Assets/CabinDecor/kitchen props/models
  artifactKey: Guid(4874504f6d96500429ad837bdfe2281e) Importer(2089858483,192608db42251d675da83286b1cce702)
Start importing Assets/CabinDecor/kitchen props/models using Guid(4874504f6d96500429ad837bdfe2281e) Importer(2089858483,192608db42251d675da83286b1cce702) (ScriptedImporter) -> (artifact id: 'a3a5727ce25e200e7b51935bcebd7978') in 0.108522 seconds
Number of updated asset objects reloaded before import = 0Number of asset objects unloaded after import = 1

========================================================================
Received Import Request.
  Time since last request: 0.000016 seconds.
  path: Assets/CabinDecor/kitchen props/models/coloured-mugs.fbx
  artifactKey: Guid(bc8c29201cb724446a7429fabead425c) Importer(2089858483,192608db42251d675da83286b1cce702)
Start importing Assets/CabinDecor/kitchen props/models/coloured-mugs.fbx using Guid(bc8c29201cb724446a7429fabead425c) Importer(2089858483,192608db42251d675da83286b1cce702) (ScriptedImporter) -> (artifact id: '0bd880d68719c1629f500fe0c1535b5d') in 0.0844141 seconds
Number of updated asset objects reloaded before import = 0Number of asset objects unloaded after import = 24

========================================================================
Received Import Request.
  Time since last request: 0.000024 seconds.
  path: Assets/CabinDecor/kitchen props/materials/counter.mat
  artifactKey: Guid(cc562f63147f83443989c4ee021af5d5) Importer(2089858483,192608db42251d675da83286b1cce702)
Start importing Assets/CabinDecor/kitchen props/materials/counter.mat using Guid(cc562f63147f83443989c4ee021af5d5) Importer(2089858483,192608db42251d675da83286b1cce702) (ScriptedImporter) -> (artifact id: 'de1f4d98004e7c7bfe3aac3f4875d58d') in 0.0437489 seconds
Number of updated asset objects reloaded before import = 0Number of asset objects unloaded after import = 4

========================================================================
Received Import Request.
  Time since last request: 0.000016 seconds.
  path: Assets/CabinDecor/kitchen props/textures/china-plate_albedo.tga
  artifactKey: Guid(15c4173953b8d2c4dbf27b536ed08bd3) Importer(2089858483,192608db42251d675da83286b1cce702)
Start importing Assets/CabinDecor/kitchen props/textures/china-plate_albedo.tga using Guid(15c4173953b8d2c4dbf27b536ed08bd3) Importer(2089858483,192608db42251d675da83286b1cce702) (ScriptedImporter) -> (artifact id: '9a8eb063e8cd35c5daa973073a1d0c51') in 0.0288168 seconds
Number of updated asset objects reloaded before import = 0Number of asset objects unloaded after import = 1

========================================================================
Received Import Request.
  Time since last request: 0.000011 seconds.
  path: Assets/CabinDecor/kitchen props/textures/toaster_albedo2.tga
  artifactKey: Guid(96c6b84433c383d41a055b98a5ce2288) Importer(2089858483,192608db42251d675da83286b1cce702)
Start importing Assets/CabinDecor/kitchen props/textures/toaster_albedo2.tga using Guid(96c6b84433c383d41a055b98a5ce2288) Importer(2089858483,192608db42251d675da83286b1cce702) (ScriptedImporter) -> (artifact id: '745599a3e1e001f0147fd9d64a9e9dd2') in 0.0154942 seconds
Number of updated asset objects reloaded before import = 0Number of asset objects unloaded after import = 1

========================================================================
Received Import Request.
  Time since last request: 0.000010 seconds.
  path: Assets/CabinDecor/kitchen props/materials/knives.mat
  artifactKey: Guid(b27f687fc7f53a64d83610085bd6035b) Importer(2089858483,192608db42251d675da83286b1cce702)
Start importing Assets/CabinDecor/kitchen props/materials/knives.mat using Guid(b27f687fc7f53a64d83610085bd6035b) Importer(2089858483,192608db42251d675da83286b1cce702) (ScriptedImporter) -> (artifact id: '328ed5e655d69f9e44610018ee6bc017') in 0.0174852 seconds
Number of updated asset objects reloaded before import = 0Number of asset objects unloaded after import = 5

========================================================================
Received Import Request.
  Time since last request: 0.000017 seconds.
  path: Assets/CabinDecor/kitchen props/textures/mug-normal.tga
  artifactKey: Guid(db1216cfa141bc049b1ce44010d094b1) Importer(2089858483,192608db42251d675da83286b1cce702)
Start importing Assets/CabinDecor/kitchen props/textures/mug-normal.tga using Guid(db1216cfa141bc049b1ce44010d094b1) Importer(2089858483,192608db42251d675da83286b1cce702) (ScriptedImporter) -> (artifact id: 'e918ac1e52d802fc01c1062a3a216f0d') in 0.0171966 seconds
Number of updated asset objects reloaded before import = 0Number of asset objects unloaded after import = 1

========================================================================
Received Import Request.
  Time since last request: 0.000019 seconds.
  path: Assets/CabinDecor/kitchen props/textures/breakfast-bar_normal.tga
  artifactKey: Guid(caceb824322daf54b9c6888b8eb9de29) Importer(2089858483,192608db42251d675da83286b1cce702)
Start importing Assets/CabinDecor/kitchen props/textures/breakfast-bar_normal.tga using Guid(caceb824322daf54b9c6888b8eb9de29) Importer(2089858483,192608db42251d675da83286b1cce702) (ScriptedImporter) -> (artifact id: 'e73cbcd0fe98e59b5e7f3d2acbd34560') in 0.0155879 seconds
Number of updated asset objects reloaded before import = 0Number of asset objects unloaded after import = 1

========================================================================
Received Import Request.
  Time since last request: 0.000011 seconds.
  path: Assets/CabinDecor/kitchen props/textures/plates-albedo-dirty.tga
  artifactKey: Guid(d3427f1ee2064b846aec623841dba6dc) Importer(2089858483,192608db42251d675da83286b1cce702)
Start importing Assets/CabinDecor/kitchen props/textures/plates-albedo-dirty.tga using Guid(d3427f1ee2064b846aec623841dba6dc) Importer(2089858483,192608db42251d675da83286b1cce702) (ScriptedImporter) -> (artifact id: 'cf61804c8df0b8c681bfa65e28bdb1ce') in 0.0153915 seconds
Number of updated asset objects reloaded before import = 0Number of asset objects unloaded after import = 1

========================================================================
Received Import Request.
  Time since last request: 0.000016 seconds.
  path: Assets/CabinDecor/kitchen props/textures/mug_albedo.tga
  artifactKey: Guid(a9b20be183b460c429e825cd64baf74a) Importer(2089858483,192608db42251d675da83286b1cce702)
Start importing Assets/CabinDecor/kitchen props/textures/mug_albedo.tga using Guid(a9b20be183b460c429e825cd64baf74a) Importer(2089858483,192608db42251d675da83286b1cce702) (ScriptedImporter) -> (artifact id: '25deeee4bd7ec948272420844c07bb98') in 0.0134428 seconds
Number of updated asset objects reloaded before import = 0Number of asset objects unloaded after import = 1

========================================================================
Received Import Request.
  Time since last request: 0.000010 seconds.
  path: Assets/CabinDecor/kitchen props/textures/knives_metal.tga
  artifactKey: Guid(ed628e40ad4784c4ea4120a900d1d05b) Importer(2089858483,192608db42251d675da83286b1cce702)
Start importing Assets/CabinDecor/kitchen props/textures/knives_metal.tga using Guid(ed628e40ad4784c4ea4120a900d1d05b) Importer(2089858483,192608db42251d675da83286b1cce702) (ScriptedImporter) -> (artifact id: 'd00216b264b39d9b1224e07d28749a69') in 0.0119414 seconds
Number of updated asset objects reloaded before import = 0Number of asset objects unloaded after import = 1

========================================================================
Received Import Request.
  Time since last request: 0.000014 seconds.
  path: Assets/CabinDecor/kitchen props/textures/coffee-cups_normal.tga
  artifactKey: Guid(6ef770adaeac3694f8c47303dc3e89ce) Importer(2089858483,192608db42251d675da83286b1cce702)
Start importing Assets/CabinDecor/kitchen props/textures/coffee-cups_normal.tga using Guid(6ef770adaeac3694f8c47303dc3e89ce) Importer(2089858483,192608db42251d675da83286b1cce702) (ScriptedImporter) -> (artifact id: '860ad225dea6f7392a53fcf129848867') in 0.0135802 seconds
Number of updated asset objects reloaded before import = 0Number of asset objects unloaded after import = 1

========================================================================
Received Import Request.
  Time since last request: 0.000011 seconds.
  path: Assets/CabinDecor/kitchen props/materials/breakfast-bar.mat
  artifactKey: Guid(07629005d589058469287e37c2829820) Importer(2089858483,192608db42251d675da83286b1cce702)
Start importing Assets/CabinDecor/kitchen props/materials/breakfast-bar.mat using Guid(07629005d589058469287e37c2829820) Importer(2089858483,192608db42251d675da83286b1cce702) (ScriptedImporter) -> (artifact id: '9fe8dd25c0ae070f826ac334778cffa5') in 0.013888 seconds
Number of updated asset objects reloaded before import = 0Number of asset objects unloaded after import = 5

========================================================================
Received Import Request.
  Time since last request: 0.000025 seconds.
  path: Assets/CabinDecor/kitchen props/materials/mugb.mat
  artifactKey: Guid(f48424f1fffe39b4f873284f4ee6d4e8) Importer(2089858483,192608db42251d675da83286b1cce702)
Start importing Assets/CabinDecor/kitchen props/materials/mugb.mat using Guid(f48424f1fffe39b4f873284f4ee6d4e8) Importer(2089858483,192608db42251d675da83286b1cce702) (ScriptedImporter) -> (artifact id: 'bf220aec623681384212514c0283b63a') in 0.0151088 seconds
Number of updated asset objects reloaded before import = 0Number of asset objects unloaded after import = 5

========================================================================
Received Import Request.
  Time since last request: 0.000012 seconds.
  path: Assets/CabinDecor/kitchen props/prefabs/dish-rack-full.prefab
  artifactKey: Guid(dcd0587b065a66040bf53ce3ab8edf86) Importer(2089858483,192608db42251d675da83286b1cce702)
Start importing Assets/CabinDecor/kitchen props/prefabs/dish-rack-full.prefab using Guid(dcd0587b065a66040bf53ce3ab8edf86) Importer(2089858483,192608db42251d675da83286b1cce702) (ScriptedImporter) -> (artifact id: 'cb2d8cb189f120aed8a80d7a652ef3d6') in 0.0230257 seconds
Number of updated asset objects reloaded before import = 0Number of asset objects unloaded after import = 43

========================================================================
Received Import Request.
  Time since last request: 0.000017 seconds.
  path: Assets/CabinDecor/kitchen props/models/toaster.fbx
  artifactKey: Guid(2faafd7c39cf18b4d83d3d729c4f9a04) Importer(2089858483,192608db42251d675da83286b1cce702)
Start importing Assets/CabinDecor/kitchen props/models/toaster.fbx using Guid(2faafd7c39cf18b4d83d3d729c4f9a04) Importer(2089858483,192608db42251d675da83286b1cce702) (ScriptedImporter) -> (artifact id: 'c9b9e75eb6ad4b818493c703f4b3cd7d') in 0.0131921 seconds
Number of updated asset objects reloaded before import = 0Number of asset objects unloaded after import = 8

========================================================================
Received Import Request.
  Time since last request: 40.934239 seconds.
  path: Assets/CabinDecor/kitchen props/textures/breakfast-bar_metal.tga
  artifactKey: Guid(385c3639ab561534da42850764dabacd) Importer(815301076,1909f56bfc062723c751e8b465ee728b)
Start importing Assets/CabinDecor/kitchen props/textures/breakfast-bar_metal.tga using Guid(385c3639ab561534da42850764dabacd) Importer(815301076,1909f56bfc062723c751e8b465ee728b) (PreviewImporter) -> (artifact id: '0bb6020fa06cc1996d0e7059771d34f2') in 1.1366687 seconds
Number of updated asset objects reloaded before import = 0Number of asset objects unloaded after import = 2

========================================================================
Received Import Request.
  Time since last request: 0.000028 seconds.
  path: Assets/CabinDecor/kitchen props/textures/mug-normal.tga
  artifactKey: Guid(db1216cfa141bc049b1ce44010d094b1) Importer(815301076,1909f56bfc062723c751e8b465ee728b)
Start importing Assets/CabinDecor/kitchen props/textures/mug-normal.tga using Guid(db1216cfa141bc049b1ce44010d094b1) Importer(815301076,1909f56bfc062723c751e8b465ee728b) (PreviewImporter) -> (artifact id: '69e927638b0db0c126a259c4b53bce67') in 1.0628414 seconds
Number of updated asset objects reloaded before import = 0Number of asset objects unloaded after import = 2

========================================================================
Received Import Request.
  Time since last request: 0.000032 seconds.
  path: Assets/CabinDecor/kitchen props/textures/mug-metal.tga
  artifactKey: Guid(3e06b809254c60344a00b44ed88ae99a) Importer(815301076,1909f56bfc062723c751e8b465ee728b)
Start importing Assets/CabinDecor/kitchen props/textures/mug-metal.tga using Guid(3e06b809254c60344a00b44ed88ae99a) Importer(815301076,1909f56bfc062723c751e8b465ee728b) (PreviewImporter) -> (artifact id: 'dfdb18c6a3245178080ef8fdd094beca') in 0.0738773 seconds
Number of updated asset objects reloaded before import = 0Number of asset objects unloaded after import = 2

========================================================================
Received Import Request.
  Time since last request: 0.000041 seconds.
  path: Assets/CabinDecor/kitchen props/textures/coffee-cups_metal.tga
  artifactKey: Guid(b891e16690447314da461703edb98573) Importer(815301076,1909f56bfc062723c751e8b465ee728b)
Start importing Assets/CabinDecor/kitchen props/textures/coffee-cups_metal.tga using Guid(b891e16690447314da461703edb98573) Importer(815301076,1909f56bfc062723c751e8b465ee728b) (PreviewImporter) -> (artifact id: '538f33ebb54d56c01bd694d61db810fb') in 0.7433751 seconds
Number of updated asset objects reloaded before import = 0Number of asset objects unloaded after import = 2

========================================================================
Received Import Request.
  Time since last request: 0.000027 seconds.
  path: Assets/CabinDecor/kitchen props/prefabs/dish-rack-full.prefab
  artifactKey: Guid(dcd0587b065a66040bf53ce3ab8edf86) Importer(815301076,1909f56bfc062723c751e8b465ee728b)
Start importing Assets/CabinDecor/kitchen props/prefabs/dish-rack-full.prefab using Guid(dcd0587b065a66040bf53ce3ab8edf86) Importer(815301076,1909f56bfc062723c751e8b465ee728b) (PreviewImporter) -> (artifact id: '40ae2c9546d00c95aa8c16ad4286892a') in 23.3173415 seconds
Number of updated asset objects reloaded before import = 0Number of asset objects unloaded after import = 57

========================================================================
Received Import Request.
  Time since last request: 25.034876 seconds.
  path: Assets/CabinDecor/kitchen props/materials/counter.mat
  artifactKey: Guid(cc562f63147f83443989c4ee021af5d5) Importer(815301076,1909f56bfc062723c751e8b465ee728b)
Start importing Assets/CabinDecor/kitchen props/materials/counter.mat using Guid(cc562f63147f83443989c4ee021af5d5) Importer(815301076,1909f56bfc062723c751e8b465ee728b) (PreviewImporter) -> (artifact id: 'c43766b8f1f8fa081993cd8f1f1bd2f4') in 0.1064105 seconds
Number of updated asset objects reloaded before import = 0Number of asset objects unloaded after import = 4

========================================================================
Received Import Request.
  Time since last request: 0.000036 seconds.
  path: Assets/CabinDecor/kitchen props/materials/toaster-2.mat
  artifactKey: Guid(d80f90649d0bf7448a779585d221995f) Importer(815301076,1909f56bfc062723c751e8b465ee728b)
Start importing Assets/CabinDecor/kitchen props/materials/toaster-2.mat using Guid(d80f90649d0bf7448a779585d221995f) Importer(815301076,1909f56bfc062723c751e8b465ee728b) (PreviewImporter) -> (artifact id: '66906e8b8740fcdf593715da74712bac') in 0.3308041 seconds
Number of updated asset objects reloaded before import = 0Number of asset objects unloaded after import = 5

========================================================================
Received Import Request.
  Time since last request: 0.000032 seconds.
  path: Assets/CabinDecor/kitchen props/materials/knives.mat
  artifactKey: Guid(b27f687fc7f53a64d83610085bd6035b) Importer(815301076,1909f56bfc062723c751e8b465ee728b)
Start importing Assets/CabinDecor/kitchen props/materials/knives.mat using Guid(b27f687fc7f53a64d83610085bd6035b) Importer(815301076,1909f56bfc062723c751e8b465ee728b) (PreviewImporter) -> (artifact id: 'c9495e2844388f7fccf43e981cb63430') in 0.061063 seconds
Number of updated asset objects reloaded before import = 0Number of asset objects unloaded after import = 5

========================================================================
Received Import Request.
  Time since last request: 22.183362 seconds.
  path: Assets/Scenes/BedroomSceenes/BedroomScene1/Lightmap-0_comp_dir.png
  artifactKey: Guid(e1360debde6ea534cb10e0f9d2bdfe82) Importer(2089858483,192608db42251d675da83286b1cce702)
Start importing Assets/Scenes/BedroomSceenes/BedroomScene1/Lightmap-0_comp_dir.png using Guid(e1360debde6ea534cb10e0f9d2bdfe82) Importer(2089858483,192608db42251d675da83286b1cce702) (ScriptedImporter) -> (artifact id: '23ca14512286a32a3464f207cb354897') in 0.0145567 seconds
Number of updated asset objects reloaded before import = 0Number of asset objects unloaded after import = 1

========================================================================
Received Import Request.
  Time since last request: 0.000024 seconds.
  path: Assets/Scenes/BedroomSceenes/BedroomScene1/LightingData.asset
  artifactKey: Guid(91da66318b24ba94db681f628053aa17) Importer(2089858483,192608db42251d675da83286b1cce702)
Start importing Assets/Scenes/BedroomSceenes/BedroomScene1/LightingData.asset using Guid(91da66318b24ba94db681f628053aa17) Importer(2089858483,192608db42251d675da83286b1cce702) (ScriptedImporter) -> (artifact id: 'cacc062df2668a9c2c76bda44f5cab97') in 0.0121072 seconds
Number of updated asset objects reloaded before import = 0Number of asset objects unloaded after import = 2

========================================================================
Received Import Request.
  Time since last request: 0.000023 seconds.
  path: Assets/Scenes/BedroomSceenes/BedroomScene1/ReflectionProbe-1.png
  artifactKey: Guid(bfe4d4b784d2bbd418524978a2bf9c0e) Importer(2089858483,192608db42251d675da83286b1cce702)
Start importing Assets/Scenes/BedroomSceenes/BedroomScene1/ReflectionProbe-1.png using Guid(bfe4d4b784d2bbd418524978a2bf9c0e) Importer(2089858483,192608db42251d675da83286b1cce702) (ScriptedImporter) -> (artifact id: 'f65cfc706bf81dc8cb8b044d450a01b3') in 0.0142649 seconds
Number of updated asset objects reloaded before import = 0Number of asset objects unloaded after import = 1

========================================================================
Received Import Request.
  Time since last request: 35.018250 seconds.
  path: Assets/Samples/XR Interaction Toolkit/3.2.2/Starter Assets/DemoSceneAssets/Prefabs/UI/MinMaxSlider.prefab
  artifactKey: Guid(657321a07c3561043af55547ec4b0ed7) Importer(2089858483,3d70f49cd1c2eb9ae422958d1c652c6b)
Start importing Assets/Samples/XR Interaction Toolkit/3.2.2/Starter Assets/DemoSceneAssets/Prefabs/UI/MinMaxSlider.prefab using Guid(657321a07c3561043af55547ec4b0ed7) Importer(2089858483,3d70f49cd1c2eb9ae422958d1c652c6b) (ScriptedImporter) -> (artifact id: 'e0119be3783f6cce935fe72d13a912c2') in 0.0216341 seconds
Number of updated asset objects reloaded before import = 0Number of asset objects unloaded after import = 26

========================================================================
Received Import Request.
  Time since last request: 0.000027 seconds.
  path: Assets/Brick Project Studio/Fast Food Restaurant Kit/Scene/FFK Sample Scene.unity
  artifactKey: Guid(9fc0d4010bbf28b4594072e72b8655ab) Importer(2089858483,3d70f49cd1c2eb9ae422958d1c652c6b)
Start importing Assets/Brick Project Studio/Fast Food Restaurant Kit/Scene/FFK Sample Scene.unity using Guid(9fc0d4010bbf28b4594072e72b8655ab) Importer(2089858483,3d70f49cd1c2eb9ae422958d1c652c6b) (ScriptedImporter)Opening scene 'Assets/Brick Project Studio/Fast Food Restaurant Kit/Scene/FFK Sample Scene.unity additively'
Loaded scene 'Assets/Brick Project Studio/Fast Food Restaurant Kit/Scene/FFK Sample Scene.unity'
	Deserialize:            26.332 ms
	Integration:            136.213 ms
	Integration of assets:  0.004 ms
	Thread Wait Time:       0.041 ms
	Total Operation Time:   162.590 ms
 -> (artifact id: 'eec32f4a05972945c94d8ceab56b91c8') in 1.0336309 seconds
Number of updated asset objects reloaded before import = 0Number of asset objects unloaded after import = 2191

========================================================================
Received Import Request.
  Time since last request: 0.000057 seconds.
  path: Assets/CabinDecor/3Dfrk/Frames with pictures/Prefabs/Paint_07.prefab
  artifactKey: Guid(1906dcb2568c13f4c962c7e0c0d82ac3) Importer(2089858483,3d70f49cd1c2eb9ae422958d1c652c6b)
Start importing Assets/CabinDecor/3Dfrk/Frames with pictures/Prefabs/Paint_07.prefab using Guid(1906dcb2568c13f4c962c7e0c0d82ac3) Importer(2089858483,3d70f49cd1c2eb9ae422958d1c652c6b) (ScriptedImporter) -> (artifact id: '97aa8aaea98e25fa85e98d8fd9d4adf1') in 0.0156201 seconds
Number of updated asset objects reloaded before import = 0Number of asset objects unloaded after import = 9

========================================================================
Received Import Request.
  Time since last request: 0.000024 seconds.
  path: Assets/Samples/XR Interaction Toolkit/3.2.2/Starter Assets/DemoScene.unity
  artifactKey: Guid(319dafa5c80f29f428dc1e0d03f04177) Importer(2089858483,3d70f49cd1c2eb9ae422958d1c652c6b)
Start importing Assets/Samples/XR Interaction Toolkit/3.2.2/Starter Assets/DemoScene.unity using Guid(319dafa5c80f29f428dc1e0d03f04177) Importer(2089858483,3d70f49cd1c2eb9ae422958d1c652c6b) (ScriptedImporter)Opening scene 'Assets/Samples/XR Interaction Toolkit/3.2.2/Starter Assets/DemoScene.unity additively'
Loaded scene 'Assets/Samples/XR Interaction Toolkit/3.2.2/Starter Assets/DemoScene.unity'
	Deserialize:            21.944 ms
	Integration:            154.460 ms
	Integration of assets:  0.518 ms
	Thread Wait Time:       0.009 ms
	Total Operation Time:   176.931 ms
 -> (artifact id: 'cc8478410fda5ff7572bb7579155c4c4') in 0.4304062 seconds
Number of updated asset objects reloaded before import = 0Number of asset objects unloaded after import = 3583

========================================================================
Received Import Request.
  Time since last request: 34.439004 seconds.
  path: Assets/CabinDecor/kitchen props/models/coloured-mugs.fbx
  artifactKey: Guid(bc8c29201cb724446a7429fabead425c) Importer(815301076,1909f56bfc062723c751e8b465ee728b)
Start importing Assets/CabinDecor/kitchen props/models/coloured-mugs.fbx using Guid(bc8c29201cb724446a7429fabead425c) Importer(815301076,1909f56bfc062723c751e8b465ee728b) (PreviewImporter) -> (artifact id: 'dbbc4152532587e9c735852d47f579b0') in 0.0605947 seconds
Number of updated asset objects reloaded before import = 0Number of asset objects unloaded after import = 29

========================================================================
Received Import Request.
  Time since last request: 0.000024 seconds.
  path: Assets/CabinDecor/kitchen props/models/knife1.fbx
  artifactKey: Guid(d2e2a853635ce0541a57bf54bb3b3249) Importer(815301076,1909f56bfc062723c751e8b465ee728b)
Start importing Assets/CabinDecor/kitchen props/models/knife1.fbx using Guid(d2e2a853635ce0541a57bf54bb3b3249) Importer(815301076,1909f56bfc062723c751e8b465ee728b) (PreviewImporter) -> (artifact id: '3068199c4c17eb8c9653c5f576dc1b14') in 0.0214152 seconds
Number of updated asset objects reloaded before import = 0Number of asset objects unloaded after import = 12

========================================================================
Received Import Request.
  Time since last request: 0.000025 seconds.
  path: Assets/CabinDecor/kitchen props/models/stool.fbx
  artifactKey: Guid(a9a2fe8bb1566d04382f04d14066f8a9) Importer(815301076,1909f56bfc062723c751e8b465ee728b)
Start importing Assets/CabinDecor/kitchen props/models/stool.fbx using Guid(a9a2fe8bb1566d04382f04d14066f8a9) Importer(815301076,1909f56bfc062723c751e8b465ee728b) (PreviewImporter) -> (artifact id: '90610d236de2769103a573b4ff25e2a7') in 0.0345768 seconds
Number of updated asset objects reloaded before import = 0Number of asset objects unloaded after import = 19

========================================================================
Received Import Request.
  Time since last request: 0.000031 seconds.
  path: Assets/CabinDecor/kitchen props/models/mug.fbx
  artifactKey: Guid(4e6db54670ea84d4298ec673c60ca3c7) Importer(815301076,1909f56bfc062723c751e8b465ee728b)
Start importing Assets/CabinDecor/kitchen props/models/mug.fbx using Guid(4e6db54670ea84d4298ec673c60ca3c7) Importer(815301076,1909f56bfc062723c751e8b465ee728b) (PreviewImporter) -> (artifact id: '82389a0f0c168ef243e0a542dfa78bfd') in 0.0274046 seconds
Number of updated asset objects reloaded before import = 0Number of asset objects unloaded after import = 12

========================================================================
Received Import Request.
  Time since last request: 0.000028 seconds.
  path: Assets/CabinDecor/kitchen props/models/dish-rack.fbx
  artifactKey: Guid(dbfd5a0d3687f5943866e159c822d788) Importer(815301076,1909f56bfc062723c751e8b465ee728b)
Start importing Assets/CabinDecor/kitchen props/models/dish-rack.fbx using Guid(dbfd5a0d3687f5943866e159c822d788) Importer(815301076,1909f56bfc062723c751e8b465ee728b) (PreviewImporter) -> (artifact id: '329a6fdd7e73d3bf8778d067c565c24a') in 0.0204904 seconds
Number of updated asset objects reloaded before import = 0Number of asset objects unloaded after import = 12

========================================================================
Received Import Request.
  Time since last request: 31.886946 seconds.
  path: Assets/Samples/XR Interaction Toolkit/3.2.2/Starter Assets/DemoSceneAssets/Prefabs/UI/TextButton.prefab
  artifactKey: Guid(e5db301629853dd4a99835fa70099d79) Importer(2089858483,3d70f49cd1c2eb9ae422958d1c652c6b)
Start importing Assets/Samples/XR Interaction Toolkit/3.2.2/Starter Assets/DemoSceneAssets/Prefabs/UI/TextButton.prefab using Guid(e5db301629853dd4a99835fa70099d79) Importer(2089858483,3d70f49cd1c2eb9ae422958d1c652c6b) (ScriptedImporter) -> (artifact id: 'c3b18e9e707884b755962f6e315cda8a') in 0.0199533 seconds
Number of updated asset objects reloaded before import = 0Number of asset objects unloaded after import = 24

========================================================================
Received Import Request.
  Time since last request: 0.000024 seconds.
  path: Assets/CabinDecor/3Dfrk/Frames with pictures/Prefabs/Paint_03.prefab
  artifactKey: Guid(ec2a6eb55d6bac64f8e60e43c3cb20ad) Importer(2089858483,3d70f49cd1c2eb9ae422958d1c652c6b)
Start importing Assets/CabinDecor/3Dfrk/Frames with pictures/Prefabs/Paint_03.prefab using Guid(ec2a6eb55d6bac64f8e60e43c3cb20ad) Importer(2089858483,3d70f49cd1c2eb9ae422958d1c652c6b) (ScriptedImporter) -> (artifact id: '70f262c3c51464aecdd3ec5e9a6a37e3') in 0.0104206 seconds
Number of updated asset objects reloaded before import = 0Number of asset objects unloaded after import = 9

========================================================================
Received Import Request.
  Time since last request: 0.000032 seconds.
  path: Assets/CabinDecor/3Dfrk/Frames with pictures/Prefabs/Paint_01.prefab
  artifactKey: Guid(eded3844e29c2ec40bc278e2cbd31279) Importer(2089858483,3d70f49cd1c2eb9ae422958d1c652c6b)
Start importing Assets/CabinDecor/3Dfrk/Frames with pictures/Prefabs/Paint_01.prefab using Guid(eded3844e29c2ec40bc278e2cbd31279) Importer(2089858483,3d70f49cd1c2eb9ae422958d1c652c6b) (ScriptedImporter) -> (artifact id: '65fbdf12a25ce113ea41e08e7a20a4c6') in 0.0106616 seconds
Number of updated asset objects reloaded before import = 0Number of asset objects unloaded after import = 9

========================================================================
Received Import Request.
  Time since last request: 18.558750 seconds.
  path: Assets/CabinDecor/kitchen props/prefabs/plate-stack-small.prefab
  artifactKey: Guid(2b2f272f9ab448a429a68c3a3308d4fc) Importer(815301076,1909f56bfc062723c751e8b465ee728b)
Start importing Assets/CabinDecor/kitchen props/prefabs/plate-stack-small.prefab using Guid(2b2f272f9ab448a429a68c3a3308d4fc) Importer(815301076,1909f56bfc062723c751e8b465ee728b) (PreviewImporter) -> (artifact id: '44878229456f5d6359481b1edd97fd0b') in 1.6543429 seconds
Number of updated asset objects reloaded before import = 0Number of asset objects unloaded after import = 20

========================================================================
Received Import Request.
  Time since last request: 0.015947 seconds.
  path: Assets/CabinDecor/kitchen props/materials/platesb.mat
  artifactKey: Guid(e9d7a1ade38403b4e91e2ac80017c20e) Importer(2089858483,192608db42251d675da83286b1cce702)
Start importing Assets/CabinDecor/kitchen props/materials/platesb.mat using Guid(e9d7a1ade38403b4e91e2ac80017c20e) Importer(2089858483,192608db42251d675da83286b1cce702) (ScriptedImporter) -> (artifact id: '0cd0ce6021d34b641ce581c963e6c94d') in 0.0167992 seconds
Number of updated asset objects reloaded before import = 0Number of asset objects unloaded after import = 5

========================================================================
Received Import Request.
  Time since last request: 0.000020 seconds.
  path: Assets/CabinDecor/kitchen props/materials/counter.mat
  artifactKey: Guid(cc562f63147f83443989c4ee021af5d5) Importer(2089858483,192608db42251d675da83286b1cce702)
Start importing Assets/CabinDecor/kitchen props/materials/counter.mat using Guid(cc562f63147f83443989c4ee021af5d5) Importer(2089858483,192608db42251d675da83286b1cce702) (ScriptedImporter) -> (artifact id: '974b8d389485f6838f6670663b4c58d1') in 0.0163286 seconds
Number of updated asset objects reloaded before import = 0Number of asset objects unloaded after import = 4

========================================================================
Received Import Request.
  Time since last request: 0.000017 seconds.
  path: Assets/CabinDecor/kitchen props/materials/breakfast-bar.mat
  artifactKey: Guid(07629005d589058469287e37c2829820) Importer(2089858483,192608db42251d675da83286b1cce702)
Start importing Assets/CabinDecor/kitchen props/materials/breakfast-bar.mat using Guid(07629005d589058469287e37c2829820) Importer(2089858483,192608db42251d675da83286b1cce702) (ScriptedImporter) -> (artifact id: '4433c25ecb48ee04da862f4c22fbfa69') in 0.017368 seconds
Number of updated asset objects reloaded before import = 0Number of asset objects unloaded after import = 5

========================================================================
Received Import Request.
  Time since last request: 2.037676 seconds.
  path: Assets/CabinDecor/kitchen props/materials/counter.mat
  artifactKey: Guid(cc562f63147f83443989c4ee021af5d5) Importer(815301076,1909f56bfc062723c751e8b465ee728b)
Start importing Assets/CabinDecor/kitchen props/materials/counter.mat using Guid(cc562f63147f83443989c4ee021af5d5) Importer(815301076,1909f56bfc062723c751e8b465ee728b) (PreviewImporter) -> (artifact id: '631a4bd8c5a2cf24c3290d9c01be79fd') in 0.0188376 seconds
Number of updated asset objects reloaded before import = 0Number of asset objects unloaded after import = 4

========================================================================
Received Import Request.
  Time since last request: 0.000021 seconds.
  path: Assets/CabinDecor/kitchen props/materials/toaster-2.mat
  artifactKey: Guid(d80f90649d0bf7448a779585d221995f) Importer(815301076,1909f56bfc062723c751e8b465ee728b)
Start importing Assets/CabinDecor/kitchen props/materials/toaster-2.mat using Guid(d80f90649d0bf7448a779585d221995f) Importer(815301076,1909f56bfc062723c751e8b465ee728b) (PreviewImporter) -> (artifact id: 'c4388c4063421f6123972f107ffc89e0') in 0.0299292 seconds
Number of updated asset objects reloaded before import = 0Number of asset objects unloaded after import = 5

========================================================================
Received Import Request.
  Time since last request: 0.000021 seconds.
  path: Assets/CabinDecor/kitchen props/materials/toaster.mat
  artifactKey: Guid(88b6dc8c22c60a54fafc2024e3bd1c7d) Importer(815301076,1909f56bfc062723c751e8b465ee728b)
Start importing Assets/CabinDecor/kitchen props/materials/toaster.mat using Guid(88b6dc8c22c60a54fafc2024e3bd1c7d) Importer(815301076,1909f56bfc062723c751e8b465ee728b) (PreviewImporter) -> (artifact id: '2b0266323ccb134fd3c5471c828922ba') in 0.0230338 seconds
Number of updated asset objects reloaded before import = 0Number of asset objects unloaded after import = 5

========================================================================
Received Import Request.
  Time since last request: 0.000035 seconds.
  path: Assets/CabinDecor/kitchen props/materials/platesb.mat
  artifactKey: Guid(e9d7a1ade38403b4e91e2ac80017c20e) Importer(815301076,1909f56bfc062723c751e8b465ee728b)
Start importing Assets/CabinDecor/kitchen props/materials/platesb.mat using Guid(e9d7a1ade38403b4e91e2ac80017c20e) Importer(815301076,1909f56bfc062723c751e8b465ee728b) (PreviewImporter) -> (artifact id: 'df1ff7c0e3f5f97b110fe1fdbbe07c45') in 0.0208882 seconds
Number of updated asset objects reloaded before import = 0Number of asset objects unloaded after import = 5

========================================================================
Received Import Request.
  Time since last request: 0.000026 seconds.
  path: Assets/CabinDecor/kitchen props/materials/mug.mat
  artifactKey: Guid(e451e71003a14534abad869c41c8e733) Importer(815301076,1909f56bfc062723c751e8b465ee728b)
Start importing Assets/CabinDecor/kitchen props/materials/mug.mat using Guid(e451e71003a14534abad869c41c8e733) Importer(815301076,1909f56bfc062723c751e8b465ee728b) (PreviewImporter) -> (artifact id: 'c852533b967935417135b8359903eaca') in 0.020282 seconds
Number of updated asset objects reloaded before import = 0Number of asset objects unloaded after import = 5

========================================================================
Received Import Request.
  Time since last request: 0.750906 seconds.
  path: Assets/CabinDecor/kitchen props/models/breakfast-bar-support.fbx
  artifactKey: Guid(f662251454558504b9d7d576219f8a4b) Importer(815301076,1909f56bfc062723c751e8b465ee728b)
Start importing Assets/CabinDecor/kitchen props/models/breakfast-bar-support.fbx using Guid(f662251454558504b9d7d576219f8a4b) Importer(815301076,1909f56bfc062723c751e8b465ee728b) (PreviewImporter) -> (artifact id: 'fcfdde98c750899a89419a775c323969') in 0.0235132 seconds
Number of updated asset objects reloaded before import = 0Number of asset objects unloaded after import = 12

========================================================================
Received Import Request.
  Time since last request: 0.000020 seconds.
  path: Assets/CabinDecor/kitchen props/models/coloured-mugs.fbx
  artifactKey: Guid(bc8c29201cb724446a7429fabead425c) Importer(815301076,1909f56bfc062723c751e8b465ee728b)
Start importing Assets/CabinDecor/kitchen props/models/coloured-mugs.fbx using Guid(bc8c29201cb724446a7429fabead425c) Importer(815301076,1909f56bfc062723c751e8b465ee728b) (PreviewImporter) -> (artifact id: '9f084a1632fdf9b1dcc2b7a51289c808') in 0.9872693 seconds
Number of updated asset objects reloaded before import = 0Number of asset objects unloaded after import = 29

========================================================================
Received Import Request.
  Time since last request: 112.709354 seconds.
  path: Assets/CabinDecor/kitchen props/materials/china-plate.mat
  artifactKey: Guid(ef66d3256f1c3f641a845f9c1968dc13) Importer(2089858483,192608db42251d675da83286b1cce702)
Start importing Assets/CabinDecor/kitchen props/materials/china-plate.mat using Guid(ef66d3256f1c3f641a845f9c1968dc13) Importer(2089858483,192608db42251d675da83286b1cce702) (ScriptedImporter) -> (artifact id: '05dcb148fdb305879fd60ba4a0d5f031') in 0.0216839 seconds
Number of updated asset objects reloaded before import = 0Number of asset objects unloaded after import = 5

========================================================================
Received Import Request.
  Time since last request: 0.000025 seconds.
  path: Assets/CabinDecor/kitchen props/materials/counter.mat
  artifactKey: Guid(cc562f63147f83443989c4ee021af5d5) Importer(2089858483,192608db42251d675da83286b1cce702)
Start importing Assets/CabinDecor/kitchen props/materials/counter.mat using Guid(cc562f63147f83443989c4ee021af5d5) Importer(2089858483,192608db42251d675da83286b1cce702) (ScriptedImporter) -> (artifact id: '0107b404c02554f388cf064204b54285') in 0.0139516 seconds
Number of updated asset objects reloaded before import = 0Number of asset objects unloaded after import = 4

========================================================================
Received Import Request.
  Time since last request: 0.000022 seconds.
  path: Assets/CabinDecor/kitchen props/materials/mug.mat
  artifactKey: Guid(e451e71003a14534abad869c41c8e733) Importer(2089858483,192608db42251d675da83286b1cce702)
Start importing Assets/CabinDecor/kitchen props/materials/mug.mat using Guid(e451e71003a14534abad869c41c8e733) Importer(2089858483,192608db42251d675da83286b1cce702) (ScriptedImporter) -> (artifact id: '41aea189639f15b2e20f6f1040a69bfa') in 0.0133091 seconds
Number of updated asset objects reloaded before import = 0Number of asset objects unloaded after import = 5

========================================================================
Received Import Request.
  Time since last request: 0.000025 seconds.
  path: Assets/CabinDecor/kitchen props/materials/drainer.mat
  artifactKey: Guid(54e920447cfb1e54889e79e9fb4b896f) Importer(2089858483,192608db42251d675da83286b1cce702)
Start importing Assets/CabinDecor/kitchen props/materials/drainer.mat using Guid(54e920447cfb1e54889e79e9fb4b896f) Importer(2089858483,192608db42251d675da83286b1cce702) (ScriptedImporter) -> (artifact id: 'f9cd8670ac4309b19c645457eee8b2ac') in 0.0159501 seconds
Number of updated asset objects reloaded before import = 0Number of asset objects unloaded after import = 5

Editor requested this worker to shutdown with reason: Scaling down because of idle timeout
AssetImportWorker is now disconnected from the server
Process exiting
Exiting without the bug reporter. Application will terminate with return code 0