[Licensing::Module] Trying to connect to existing licensing client channel...
[Licensing::IpcConnector] Successfully connected to: "LicenseClient-Raptor" at "2025-12-04T23:02:29.5464326Z"
Built from '6000.2/staging' branch; Version is '6000.2.13f1 (abdb44fca7f7) revision 11262788'; Using compiler version '194234433'; Build Type 'Release'
OS: 'Windows 10  (10.0.19045) 64bit Core' Language: 'en' Physical Memory: 31860 MB
BatchMode: 1, IsHumanControllingUs: 0, StartBugReporterOnCrash: 0, Is64bit: 1
Date: 2025-12-04T23:02:29Z

COMMAND LINE ARGUMENTS:
C:\Program Files\Unity\Hub\Editor\6000.2.13f1\Editor\Unity.exe
-adb2
-batchMode
-noUpm
-name
AssetImportWorker41
-projectPath
C:/GIT_Projects/prj1/FastFood
-logFile
Logs/AssetImportWorker41.log
-srvPort
64782
-licensingIpc
LicenseClient-Raptor
-job-worker-count
7
-background-job-worker-count
8
-gc-helper-count
1
-name
AssetImport
Successfully changed project path to: C:/GIT_Projects/prj1/FastFood
C:/GIT_Projects/prj1/FastFood
[UnityMemory] Configuration Parameters - Can be set up in boot.config
    "memorysetup-allocator-temp-initial-block-size-main=262144"
    "memorysetup-allocator-temp-initial-block-size-worker=262144"
    "memorysetup-bucket-allocator-granularity=16"
    "memorysetup-bucket-allocator-bucket-count=8"
    "memorysetup-bucket-allocator-block-size=33554432"
    "memorysetup-bucket-allocator-block-count=8"
    "memorysetup-main-allocator-block-size=16777216"
    "memorysetup-thread-allocator-block-size=16777216"
    "memorysetup-gfx-main-allocator-block-size=16777216"
    "memorysetup-gfx-thread-allocator-block-size=16777216"
    "memorysetup-cache-allocator-block-size=4194304"
    "memorysetup-typetree-allocator-block-size=2097152"
    "memorysetup-profiler-bucket-allocator-granularity=16"
    "memorysetup-profiler-bucket-allocator-bucket-count=8"
    "memorysetup-profiler-bucket-allocator-block-size=33554432"
    "memorysetup-profiler-bucket-allocator-block-count=8"
    "memorysetup-profiler-allocator-block-size=16777216"
    "memorysetup-profiler-editor-allocator-block-size=1048576"
    "memorysetup-temp-allocator-size-main=16777216"
    "memorysetup-job-temp-allocator-block-size=2097152"
    "memorysetup-job-temp-allocator-block-size-background=1048576"
    "memorysetup-job-temp-allocator-reduction-small-platforms=262144"
    "memorysetup-temp-allocator-size-background-worker=32768"
    "memorysetup-temp-allocator-size-job-worker=262144"
    "memorysetup-temp-allocator-size-preload-manager=33554432"
    "memorysetup-temp-allocator-size-nav-mesh-worker=65536"
    "memorysetup-temp-allocator-size-audio-worker=65536"
    "memorysetup-temp-allocator-size-cloud-worker=32768"
    "memorysetup-temp-allocator-size-gi-baking-worker=262144"
    "memorysetup-temp-allocator-size-gi-baking-worker=262144"
    "memorysetup-temp-allocator-size-gi-baking-worker=262144"
    "memorysetup-temp-allocator-size-gi-baking-worker=262144"
    "memorysetup-temp-allocator-size-gi-baking-worker=262144"
    "memorysetup-temp-allocator-size-gfx=262144"
Player connection [36500]  Target information:

Player connection [36500]  * "[IP] 192.168.10.94 [Port] 0 [Flags] 2 [Guid] 2427190187 [EditorId] 2427190187 [Version] 1048832 [Id] WindowsEditor(7,DESKTOP-N6LDBOS) [Debug] 1 [PackageName] WindowsEditor [ProjectName] Editor" 

Player connection [36500] Host joined multi-casting on [225.0.0.222:54997]...
Player connection [36500] Host joined alternative multi-casting on [225.0.0.222:34997]...
JobSystem: Creating JobQueue using job-worker-count value 7
Input System module state changed to: Initialized.
[Physics::Module] Initialized fallback backend.
[Physics::Module] Id: 0xdecafbad
Library Redirect Path: Library/
[Physics::Module] Selected backend.
[Physics::Module] Name: PhysX
[Physics::Module] Id: 0xf2b8ea05
[Physics::Module] SDK Version: 4.1.2
[Physics::Module] Integration Version: 1.0.0
[Physics::Module] Threading Mode: Multi-Threaded
Refreshing native plugins compatible for Editor in 49.82 ms, found 14 plugins.
Preloading 1 native plugins for Editor in 1.23 ms.
Initialize engine version: 6000.2.13f1 (abdb44fca7f7)
[Subsystems] Discovering subsystems at path C:/Program Files/Unity/Hub/Editor/6000.2.13f1/Editor/Data/Resources/UnitySubsystems
[Subsystems] Discovering subsystems at path C:/GIT_Projects/prj1/FastFood/Assets
GfxDevice: creating device client; kGfxThreadingModeNonThreaded
Direct3D:
    Version:  Direct3D 11.0 [level 11.1]
    Renderer: NVIDIA GeForce RTX 5070 (ID=0x2f04)
    Vendor:   NVIDIA
    VRAM:     11854 MB
    Driver:   32.0.15.8129
Initialize mono
Mono path[0] = 'C:/Program Files/Unity/Hub/Editor/6000.2.13f1/Editor/Data/Managed'
Mono path[1] = 'C:/Program Files/Unity/Hub/Editor/6000.2.13f1/Editor/Data/MonoBleedingEdge/lib/mono/unityjit-win32'
Mono config path = 'C:/Program Files/Unity/Hub/Editor/6000.2.13f1/Editor/Data/MonoBleedingEdge/etc'
Using monoOptions --debugger-agent=transport=dt_socket,embedding=1,server=y,suspend=n,address=127.0.0.1:56092
Begin MonoManager ReloadAssembly
Registering precompiled unity dll's ...
Register platform support module: C:/Program Files/Unity/Hub/Editor/6000.2.13f1/Editor/Data/PlaybackEngines/WindowsStandaloneSupport/UnityEditor.WindowsStandalone.Extensions.dll
[Licensing::Module] Licensing is not yet initialized.
[Licensing::Client] Error: HandshakeResponse reported an error:
	ResponseCode: 505
	ResponseStatus: Unsupported protocol version '1.17.4'.
[Licensing::Module] Error: Failed to handshake to channel: "LicenseClient-Raptor"
[Licensing::IpcConnector] LicenseClient-Raptor channel disconnected successfully.
[Licensing::IpcConnector] Successfully connected to: "LicenseClient-Raptor-6000.2.13" at "2025-12-04T23:02:30.9611599Z"
[Licensing::Client] Handshaking with LicensingClient:
  Version:                 1.17.4+4293ba1
  Session Id:              c9a8d77656cd4d3dadc738bffe3354a7
  Correlation Id:          8b443b1067030043d42fc3d4d67f1055
  External correlation Id: 4317881038318827135
  Machine Id:              /Gk3cS3RbuDCQMU5P993206Xbmc=
[Licensing::Module] Successfully connected to LicensingClient on channel: "LicenseClient-Raptor-6000.2.13" (connect: 0.00s, validation: 0.00s, handshake: 0.89s)
[Licensing::IpcConnector] Successfully connected to: "LicenseClient-Raptor-6000.2.13-notifications" at "2025-12-04T23:02:31.8542596Z"
[Licensing::Module] Licensing Background thread has ended after 2.31s
[Licensing::Module] Licensing is initialized (took 1.25s).
[Licensing::Client] Successfully resolved entitlement details
[Licensing::Module] License group:
  Id: 2475892980188-UnityPersXXXX
  Product: Unity Personal
  Type: Assigned
  Expiration: Unlimited
Register platform support module: C:/Program Files/Unity/Hub/Editor/6000.2.13f1/Editor/Data/PlaybackEngines/AndroidPlayer/UnityEditor.Android.Extensions.dll
Registered in 1.256330 seconds.
- Loaded All Assemblies, in  1.687 seconds
Native extension for Android target not found
Android Extension - Scanning For ADB Devices 477 ms
Native extension for WindowsStandalone target not found
Mono: successfully reloaded assembly
- Finished resetting the current domain, in  0.932 seconds
Domain Reload Profiling: 2616ms
	BeginReloadAssembly (170ms)
		ExecutionOrderSort (0ms)
		DisableScriptedObjects (0ms)
		BackupInstance (0ms)
		ReleaseScriptingObjects (0ms)
		CreateAndSetChildDomain (1ms)
	RebuildCommonClasses (42ms)
	RebuildNativeTypeToScriptingClass (14ms)
	initialDomainReloadingComplete (1303ms)
	LoadAllAssembliesAndSetupDomain (156ms)
		LoadAssemblies (153ms)
		RebuildTransferFunctionScriptingTraits (0ms)
		AnalyzeDomain (153ms)
			TypeCache.Refresh (152ms)
				TypeCache.ScanAssembly (142ms)
			BuildScriptInfoCaches (0ms)
			ResolveRequiredComponents (0ms)
	FinalizeReload (932ms)
		ReleaseScriptCaches (0ms)
		RebuildScriptCaches (0ms)
		SetupLoadedEditorAssemblies (881ms)
			LogAssemblyErrors (0ms)
			InitializePlatformSupportModulesInManaged (597ms)
			SetLoadedEditorAssemblies (6ms)
			BeforeProcessingInitializeOnLoad (78ms)
			ProcessInitializeOnLoadAttributes (149ms)
			ProcessInitializeOnLoadMethodAttributes (50ms)
			AfterProcessingInitializeOnLoad (0ms)
			EditorAssembliesLoaded (0ms)
		ExecutionOrderSort2 (0ms)
		AwakeInstancesAfterBackupRestoration (0ms)
========================================================================
Worker process is ready to serve import requests
Import Worker Mode flag is 0x00
Begin MonoManager ReloadAssembly
[Licensing::Client] Successfully resolved entitlement details
- Loaded All Assemblies, in  0.935 seconds
Refreshing native plugins compatible for Editor in 11.68 ms, found 14 plugins.
Native extension for Android target not found
Native extension for WindowsStandalone target not found
Package Manager log level set to [2]
[Package Manager] Failed to launch server process. Reason: Unity was launched with the -noUpm command-line argument
[Package Manager] Unable to send message (not connected to server process).
[Package Manager] Cannot connect to Unity Package Manager local server
System.Reflection.TargetInvocationException: Exception has been thrown by the target of an invocation. ---> System.NullReferenceException: Object reference not set to an instance of an object
  at Unity.XR.Oculus.OculusLoader.AssetPathToAbsolutePath (System.String assetPath) [0x0003d] in .\Library\PackageCache\com.unity.xr.oculus@44578ba4bd45\Runtime\OculusLoader.cs:312 
  at Unity.XR.Oculus.OculusLoader.EditorLoadOVRPlugin () [0x0008c] in .\Library\PackageCache\com.unity.xr.oculus@44578ba4bd45\Runtime\OculusLoader.cs:297 
  at (wrapper managed-to-native) System.Reflection.RuntimeMethodInfo.InternalInvoke(System.Reflection.RuntimeMethodInfo,object,object[],System.Exception&)
  at System.Reflection.RuntimeMethodInfo.Invoke (System.Object obj, System.Reflection.BindingFlags invokeAttr, System.Reflection.Binder binder, System.Object[] parameters, System.Globalization.CultureInfo culture) [0x0006a] in <bed9669261d44da0a59448ecde2b1a5c>:0 
   --- End of inner exception stack trace ---
  at System.Reflection.RuntimeMethodInfo.Invoke (System.Object obj, System.Reflection.BindingFlags invokeAttr, System.Reflection.Binder binder, System.Object[] parameters, System.Globalization.CultureInfo culture) [0x00083] in <bed9669261d44da0a59448ecde2b1a5c>:0 
  at System.Reflection.MethodBase.Invoke (System.Object obj, System.Object[] parameters) [0x00000] in <bed9669261d44da0a59448ecde2b1a5c>:0 
  at UnityEditor.EditorAssemblies.ProcessInitializeOnLoadMethodAttributes () [0x00087] in <1a7e38f6fac74b0d95602c9f9166f28a>:0 
UnityEngine.Debug:ExtractStackTraceNoAlloc (byte*,int,string)
UnityEngine.StackTraceUtility:ExtractStackTrace ()
UnityEngine.DebugLogHandler:Internal_Log (UnityEngine.LogType,UnityEngine.LogOption,string,UnityEngine.Object)
UnityEngine.DebugLogHandler:LogFormat (UnityEngine.LogType,UnityEngine.Object,string,object[])
UnityEngine.Logger:Log (UnityEngine.LogType,object)
UnityEngine.Debug:LogError (object)
UnityEditor.EditorAssemblies:ProcessInitializeOnLoadMethodAttributes ()

Mono: successfully reloaded assembly
[Package Manager] Failed to launch server process. Reason: Unity was launched with the -noUpm command-line argument
[Package Manager] Unable to send message (not connected to server process).
[Package Manager] Cannot connect to Unity Package Manager local server
[Package Manager] Failed to launch server process. Reason: Unity was launched with the -noUpm command-line argument
[Package Manager] Unable to send message (not connected to server process).
[Package Manager] Cannot connect to Unity Package Manager local server
- Finished resetting the current domain, in  1.513 seconds
Domain Reload Profiling: 2438ms
	BeginReloadAssembly (195ms)
		ExecutionOrderSort (0ms)
		DisableScriptedObjects (5ms)
		BackupInstance (0ms)
		ReleaseScriptingObjects (0ms)
		CreateAndSetChildDomain (39ms)
	RebuildCommonClasses (41ms)
	RebuildNativeTypeToScriptingClass (12ms)
	initialDomainReloadingComplete (42ms)
	LoadAllAssembliesAndSetupDomain (633ms)
		LoadAssemblies (438ms)
		RebuildTransferFunctionScriptingTraits (0ms)
		AnalyzeDomain (295ms)
			TypeCache.Refresh (215ms)
				TypeCache.ScanAssembly (199ms)
			BuildScriptInfoCaches (62ms)
			ResolveRequiredComponents (14ms)
	FinalizeReload (1514ms)
		ReleaseScriptCaches (0ms)
		RebuildScriptCaches (0ms)
		SetupLoadedEditorAssemblies (1235ms)
			LogAssemblyErrors (0ms)
			InitializePlatformSupportModulesInManaged (12ms)
			SetLoadedEditorAssemblies (8ms)
			BeforeProcessingInitializeOnLoad (282ms)
			ProcessInitializeOnLoadAttributes (817ms)
			ProcessInitializeOnLoadMethodAttributes (109ms)
			AfterProcessingInitializeOnLoad (8ms)
			EditorAssembliesLoaded (0ms)
		ExecutionOrderSort2 (0ms)
		AwakeInstancesAfterBackupRestoration (7ms)
WARNING: Shader Unsupported: 'Hidden/Simulation/URP/Synthetic' - All subshaders removed
WARNING: Shader Did you use #pragma only_renderers and omit this platform?
WARNING: Shader If subshaders removal was intentional, you may have forgotten turning Fallback off?
WARNING: Shader Unsupported: 'Hidden/Simulation/URP/Synthetic' - All subshaders removed
WARNING: Shader Did you use #pragma only_renderers and omit this platform?
WARNING: Shader If subshaders removal was intentional, you may have forgotten turning Fallback off?
WARNING: Shader Unsupported: 'Hidden/Simulation/Synthetic Lit' - All subshaders removed
WARNING: Shader Did you use #pragma only_renderers and omit this platform?
WARNING: Shader If subshaders removal was intentional, you may have forgotten turning Fallback off?
WARNING: Shader Unsupported: 'Hidden/Simulation/Synthetic Lit' - All subshaders removed
WARNING: Shader Did you use #pragma only_renderers and omit this platform?
WARNING: Shader If subshaders removal was intentional, you may have forgotten turning Fallback off?
WARNING: Shader Unsupported: 'Simulation/Standard Lit' - All subshaders removed
WARNING: Shader Did you use #pragma only_renderers and omit this platform?
WARNING: Shader If subshaders removal was intentional, you may have forgotten turning Fallback off?
WARNING: Shader Unsupported: 'Simulation/Standard Lit' - All subshaders removed
WARNING: Shader Did you use #pragma only_renderers and omit this platform?
WARNING: Shader If subshaders removal was intentional, you may have forgotten turning Fallback off?
WARNING: Shader Unsupported: 'Simulation/URP/Room X-Ray' - All subshaders removed
WARNING: Shader Did you use #pragma only_renderers and omit this platform?
WARNING: Shader If subshaders removal was intentional, you may have forgotten turning Fallback off?
WARNING: Shader Unsupported: 'Simulation/URP/Room X-Ray' - All subshaders removed
WARNING: Shader Did you use #pragma only_renderers and omit this platform?
WARNING: Shader If subshaders removal was intentional, you may have forgotten turning Fallback off?
WARNING: Shader Unsupported: 'Simulation/Room X-Ray' - All subshaders removed
WARNING: Shader Did you use #pragma only_renderers and omit this platform?
WARNING: Shader If subshaders removal was intentional, you may have forgotten turning Fallback off?
WARNING: Shader Unsupported: 'Simulation/Room X-Ray' - All subshaders removed
WARNING: Shader Did you use #pragma only_renderers and omit this platform?
WARNING: Shader If subshaders removal was intentional, you may have forgotten turning Fallback off?
WARNING: Shader Unsupported: 'Simulation/URP/Lit' - All subshaders removed
WARNING: Shader Did you use #pragma only_renderers and omit this platform?
WARNING: Shader If subshaders removal was intentional, you may have forgotten turning Fallback off?
WARNING: Shader Unsupported: 'Simulation/URP/Lit' - All subshaders removed
WARNING: Shader Did you use #pragma only_renderers and omit this platform?
WARNING: Shader If subshaders removal was intentional, you may have forgotten turning Fallback off?
Launched and connected shader compiler UnityShaderCompiler.exe after 0.01 seconds
Refreshing native plugins compatible for Editor in 12.56 ms, found 14 plugins.
Preloading 1 native plugins for Editor in 0.12 ms.
Unloading 19 Unused Serialized files (Serialized files now loaded: 0)
Unloading 8037 unused Assets / (9.3 MB). Loaded Objects now: 8803.
Memory consumption went from 154.9 MB to 145.6 MB.
Total: 24.522100 ms (FindLiveObjects: 1.128000 ms CreateObjectMapping: 0.774200 ms MarkObjects: 17.666900 ms  DeleteObjects: 4.951200 ms)

========================================================================
Received Import Request.
  Time since last request: 12442.830522 seconds.
  path: Assets/CabinDecor/ALSTRA INFINITE/Snap-N-Set Starter/Appliances/Legacy Models/Materials/Main.mat
  artifactKey: Guid(f7bbd21b1298745458209aed31d9c489) Importer(2089858483,192608db42251d675da83286b1cce702)
Start importing Assets/CabinDecor/ALSTRA INFINITE/Snap-N-Set Starter/Appliances/Legacy Models/Materials/Main.mat using Guid(f7bbd21b1298745458209aed31d9c489) Importer(2089858483,192608db42251d675da83286b1cce702) (ScriptedImporter) -> (artifact id: 'c00a76edf114601fc727bd9e3367d3bc') in 0.1295615 seconds
Number of updated asset objects reloaded before import = 0Number of asset objects unloaded after import = 2

========================================================================
Received Import Request.
  Time since last request: 11.953033 seconds.
  path: Assets/CabinDecor/Gogo Casual Pack/Gogo Casual Free Plants Pack/Materials/Main Emissive.mat
  artifactKey: Guid(dd484ae33adcf0646a35ff48fea782d2) Importer(815301076,1909f56bfc062723c751e8b465ee728b)
Start importing Assets/CabinDecor/Gogo Casual Pack/Gogo Casual Free Plants Pack/Materials/Main Emissive.mat using Guid(dd484ae33adcf0646a35ff48fea782d2) Importer(815301076,1909f56bfc062723c751e8b465ee728b) (PreviewImporter) -> (artifact id: '590e063668afd83ec7a80a1504c083a0') in 0.3510939 seconds
Number of updated asset objects reloaded before import = 0Number of asset objects unloaded after import = 2

========================================================================
Received Import Request.
  Time since last request: 0.841061 seconds.
  path: Assets/CabinDecor/Gogo Casual Pack/Gogo Casual Free Plants Pack/FBX/Decoration_Plant_01_03.fbx
  artifactKey: Guid(cb2c78bdca4002145b9912f86c3cbb20) Importer(815301076,1909f56bfc062723c751e8b465ee728b)
Start importing Assets/CabinDecor/Gogo Casual Pack/Gogo Casual Free Plants Pack/FBX/Decoration_Plant_01_03.fbx using Guid(cb2c78bdca4002145b9912f86c3cbb20) Importer(815301076,1909f56bfc062723c751e8b465ee728b) (PreviewImporter) -> (artifact id: '094e7bc3bcb1f162855948a917f769cd') in 0.1578902 seconds
Number of updated asset objects reloaded before import = 0Number of asset objects unloaded after import = 9

========================================================================
Received Import Request.
  Time since last request: 0.000055 seconds.
  path: Assets/CabinDecor/Gogo Casual Pack/Gogo Casual Free Plants Pack/FBX/Decoration_Plant_03_02.fbx
  artifactKey: Guid(6ddb670162ab8f04eb99c7e7ffca3f76) Importer(815301076,1909f56bfc062723c751e8b465ee728b)
Start importing Assets/CabinDecor/Gogo Casual Pack/Gogo Casual Free Plants Pack/FBX/Decoration_Plant_03_02.fbx using Guid(6ddb670162ab8f04eb99c7e7ffca3f76) Importer(815301076,1909f56bfc062723c751e8b465ee728b) (PreviewImporter) -> (artifact id: '0f9d9608a890e6c6af262fa8b62e244c') in 0.0584578 seconds
Number of updated asset objects reloaded before import = 0Number of asset objects unloaded after import = 9

========================================================================
Received Import Request.
  Time since last request: 0.000044 seconds.
  path: Assets/CabinDecor/Gogo Casual Pack/Gogo Casual Free Plants Pack/FBX/Decoration_Plant_05_01.fbx
  artifactKey: Guid(d5f41989d862b4242b54f888c150d97a) Importer(815301076,1909f56bfc062723c751e8b465ee728b)
Start importing Assets/CabinDecor/Gogo Casual Pack/Gogo Casual Free Plants Pack/FBX/Decoration_Plant_05_01.fbx using Guid(d5f41989d862b4242b54f888c150d97a) Importer(815301076,1909f56bfc062723c751e8b465ee728b) (PreviewImporter) -> (artifact id: '3281fa6010ff291c963acae0311dc369') in 0.048732 seconds
Number of updated asset objects reloaded before import = 0Number of asset objects unloaded after import = 9

========================================================================
Received Import Request.
  Time since last request: 0.000028 seconds.
  path: Assets/CabinDecor/Gogo Casual Pack/Gogo Casual Free Plants Pack/FBX/Decoration_Vase_03_03.fbx
  artifactKey: Guid(62e8a11865809504ea6bbbdad7892d23) Importer(815301076,1909f56bfc062723c751e8b465ee728b)
Start importing Assets/CabinDecor/Gogo Casual Pack/Gogo Casual Free Plants Pack/FBX/Decoration_Vase_03_03.fbx using Guid(62e8a11865809504ea6bbbdad7892d23) Importer(815301076,1909f56bfc062723c751e8b465ee728b) (PreviewImporter) -> (artifact id: '66ccbfa6848b110c9c5e41daa6869aa1') in 0.048294 seconds
Number of updated asset objects reloaded before import = 0Number of asset objects unloaded after import = 9

========================================================================
Received Import Request.
  Time since last request: 0.000027 seconds.
  path: Assets/CabinDecor/Gogo Casual Pack/Gogo Casual Free Plants Pack/FBX/Decoration_Vase_04_04.fbx
  artifactKey: Guid(1a9ee0993dd54954b863920b1470836f) Importer(815301076,1909f56bfc062723c751e8b465ee728b)
Start importing Assets/CabinDecor/Gogo Casual Pack/Gogo Casual Free Plants Pack/FBX/Decoration_Vase_04_04.fbx using Guid(1a9ee0993dd54954b863920b1470836f) Importer(815301076,1909f56bfc062723c751e8b465ee728b) (PreviewImporter) -> (artifact id: '4eabde3bf77328d03891f211b399c527') in 0.050243 seconds
Number of updated asset objects reloaded before import = 0Number of asset objects unloaded after import = 9

========================================================================
Received Import Request.
  Time since last request: 0.000029 seconds.
  path: Assets/CabinDecor/Gogo Casual Pack/Gogo Casual Free Plants Pack/FBX/Decoration_Vase_05_03.fbx
  artifactKey: Guid(8ffbbd0d367cf7e4284c3cc659f588e2) Importer(815301076,1909f56bfc062723c751e8b465ee728b)
Start importing Assets/CabinDecor/Gogo Casual Pack/Gogo Casual Free Plants Pack/FBX/Decoration_Vase_05_03.fbx using Guid(8ffbbd0d367cf7e4284c3cc659f588e2) Importer(815301076,1909f56bfc062723c751e8b465ee728b) (PreviewImporter) -> (artifact id: '3cce8e301f2e7631eee49f842a8bfa6f') in 0.0494578 seconds
Number of updated asset objects reloaded before import = 0Number of asset objects unloaded after import = 9

========================================================================
Received Import Request.
  Time since last request: 0.000052 seconds.
  path: Assets/CabinDecor/Gogo Casual Pack/Gogo Casual Free Plants Pack/FBX/Decoration_Vase_07_01.fbx
  artifactKey: Guid(2ecea0e23a6d8d245bbee0e40c16ebf9) Importer(815301076,1909f56bfc062723c751e8b465ee728b)
Start importing Assets/CabinDecor/Gogo Casual Pack/Gogo Casual Free Plants Pack/FBX/Decoration_Vase_07_01.fbx using Guid(2ecea0e23a6d8d245bbee0e40c16ebf9) Importer(815301076,1909f56bfc062723c751e8b465ee728b) (PreviewImporter) -> (artifact id: '8a2e528614e618d0deff7dfaa0795587') in 0.0547938 seconds
Number of updated asset objects reloaded before import = 0Number of asset objects unloaded after import = 8

========================================================================
Received Import Request.
  Time since last request: 0.000032 seconds.
  path: Assets/CabinDecor/Gogo Casual Pack/Gogo Casual Free Plants Pack/FBX/Decoration_Vase_07_02.fbx
  artifactKey: Guid(d5c67bca43416064387731656fa4db72) Importer(815301076,1909f56bfc062723c751e8b465ee728b)
Start importing Assets/CabinDecor/Gogo Casual Pack/Gogo Casual Free Plants Pack/FBX/Decoration_Vase_07_02.fbx using Guid(d5c67bca43416064387731656fa4db72) Importer(815301076,1909f56bfc062723c751e8b465ee728b) (PreviewImporter) -> (artifact id: '44b41d64564d1cafbaac3cd2f9528dc4') in 0.0612127 seconds
Number of updated asset objects reloaded before import = 0Number of asset objects unloaded after import = 8

========================================================================
Received Import Request.
  Time since last request: 0.000032 seconds.
  path: Assets/CabinDecor/Gogo Casual Pack/Gogo Casual Free Plants Pack/FBX/Decoration_Vase_06_03.fbx
  artifactKey: Guid(15b8dfb77bb934e41b2be7ceda1cb977) Importer(815301076,1909f56bfc062723c751e8b465ee728b)
Start importing Assets/CabinDecor/Gogo Casual Pack/Gogo Casual Free Plants Pack/FBX/Decoration_Vase_06_03.fbx using Guid(15b8dfb77bb934e41b2be7ceda1cb977) Importer(815301076,1909f56bfc062723c751e8b465ee728b) (PreviewImporter) -> (artifact id: '6a103ddb8bca921ec7a4c50301e871df') in 0.0541647 seconds
Number of updated asset objects reloaded before import = 0Number of asset objects unloaded after import = 8

========================================================================
Received Import Request.
  Time since last request: 0.000038 seconds.
  path: Assets/CabinDecor/Gogo Casual Pack/Gogo Casual Free Plants Pack/FBX/Decoration_Vase_08_04.fbx
  artifactKey: Guid(39a5979733d61444eb816468f0f51ae4) Importer(815301076,1909f56bfc062723c751e8b465ee728b)
Start importing Assets/CabinDecor/Gogo Casual Pack/Gogo Casual Free Plants Pack/FBX/Decoration_Vase_08_04.fbx using Guid(39a5979733d61444eb816468f0f51ae4) Importer(815301076,1909f56bfc062723c751e8b465ee728b) (PreviewImporter) -> (artifact id: 'bd3a67e3110cc0b0a2ac69a87ec02306') in 0.0636833 seconds
Number of updated asset objects reloaded before import = 0Number of asset objects unloaded after import = 9

========================================================================
Received Import Request.
  Time since last request: 0.000038 seconds.
  path: Assets/CabinDecor/Gogo Casual Pack/Gogo Casual Free Plants Pack/FBX/Decoration_Vase_02_02.fbx
  artifactKey: Guid(b9701b621c28a3f4c9cb43c234f1580e) Importer(815301076,1909f56bfc062723c751e8b465ee728b)
Start importing Assets/CabinDecor/Gogo Casual Pack/Gogo Casual Free Plants Pack/FBX/Decoration_Vase_02_02.fbx using Guid(b9701b621c28a3f4c9cb43c234f1580e) Importer(815301076,1909f56bfc062723c751e8b465ee728b) (PreviewImporter) -> (artifact id: '9ef8146fb5535b7d3c1c85373722321a') in 0.0567639 seconds
Number of updated asset objects reloaded before import = 0Number of asset objects unloaded after import = 9

========================================================================
Received Import Request.
  Time since last request: 0.000029 seconds.
  path: Assets/CabinDecor/Gogo Casual Pack/Gogo Casual Free Plants Pack/FBX/Decoration_Vase_08_02.fbx
  artifactKey: Guid(4f7ac2c36d7e212498b035c42830b098) Importer(815301076,1909f56bfc062723c751e8b465ee728b)
Start importing Assets/CabinDecor/Gogo Casual Pack/Gogo Casual Free Plants Pack/FBX/Decoration_Vase_08_02.fbx using Guid(4f7ac2c36d7e212498b035c42830b098) Importer(815301076,1909f56bfc062723c751e8b465ee728b) (PreviewImporter) -> (artifact id: 'a24ebcfa5d5c22eaa503b9abbe238c5a') in 0.0554768 seconds
Number of updated asset objects reloaded before import = 0Number of asset objects unloaded after import = 9

========================================================================
Received Import Request.
  Time since last request: 0.000029 seconds.
  path: Assets/CabinDecor/Gogo Casual Pack/Gogo Casual Free Plants Pack/FBX/Decoration_Vase_06_02.fbx
  artifactKey: Guid(d7446ed5f94d18747903f15f5606e802) Importer(815301076,1909f56bfc062723c751e8b465ee728b)
Start importing Assets/CabinDecor/Gogo Casual Pack/Gogo Casual Free Plants Pack/FBX/Decoration_Vase_06_02.fbx using Guid(d7446ed5f94d18747903f15f5606e802) Importer(815301076,1909f56bfc062723c751e8b465ee728b) (PreviewImporter) -> (artifact id: '644d6f001fc3bb85ac92594b07346562') in 0.0569817 seconds
Number of updated asset objects reloaded before import = 0Number of asset objects unloaded after import = 8

========================================================================
Received Import Request.
  Time since last request: 0.000023 seconds.
  path: Assets/CabinDecor/Gogo Casual Pack/Gogo Casual Free Plants Pack/FBX/Decoration_Vase_08_03.fbx
  artifactKey: Guid(322ed80b8b9bb2941b78a69de96ee023) Importer(815301076,1909f56bfc062723c751e8b465ee728b)
Start importing Assets/CabinDecor/Gogo Casual Pack/Gogo Casual Free Plants Pack/FBX/Decoration_Vase_08_03.fbx using Guid(322ed80b8b9bb2941b78a69de96ee023) Importer(815301076,1909f56bfc062723c751e8b465ee728b) (PreviewImporter) -> (artifact id: '4c43693382d28c1cb71bd1dd2afb4b50') in 0.0562371 seconds
Number of updated asset objects reloaded before import = 0Number of asset objects unloaded after import = 9

========================================================================
Received Import Request.
  Time since last request: 0.000038 seconds.
  path: Assets/CabinDecor/Gogo Casual Pack/Gogo Casual Free Plants Pack/FBX/Decoration_Vase_01_01.fbx
  artifactKey: Guid(2ddf436f457ee924a887b0be739af988) Importer(815301076,1909f56bfc062723c751e8b465ee728b)
Start importing Assets/CabinDecor/Gogo Casual Pack/Gogo Casual Free Plants Pack/FBX/Decoration_Vase_01_01.fbx using Guid(2ddf436f457ee924a887b0be739af988) Importer(815301076,1909f56bfc062723c751e8b465ee728b) (PreviewImporter) -> (artifact id: '37fbca236dd349314d11fb96b8e19e49') in 0.0520262 seconds
Number of updated asset objects reloaded before import = 0Number of asset objects unloaded after import = 9

========================================================================
Received Import Request.
  Time since last request: 105.466653 seconds.
  path: Assets/Brick Project Studio/_BPS Basic Assets/Common/Materials/Restroom/RR_SoapLabel.mat
  artifactKey: Guid(66fe060a1655b474b9ce1641bbf19f9d) Importer(815301076,1909f56bfc062723c751e8b465ee728b)
Start importing Assets/Brick Project Studio/_BPS Basic Assets/Common/Materials/Restroom/RR_SoapLabel.mat using Guid(66fe060a1655b474b9ce1641bbf19f9d) Importer(815301076,1909f56bfc062723c751e8b465ee728b) (PreviewImporter) -> (artifact id: '6ae7fc880b49a444cd443d877ad3585b') in 1.2119836 seconds
Number of updated asset objects reloaded before import = 0Number of asset objects unloaded after import = 2

========================================================================
Received Import Request.
  Time since last request: 0.000024 seconds.
  path: Assets/Brick Project Studio/Fast Food Restaurant Kit/Common/Materials/TrayLiner_01.mat
  artifactKey: Guid(9ac8dc4089fc14c4e869eb587b918553) Importer(815301076,1909f56bfc062723c751e8b465ee728b)
Start importing Assets/Brick Project Studio/Fast Food Restaurant Kit/Common/Materials/TrayLiner_01.mat using Guid(9ac8dc4089fc14c4e869eb587b918553) Importer(815301076,1909f56bfc062723c751e8b465ee728b) (PreviewImporter) -> (artifact id: 'a38d6bb19ee3458e34a175d7bb7a2472') in 0.0153571 seconds
Number of updated asset objects reloaded before import = 0Number of asset objects unloaded after import = 2

========================================================================
Received Import Request.
  Time since last request: 0.000026 seconds.
  path: Assets/Samples/XR Interaction Toolkit/3.2.2/Starter Assets/Materials/Telport Area.mat
  artifactKey: Guid(be1e10ce8a6f8cc4fb08d11c7f722469) Importer(815301076,1909f56bfc062723c751e8b465ee728b)
Start importing Assets/Samples/XR Interaction Toolkit/3.2.2/Starter Assets/Materials/Telport Area.mat using Guid(be1e10ce8a6f8cc4fb08d11c7f722469) Importer(815301076,1909f56bfc062723c751e8b465ee728b) (PreviewImporter) -> (artifact id: '73d7071e0d963c7d87f3253edae83b6a') in 0.0661119 seconds
Number of updated asset objects reloaded before import = 0Number of asset objects unloaded after import = 2

========================================================================
Received Import Request.
  Time since last request: 0.000015 seconds.
  path: Assets/Samples/XR Interaction Toolkit/3.2.2/Starter Assets/Materials/Telport Anchor.mat
  artifactKey: Guid(fd3c5d8fce991e04f9c11109dde95b3b) Importer(815301076,1909f56bfc062723c751e8b465ee728b)
Start importing Assets/Samples/XR Interaction Toolkit/3.2.2/Starter Assets/Materials/Telport Anchor.mat using Guid(fd3c5d8fce991e04f9c11109dde95b3b) Importer(815301076,1909f56bfc062723c751e8b465ee728b) (PreviewImporter) -> (artifact id: '602a6d64fa574e74c537884b7505a607') in 0.0076399 seconds
Number of updated asset objects reloaded before import = 0Number of asset objects unloaded after import = 2

========================================================================
Received Import Request.
  Time since last request: 0.000025 seconds.
  path: Assets/CabinDecor/ALSTRA INFINITE/Snap-N-Set Starter/Appliances/Legacy Models/Scenes/Demo Materials/Walls.mat
  artifactKey: Guid(58e693df3fb373a44a9e57e832cc2bb4) Importer(815301076,1909f56bfc062723c751e8b465ee728b)
Start importing Assets/CabinDecor/ALSTRA INFINITE/Snap-N-Set Starter/Appliances/Legacy Models/Scenes/Demo Materials/Walls.mat using Guid(58e693df3fb373a44a9e57e832cc2bb4) Importer(815301076,1909f56bfc062723c751e8b465ee728b) (PreviewImporter) -> (artifact id: '60b7be051232197ef8aa9ea3861a9851') in 0.0160904 seconds
Number of updated asset objects reloaded before import = 0Number of asset objects unloaded after import = 1

Editor requested this worker to shutdown with reason: Scaling down because of idle timeout
AssetImportWorker is now disconnected from the server
Process exiting
Exiting without the bug reporter. Application will terminate with return code 0