[Licensing::Module] Trying to connect to existing licensing client channel...
Built from '6000.2/staging' branch; Version is '6000.2.13f1 (abdb44fca7f7) revision 11262788'; Using compiler version '194234433'; Build Type 'Release'
OS: 'Windows 10  (10.0.19045) 64bit Core' Language: 'en' Physical Memory: 31860 MB
[Licensing::IpcConnector] Successfully connected to: "LicenseClient-Raptor" at "2025-12-05T01:23:36.1673708Z"
BatchMode: 1, IsHumanControllingUs: 0, StartBugReporterOnCrash: 0, Is64bit: 1
Date: 2025-12-05T01:23:36Z

COMMAND LINE ARGUMENTS:
C:\Program Files\Unity\Hub\Editor\6000.2.13f1\Editor\Unity.exe
-adb2
-batchMode
-noUpm
-name
AssetImportWorker105
-projectPath
C:/GIT_Projects/prj1/FastFood
-logFile
Logs/AssetImportWorker105.log
-srvPort
64782
-licensingIpc
LicenseClient-Raptor
-job-worker-count
7
-background-job-worker-count
8
-gc-helper-count
1
-name
AssetImport
Successfully changed project path to: C:/GIT_Projects/prj1/FastFood
C:/GIT_Projects/prj1/FastFood
[UnityMemory] Configuration Parameters - Can be set up in boot.config
    "memorysetup-allocator-temp-initial-block-size-main=262144"
    "memorysetup-allocator-temp-initial-block-size-worker=262144"
    "memorysetup-bucket-allocator-granularity=16"
    "memorysetup-bucket-allocator-bucket-count=8"
    "memorysetup-bucket-allocator-block-size=33554432"
    "memorysetup-bucket-allocator-block-count=8"
    "memorysetup-main-allocator-block-size=16777216"
    "memorysetup-thread-allocator-block-size=16777216"
    "memorysetup-gfx-main-allocator-block-size=16777216"
    "memorysetup-gfx-thread-allocator-block-size=16777216"
    "memorysetup-cache-allocator-block-size=4194304"
    "memorysetup-typetree-allocator-block-size=2097152"
    "memorysetup-profiler-bucket-allocator-granularity=16"
    "memorysetup-profiler-bucket-allocator-bucket-count=8"
    "memorysetup-profiler-bucket-allocator-block-size=33554432"
    "memorysetup-profiler-bucket-allocator-block-count=8"
    "memorysetup-profiler-allocator-block-size=16777216"
    "memorysetup-profiler-editor-allocator-block-size=1048576"
    "memorysetup-temp-allocator-size-main=16777216"
    "memorysetup-job-temp-allocator-block-size=2097152"
    "memorysetup-job-temp-allocator-block-size-background=1048576"
    "memorysetup-job-temp-allocator-reduction-small-platforms=262144"
    "memorysetup-temp-allocator-size-background-worker=32768"
    "memorysetup-temp-allocator-size-job-worker=262144"
    "memorysetup-temp-allocator-size-preload-manager=33554432"
    "memorysetup-temp-allocator-size-nav-mesh-worker=65536"
    "memorysetup-temp-allocator-size-audio-worker=65536"
    "memorysetup-temp-allocator-size-cloud-worker=32768"
    "memorysetup-temp-allocator-size-gi-baking-worker=262144"
    "memorysetup-temp-allocator-size-gi-baking-worker=262144"
    "memorysetup-temp-allocator-size-gi-baking-worker=262144"
    "memorysetup-temp-allocator-size-gi-baking-worker=262144"
    "memorysetup-temp-allocator-size-gi-baking-worker=262144"
    "memorysetup-temp-allocator-size-gfx=262144"
Player connection [36476]  Target information:

Player connection [36476]  * "[IP] 192.168.10.94 [Port] 0 [Flags] 2 [Guid] 317737921 [EditorId] 317737921 [Version] 1048832 [Id] WindowsEditor(7,DESKTOP-N6LDBOS) [Debug] 1 [PackageName] WindowsEditor [ProjectName] Editor" 

Player connection [36476] Host joined multi-casting on [225.0.0.222:54997]...
Player connection [36476] Host joined alternative multi-casting on [225.0.0.222:34997]...
JobSystem: Creating JobQueue using job-worker-count value 7
Input System module state changed to: Initialized.
[Physics::Module] Initialized fallback backend.
[Physics::Module] Id: 0xdecafbad
Library Redirect Path: Library/
[Physics::Module] Selected backend.
[Physics::Module] Name: PhysX
[Physics::Module] Id: 0xf2b8ea05
[Physics::Module] SDK Version: 4.1.2
[Physics::Module] Integration Version: 1.0.0
[Physics::Module] Threading Mode: Multi-Threaded
Refreshing native plugins compatible for Editor in 14.34 ms, found 14 plugins.
Preloading 1 native plugins for Editor in 0.58 ms.
Initialize engine version: 6000.2.13f1 (abdb44fca7f7)
[Subsystems] Discovering subsystems at path C:/Program Files/Unity/Hub/Editor/6000.2.13f1/Editor/Data/Resources/UnitySubsystems
[Subsystems] Discovering subsystems at path C:/GIT_Projects/prj1/FastFood/Assets
GfxDevice: creating device client; kGfxThreadingModeNonThreaded
Direct3D:
    Version:  Direct3D 11.0 [level 11.1]
    Renderer: NVIDIA GeForce RTX 5070 (ID=0x2f04)
    Vendor:   NVIDIA
    VRAM:     11854 MB
    Driver:   32.0.15.8129
Initialize mono
Mono path[0] = 'C:/Program Files/Unity/Hub/Editor/6000.2.13f1/Editor/Data/Managed'
Mono path[1] = 'C:/Program Files/Unity/Hub/Editor/6000.2.13f1/Editor/Data/MonoBleedingEdge/lib/mono/unityjit-win32'
Mono config path = 'C:/Program Files/Unity/Hub/Editor/6000.2.13f1/Editor/Data/MonoBleedingEdge/etc'
Using monoOptions --debugger-agent=transport=dt_socket,embedding=1,server=y,suspend=n,address=127.0.0.1:56460
Begin MonoManager ReloadAssembly
Registering precompiled unity dll's ...
Register platform support module: C:/Program Files/Unity/Hub/Editor/6000.2.13f1/Editor/Data/PlaybackEngines/WindowsStandaloneSupport/UnityEditor.WindowsStandalone.Extensions.dll
[Licensing::Module] Licensing is not yet initialized.
[Licensing::Client] Error: HandshakeResponse reported an error:
	ResponseCode: 505
	ResponseStatus: Unsupported protocol version '1.17.4'.
[Licensing::Module] Error: Failed to handshake to channel: "LicenseClient-Raptor"
[Licensing::IpcConnector] LicenseClient-Raptor channel disconnected successfully.
[Licensing::IpcConnector] Successfully connected to: "LicenseClient-Raptor-6000.2.13" at "2025-12-05T01:23:36.7026975Z"
[Licensing::Client] Handshaking with LicensingClient:
  Version:                 1.17.4+4293ba1
  Session Id:              cccbe9c945234befadc90c0f3bdd8b57
  Correlation Id:          8b443b1067030043d42fc3d4d67f1055
  External correlation Id: 453640656024006221
  Machine Id:              /Gk3cS3RbuDCQMU5P993206Xbmc=
[Licensing::Module] Successfully connected to LicensingClient on channel: "LicenseClient-Raptor-6000.2.13" (connect: 0.00s, validation: 0.00s, handshake: 0.48s)
[Licensing::IpcConnector] Successfully connected to: "LicenseClient-Raptor-6000.2.13-notifications" at "2025-12-05T01:23:37.1793139Z"
[Licensing::Module] Licensing Background thread has ended after 1.01s
[Licensing::Module] Licensing is initialized (took 0.56s).
[Licensing::Client] Successfully resolved entitlement details
[Licensing::Module] License group:
  Id: 2475892980188-UnityPersXXXX
  Product: Unity Personal
  Type: Assigned
  Expiration: Unlimited
Register platform support module: C:/Program Files/Unity/Hub/Editor/6000.2.13f1/Editor/Data/PlaybackEngines/AndroidPlayer/UnityEditor.Android.Extensions.dll
Registered in 0.563848 seconds.
- Loaded All Assemblies, in  0.777 seconds
Native extension for Android target not found
Android Extension - Scanning For ADB Devices 204 ms
Native extension for WindowsStandalone target not found
Mono: successfully reloaded assembly
- Finished resetting the current domain, in  0.426 seconds
Domain Reload Profiling: 1201ms
	BeginReloadAssembly (68ms)
		ExecutionOrderSort (0ms)
		DisableScriptedObjects (0ms)
		BackupInstance (0ms)
		ReleaseScriptingObjects (0ms)
		CreateAndSetChildDomain (0ms)
	RebuildCommonClasses (19ms)
	RebuildNativeTypeToScriptingClass (8ms)
	initialDomainReloadingComplete (591ms)
	LoadAllAssembliesAndSetupDomain (89ms)
		LoadAssemblies (66ms)
		RebuildTransferFunctionScriptingTraits (0ms)
		AnalyzeDomain (87ms)
			TypeCache.Refresh (86ms)
				TypeCache.ScanAssembly (78ms)
			BuildScriptInfoCaches (0ms)
			ResolveRequiredComponents (0ms)
	FinalizeReload (427ms)
		ReleaseScriptCaches (0ms)
		RebuildScriptCaches (0ms)
		SetupLoadedEditorAssemblies (398ms)
			LogAssemblyErrors (0ms)
			InitializePlatformSupportModulesInManaged (263ms)
			SetLoadedEditorAssemblies (2ms)
			BeforeProcessingInitializeOnLoad (36ms)
			ProcessInitializeOnLoadAttributes (68ms)
			ProcessInitializeOnLoadMethodAttributes (30ms)
			AfterProcessingInitializeOnLoad (0ms)
			EditorAssembliesLoaded (0ms)
		ExecutionOrderSort2 (0ms)
		AwakeInstancesAfterBackupRestoration (0ms)
========================================================================
Worker process is ready to serve import requests
Import Worker Mode flag is 0x00
Begin MonoManager ReloadAssembly
[Licensing::Client] Successfully resolved entitlement details
- Loaded All Assemblies, in  0.475 seconds
Refreshing native plugins compatible for Editor in 6.00 ms, found 14 plugins.
Native extension for Android target not found
Native extension for WindowsStandalone target not found
Package Manager log level set to [2]
[Package Manager] Failed to launch server process. Reason: Unity was launched with the -noUpm command-line argument
[Package Manager] Unable to send message (not connected to server process).
[Package Manager] Cannot connect to Unity Package Manager local server
System.Reflection.TargetInvocationException: Exception has been thrown by the target of an invocation. ---> System.NullReferenceException: Object reference not set to an instance of an object
  at Unity.XR.Oculus.OculusLoader.AssetPathToAbsolutePath (System.String assetPath) [0x0003d] in .\Library\PackageCache\com.unity.xr.oculus@44578ba4bd45\Runtime\OculusLoader.cs:312 
  at Unity.XR.Oculus.OculusLoader.EditorLoadOVRPlugin () [0x0008c] in .\Library\PackageCache\com.unity.xr.oculus@44578ba4bd45\Runtime\OculusLoader.cs:297 
  at (wrapper managed-to-native) System.Reflection.RuntimeMethodInfo.InternalInvoke(System.Reflection.RuntimeMethodInfo,object,object[],System.Exception&)
  at System.Reflection.RuntimeMethodInfo.Invoke (System.Object obj, System.Reflection.BindingFlags invokeAttr, System.Reflection.Binder binder, System.Object[] parameters, System.Globalization.CultureInfo culture) [0x0006a] in <bed9669261d44da0a59448ecde2b1a5c>:0 
   --- End of inner exception stack trace ---
  at System.Reflection.RuntimeMethodInfo.Invoke (System.Object obj, System.Reflection.BindingFlags invokeAttr, System.Reflection.Binder binder, System.Object[] parameters, System.Globalization.CultureInfo culture) [0x00083] in <bed9669261d44da0a59448ecde2b1a5c>:0 
  at System.Reflection.MethodBase.Invoke (System.Object obj, System.Object[] parameters) [0x00000] in <bed9669261d44da0a59448ecde2b1a5c>:0 
  at UnityEditor.EditorAssemblies.ProcessInitializeOnLoadMethodAttributes () [0x00087] in <1a7e38f6fac74b0d95602c9f9166f28a>:0 
UnityEngine.Debug:ExtractStackTraceNoAlloc (byte*,int,string)
UnityEngine.StackTraceUtility:ExtractStackTrace ()
UnityEngine.DebugLogHandler:Internal_Log (UnityEngine.LogType,UnityEngine.LogOption,string,UnityEngine.Object)
UnityEngine.DebugLogHandler:LogFormat (UnityEngine.LogType,UnityEngine.Object,string,object[])
UnityEngine.Logger:Log (UnityEngine.LogType,object)
UnityEngine.Debug:LogError (object)
UnityEditor.EditorAssemblies:ProcessInitializeOnLoadMethodAttributes ()

Mono: successfully reloaded assembly
[Package Manager] Failed to launch server process. Reason: Unity was launched with the -noUpm command-line argument
[Package Manager] Unable to send message (not connected to server process).
[Package Manager] Cannot connect to Unity Package Manager local server
[Package Manager] Failed to launch server process. Reason: Unity was launched with the -noUpm command-line argument
[Package Manager] Unable to send message (not connected to server process).
[Package Manager] Cannot connect to Unity Package Manager local server
- Finished resetting the current domain, in  0.816 seconds
Domain Reload Profiling: 1286ms
	BeginReloadAssembly (100ms)
		ExecutionOrderSort (0ms)
		DisableScriptedObjects (3ms)
		BackupInstance (0ms)
		ReleaseScriptingObjects (0ms)
		CreateAndSetChildDomain (20ms)
	RebuildCommonClasses (19ms)
	RebuildNativeTypeToScriptingClass (7ms)
	initialDomainReloadingComplete (22ms)
	LoadAllAssembliesAndSetupDomain (321ms)
		LoadAssemblies (215ms)
		RebuildTransferFunctionScriptingTraits (0ms)
		AnalyzeDomain (158ms)
			TypeCache.Refresh (113ms)
				TypeCache.ScanAssembly (103ms)
			BuildScriptInfoCaches (34ms)
			ResolveRequiredComponents (8ms)
	FinalizeReload (816ms)
		ReleaseScriptCaches (0ms)
		RebuildScriptCaches (0ms)
		SetupLoadedEditorAssemblies (683ms)
			LogAssemblyErrors (0ms)
			InitializePlatformSupportModulesInManaged (5ms)
			SetLoadedEditorAssemblies (3ms)
			BeforeProcessingInitializeOnLoad (86ms)
			ProcessInitializeOnLoadAttributes (513ms)
			ProcessInitializeOnLoadMethodAttributes (72ms)
			AfterProcessingInitializeOnLoad (4ms)
			EditorAssembliesLoaded (0ms)
		ExecutionOrderSort2 (0ms)
		AwakeInstancesAfterBackupRestoration (4ms)
WARNING: Shader Unsupported: 'Hidden/Simulation/URP/Synthetic' - All subshaders removed
WARNING: Shader Did you use #pragma only_renderers and omit this platform?
WARNING: Shader If subshaders removal was intentional, you may have forgotten turning Fallback off?
WARNING: Shader Unsupported: 'Hidden/Simulation/URP/Synthetic' - All subshaders removed
WARNING: Shader Did you use #pragma only_renderers and omit this platform?
WARNING: Shader If subshaders removal was intentional, you may have forgotten turning Fallback off?
WARNING: Shader Unsupported: 'Hidden/Simulation/Synthetic Lit' - All subshaders removed
WARNING: Shader Did you use #pragma only_renderers and omit this platform?
WARNING: Shader If subshaders removal was intentional, you may have forgotten turning Fallback off?
WARNING: Shader Unsupported: 'Hidden/Simulation/Synthetic Lit' - All subshaders removed
WARNING: Shader Did you use #pragma only_renderers and omit this platform?
WARNING: Shader If subshaders removal was intentional, you may have forgotten turning Fallback off?
WARNING: Shader Unsupported: 'Simulation/Standard Lit' - All subshaders removed
WARNING: Shader Did you use #pragma only_renderers and omit this platform?
WARNING: Shader If subshaders removal was intentional, you may have forgotten turning Fallback off?
WARNING: Shader Unsupported: 'Simulation/Standard Lit' - All subshaders removed
WARNING: Shader Did you use #pragma only_renderers and omit this platform?
WARNING: Shader If subshaders removal was intentional, you may have forgotten turning Fallback off?
WARNING: Shader Unsupported: 'Simulation/URP/Room X-Ray' - All subshaders removed
WARNING: Shader Did you use #pragma only_renderers and omit this platform?
WARNING: Shader If subshaders removal was intentional, you may have forgotten turning Fallback off?
WARNING: Shader Unsupported: 'Simulation/URP/Room X-Ray' - All subshaders removed
WARNING: Shader Did you use #pragma only_renderers and omit this platform?
WARNING: Shader If subshaders removal was intentional, you may have forgotten turning Fallback off?
WARNING: Shader Unsupported: 'Simulation/Room X-Ray' - All subshaders removed
WARNING: Shader Did you use #pragma only_renderers and omit this platform?
WARNING: Shader If subshaders removal was intentional, you may have forgotten turning Fallback off?
WARNING: Shader Unsupported: 'Simulation/Room X-Ray' - All subshaders removed
WARNING: Shader Did you use #pragma only_renderers and omit this platform?
WARNING: Shader If subshaders removal was intentional, you may have forgotten turning Fallback off?
WARNING: Shader Unsupported: 'Simulation/URP/Lit' - All subshaders removed
WARNING: Shader Did you use #pragma only_renderers and omit this platform?
WARNING: Shader If subshaders removal was intentional, you may have forgotten turning Fallback off?
WARNING: Shader Unsupported: 'Simulation/URP/Lit' - All subshaders removed
WARNING: Shader Did you use #pragma only_renderers and omit this platform?
WARNING: Shader If subshaders removal was intentional, you may have forgotten turning Fallback off?
Launched and connected shader compiler UnityShaderCompiler.exe after 0.01 seconds
Refreshing native plugins compatible for Editor in 5.94 ms, found 14 plugins.
Preloading 1 native plugins for Editor in 0.06 ms.
Unloading 19 Unused Serialized files (Serialized files now loaded: 0)
Unloading 8054 unused Assets / (7.8 MB). Loaded Objects now: 8826.
Memory consumption went from 161.5 MB to 153.7 MB.
Total: 11.504600 ms (FindLiveObjects: 0.619400 ms CreateObjectMapping: 0.243000 ms MarkObjects: 8.038400 ms  DeleteObjects: 2.602900 ms)

========================================================================
Received Import Request.
  Time since last request: 20896.534268 seconds.
  path: Assets/CabinDecor/Hash Game studios/Trash Bag & Trash Box/Materials/Room mat.mat
  artifactKey: Guid(cab09b9602deb5d41babb0ba4b58f4d9) Importer(815301076,1909f56bfc062723c751e8b465ee728b)
Start importing Assets/CabinDecor/Hash Game studios/Trash Bag & Trash Box/Materials/Room mat.mat using Guid(cab09b9602deb5d41babb0ba4b58f4d9) Importer(815301076,1909f56bfc062723c751e8b465ee728b) (PreviewImporter) -> (artifact id: 'c98d4c4c22b6c44f1deaa348458f8377') in 0.3305354 seconds
Number of updated asset objects reloaded before import = 0Number of asset objects unloaded after import = 1

========================================================================
Received Import Request.
  Time since last request: 2.940085 seconds.
  path: Assets/CabinDecor/Hash Game studios/Trash Bag & Trash Box/Materials/Garbage
  artifactKey: Guid(826d82991949eb746afa8f1d50db2830) Importer(815301076,1909f56bfc062723c751e8b465ee728b)
Start importing Assets/CabinDecor/Hash Game studios/Trash Bag & Trash Box/Materials/Garbage using Guid(826d82991949eb746afa8f1d50db2830) Importer(815301076,1909f56bfc062723c751e8b465ee728b) (PreviewImporter) -> (artifact id: 'baed67f2724263d7cfda13db5c6b9da7') in 0.0004896 seconds
Number of updated asset objects reloaded before import = 0Number of asset objects unloaded after import = 0

========================================================================
Received Import Request.
  Time since last request: 3.203582 seconds.
  path: Assets/CabinDecor/Hash Game studios/Trash Bag & Trash Box/Materials/Garbage/Bottle
  artifactKey: Guid(16c3e08b4e7d26a4da4b5c7df8e09438) Importer(815301076,1909f56bfc062723c751e8b465ee728b)
Start importing Assets/CabinDecor/Hash Game studios/Trash Bag & Trash Box/Materials/Garbage/Bottle using Guid(16c3e08b4e7d26a4da4b5c7df8e09438) Importer(815301076,1909f56bfc062723c751e8b465ee728b) (PreviewImporter) -> (artifact id: 'bbb25cd09709f01530678e9bfef80e9d') in 0.0006123 seconds
Number of updated asset objects reloaded before import = 0Number of asset objects unloaded after import = 0

========================================================================
Received Import Request.
  Time since last request: 1.172960 seconds.
  path: Assets/CabinDecor/Hash Game studios/Trash Bag & Trash Box/Materials/Garbage/Bottle/Bottle 1
  artifactKey: Guid(530c28bab686dae4b8695ec5171d96dd) Importer(815301076,1909f56bfc062723c751e8b465ee728b)
Start importing Assets/CabinDecor/Hash Game studios/Trash Bag & Trash Box/Materials/Garbage/Bottle/Bottle 1 using Guid(530c28bab686dae4b8695ec5171d96dd) Importer(815301076,1909f56bfc062723c751e8b465ee728b) (PreviewImporter) -> (artifact id: '2b1175728a393b215a5ca94a2354a8a5') in 0.00046 seconds
Number of updated asset objects reloaded before import = 0Number of asset objects unloaded after import = 0

========================================================================
Received Import Request.
  Time since last request: 0.056104 seconds.
  path: Assets/CabinDecor/Hash Game studios/Trash Bag & Trash Box/Materials/Garbage/Bottle/Bottle 1/Bottle 1 blue glass dirt mat.mat
  artifactKey: Guid(d9413062dc4252c46980a562afb9514f) Importer(815301076,1909f56bfc062723c751e8b465ee728b)
Start importing Assets/CabinDecor/Hash Game studios/Trash Bag & Trash Box/Materials/Garbage/Bottle/Bottle 1/Bottle 1 blue glass dirt mat.mat using Guid(d9413062dc4252c46980a562afb9514f) Importer(815301076,1909f56bfc062723c751e8b465ee728b) (PreviewImporter) -> (artifact id: 'd3f919611b760691617b8b2e2a0f0dc6') in 0.0477208 seconds
Number of updated asset objects reloaded before import = 0Number of asset objects unloaded after import = 6

========================================================================
Received Import Request.
  Time since last request: 0.000021 seconds.
  path: Assets/CabinDecor/Hash Game studios/Trash Bag & Trash Box/Materials/Garbage/Bottle/Bottle 1/Bottle 1 red glass mat.mat
  artifactKey: Guid(3dad0fcef75da4f4cb682ea82810fe16) Importer(815301076,1909f56bfc062723c751e8b465ee728b)
Start importing Assets/CabinDecor/Hash Game studios/Trash Bag & Trash Box/Materials/Garbage/Bottle/Bottle 1/Bottle 1 red glass mat.mat using Guid(3dad0fcef75da4f4cb682ea82810fe16) Importer(815301076,1909f56bfc062723c751e8b465ee728b) (PreviewImporter) -> (artifact id: 'ba142b51976b99ba04896e995d4bc1ba') in 0.0250276 seconds
Number of updated asset objects reloaded before import = 0Number of asset objects unloaded after import = 5

========================================================================
Received Import Request.
  Time since last request: 0.000027 seconds.
  path: Assets/CabinDecor/Hash Game studios/Trash Bag & Trash Box/Materials/Garbage/Bottle/Bottle 1/Bottle 1 green glass mat.mat
  artifactKey: Guid(1d95b2a670a98564791364b4134b4c58) Importer(815301076,1909f56bfc062723c751e8b465ee728b)
Start importing Assets/CabinDecor/Hash Game studios/Trash Bag & Trash Box/Materials/Garbage/Bottle/Bottle 1/Bottle 1 green glass mat.mat using Guid(1d95b2a670a98564791364b4134b4c58) Importer(815301076,1909f56bfc062723c751e8b465ee728b) (PreviewImporter) -> (artifact id: 'e2694b96a4d3c7a2f55876ba6c907859') in 0.0223788 seconds
Number of updated asset objects reloaded before import = 0Number of asset objects unloaded after import = 5

========================================================================
Received Import Request.
  Time since last request: 0.000021 seconds.
  path: Assets/CabinDecor/Hash Game studios/Trash Bag & Trash Box/Materials/Garbage/Bottle/Bottle 1/Bottle 1 glass mat.mat
  artifactKey: Guid(094a681459aca7e44a6529346046199b) Importer(815301076,1909f56bfc062723c751e8b465ee728b)
Start importing Assets/CabinDecor/Hash Game studios/Trash Bag & Trash Box/Materials/Garbage/Bottle/Bottle 1/Bottle 1 glass mat.mat using Guid(094a681459aca7e44a6529346046199b) Importer(815301076,1909f56bfc062723c751e8b465ee728b) (PreviewImporter) -> (artifact id: 'f882850849b9ecf78600c438bb351703') in 0.0237419 seconds
Number of updated asset objects reloaded before import = 0Number of asset objects unloaded after import = 5

========================================================================
Received Import Request.
  Time since last request: 0.000023 seconds.
  path: Assets/CabinDecor/Hash Game studios/Trash Bag & Trash Box/Materials/Garbage/Bottle/Bottle 1/Bottle 1 green glass dirt mat.mat
  artifactKey: Guid(46272233633b3ff4db32b079b5469d15) Importer(815301076,1909f56bfc062723c751e8b465ee728b)
Start importing Assets/CabinDecor/Hash Game studios/Trash Bag & Trash Box/Materials/Garbage/Bottle/Bottle 1/Bottle 1 green glass dirt mat.mat using Guid(46272233633b3ff4db32b079b5469d15) Importer(815301076,1909f56bfc062723c751e8b465ee728b) (PreviewImporter) -> (artifact id: '3c7fbda01af6872a3d1cb44f970d8649') in 0.0232315 seconds
Number of updated asset objects reloaded before import = 0Number of asset objects unloaded after import = 6

========================================================================
Received Import Request.
  Time since last request: 0.000022 seconds.
  path: Assets/CabinDecor/Hash Game studios/Trash Bag & Trash Box/Materials/Garbage/Bottle/Bottle 1/Bottle 1 red glass dirt mat.mat
  artifactKey: Guid(bf3161ec47c874b49899dd3f9072e833) Importer(815301076,1909f56bfc062723c751e8b465ee728b)
Start importing Assets/CabinDecor/Hash Game studios/Trash Bag & Trash Box/Materials/Garbage/Bottle/Bottle 1/Bottle 1 red glass dirt mat.mat using Guid(bf3161ec47c874b49899dd3f9072e833) Importer(815301076,1909f56bfc062723c751e8b465ee728b) (PreviewImporter) -> (artifact id: 'e3604ebd740fcad80f061a4b1f89bc63') in 0.0249036 seconds
Number of updated asset objects reloaded before import = 0Number of asset objects unloaded after import = 6

========================================================================
Received Import Request.
  Time since last request: 0.000021 seconds.
  path: Assets/CabinDecor/Hash Game studios/Trash Bag & Trash Box/Materials/Garbage/Bottle/Bottle 1/Bottle 1 glass dirt mat.mat
  artifactKey: Guid(5a94ecdbb9d8f7b4199b356bf392617d) Importer(815301076,1909f56bfc062723c751e8b465ee728b)
Start importing Assets/CabinDecor/Hash Game studios/Trash Bag & Trash Box/Materials/Garbage/Bottle/Bottle 1/Bottle 1 glass dirt mat.mat using Guid(5a94ecdbb9d8f7b4199b356bf392617d) Importer(815301076,1909f56bfc062723c751e8b465ee728b) (PreviewImporter) -> (artifact id: '432e9dee2e6b45d6dffa2b03408e76cb') in 0.0205164 seconds
Number of updated asset objects reloaded before import = 0Number of asset objects unloaded after import = 6

========================================================================
Received Import Request.
  Time since last request: 2.392852 seconds.
  path: Assets/CabinDecor/Hash Game studios/Trash Bag & Trash Box/Materials/Garbage/Bottle/Bottle 2
  artifactKey: Guid(494f13a3a33ead240adaeff8c0e823e9) Importer(815301076,1909f56bfc062723c751e8b465ee728b)
Start importing Assets/CabinDecor/Hash Game studios/Trash Bag & Trash Box/Materials/Garbage/Bottle/Bottle 2 using Guid(494f13a3a33ead240adaeff8c0e823e9) Importer(815301076,1909f56bfc062723c751e8b465ee728b) (PreviewImporter) -> (artifact id: '13eb68427c5e6aeb96d9ff413e133678') in 0.0004541 seconds
Number of updated asset objects reloaded before import = 0Number of asset objects unloaded after import = 0

========================================================================
Received Import Request.
  Time since last request: 1.598191 seconds.
  path: Assets/CabinDecor/Hash Game studios/Trash Bag & Trash Box/Materials/Garbage/Bottle/Bottle 2/Bottle 2 Body dirt mat.mat
  artifactKey: Guid(c9dae2b674ff6b44d936ec36ae0a9ea2) Importer(815301076,1909f56bfc062723c751e8b465ee728b)
Start importing Assets/CabinDecor/Hash Game studios/Trash Bag & Trash Box/Materials/Garbage/Bottle/Bottle 2/Bottle 2 Body dirt mat.mat using Guid(c9dae2b674ff6b44d936ec36ae0a9ea2) Importer(815301076,1909f56bfc062723c751e8b465ee728b) (PreviewImporter) -> (artifact id: '2462e818bcecd2142c7b9109c5eba60a') in 1.0680064 seconds
Number of updated asset objects reloaded before import = 0Number of asset objects unloaded after import = 5

========================================================================
Received Import Request.
  Time since last request: 83.613548 seconds.
  path: Assets/CabinDecor/Low Poly Pistol Weapon Pack 1/Materials/Low Poly Lens.mat
  artifactKey: Guid(10448fa9df7ee7542942fc23303b0707) Importer(815301076,1909f56bfc062723c751e8b465ee728b)
Start importing Assets/CabinDecor/Low Poly Pistol Weapon Pack 1/Materials/Low Poly Lens.mat using Guid(10448fa9df7ee7542942fc23303b0707) Importer(815301076,1909f56bfc062723c751e8b465ee728b) (PreviewImporter) -> (artifact id: '9fad1d34c9071ee64527d4e64c339d37') in 0.0111534 seconds
Number of updated asset objects reloaded before import = 0Number of asset objects unloaded after import = 2

========================================================================
Received Import Request.
  Time since last request: 0.000036 seconds.
  path: Assets/CabinDecor/Low Poly Pistol Weapon Pack 1/Materials/Plane.mat
  artifactKey: Guid(90e4f2de9ae0a284ba2db9bdbd931d16) Importer(815301076,1909f56bfc062723c751e8b465ee728b)
Start importing Assets/CabinDecor/Low Poly Pistol Weapon Pack 1/Materials/Plane.mat using Guid(90e4f2de9ae0a284ba2db9bdbd931d16) Importer(815301076,1909f56bfc062723c751e8b465ee728b) (PreviewImporter) -> (artifact id: '970991f3e78f2ed164e4691c18ba29b7') in 0.0062615 seconds
Number of updated asset objects reloaded before import = 0Number of asset objects unloaded after import = 1

========================================================================
Received Import Request.
  Time since last request: 14.549224 seconds.
  path: Assets/Scenes/BedroomSceenes/FirstBedroom.unity
  artifactKey: Guid(d68fa5a022bc318428aff9fd93e07060) Importer(2089858483,3d70f49cd1c2eb9ae422958d1c652c6b)
Start importing Assets/Scenes/BedroomSceenes/FirstBedroom.unity using Guid(d68fa5a022bc318428aff9fd93e07060) Importer(2089858483,3d70f49cd1c2eb9ae422958d1c652c6b) (ScriptedImporter)Opening scene 'Assets/Scenes/BedroomSceenes/FirstBedroom.unity additively'
Loaded scene 'Assets/Scenes/BedroomSceenes/FirstBedroom.unity'
	Deserialize:            6.532 ms
	Integration:            301.606 ms
	Integration of assets:  0.003 ms
	Thread Wait Time:       0.016 ms
	Total Operation Time:   308.156 ms
 -> (artifact id: '032012664c67ce15c0b0b60c96a4db38') in 0.8365687 seconds
Number of updated asset objects reloaded before import = 0Number of asset objects unloaded after import = 2869

========================================================================
Received Import Request.
  Time since last request: 0.000042 seconds.
  path: Assets/CabinDecor/Hash Game studios/Trash Bag & Trash Box/Textures/Trash bag 1/Clean/Trash bag 1_C_Normal.png
  artifactKey: Guid(e9b07395efd84e4499e325fe0f7307ee) Importer(2089858483,192608db42251d675da83286b1cce702)
Start importing Assets/CabinDecor/Hash Game studios/Trash Bag & Trash Box/Textures/Trash bag 1/Clean/Trash bag 1_C_Normal.png using Guid(e9b07395efd84e4499e325fe0f7307ee) Importer(2089858483,192608db42251d675da83286b1cce702) (ScriptedImporter)[Licensing::Client] Successfully resolved entitlement details
 -> (artifact id: 'd038aea4f5c1b4bd8e493111b340722b') in 0.0861876 seconds
Number of updated asset objects reloaded before import = 0Number of asset objects unloaded after import = 1

========================================================================
Received Import Request.
  Time since last request: 0.000036 seconds.
  path: Assets/CabinDecor/Hash Game studios/Trash Bag & Trash Box/Meshes/Recycle cardboard/Recycle cardboard closed.fbx
  artifactKey: Guid(34f4569a3ba94f44694e517b3c16008d) Importer(2089858483,192608db42251d675da83286b1cce702)
Start importing Assets/CabinDecor/Hash Game studios/Trash Bag & Trash Box/Meshes/Recycle cardboard/Recycle cardboard closed.fbx using Guid(34f4569a3ba94f44694e517b3c16008d) Importer(2089858483,192608db42251d675da83286b1cce702) (ScriptedImporter) -> (artifact id: '6076685794a6c91f7626ebbd1b7931ff') in 0.1164588 seconds
Number of updated asset objects reloaded before import = 0Number of asset objects unloaded after import = 7

========================================================================
Received Import Request.
  Time since last request: 0.000027 seconds.
  path: Assets/CabinDecor/Hash Game studios/Trash Bag & Trash Box/Resources/Prefabs/Recycle cardboard
  artifactKey: Guid(4774bc2b622192a44ad1a2d32b1fb892) Importer(2089858483,192608db42251d675da83286b1cce702)
Start importing Assets/CabinDecor/Hash Game studios/Trash Bag & Trash Box/Resources/Prefabs/Recycle cardboard using Guid(4774bc2b622192a44ad1a2d32b1fb892) Importer(2089858483,192608db42251d675da83286b1cce702) (ScriptedImporter) -> (artifact id: '8f7099d1b4b01361e55e77c778834140') in 0.0137796 seconds
Number of updated asset objects reloaded before import = 0Number of asset objects unloaded after import = 1

========================================================================
Received Import Request.
  Time since last request: 0.000030 seconds.
  path: Assets/CabinDecor/Hash Game studios/Trash Bag & Trash Box/Textures/Garbage/Canned/Canned food 2/1/Canned food 2_D_Metalic.png
  artifactKey: Guid(16ba0456db61493479494613f53735bb) Importer(2089858483,192608db42251d675da83286b1cce702)
Start importing Assets/CabinDecor/Hash Game studios/Trash Bag & Trash Box/Textures/Garbage/Canned/Canned food 2/1/Canned food 2_D_Metalic.png using Guid(16ba0456db61493479494613f53735bb) Importer(2089858483,192608db42251d675da83286b1cce702) (ScriptedImporter) -> (artifact id: 'c874742b14d19f0fdc95db102657d299') in 0.023768 seconds
Number of updated asset objects reloaded before import = 0Number of asset objects unloaded after import = 1

========================================================================
Received Import Request.
  Time since last request: 0.000032 seconds.
  path: Assets/CabinDecor/Hash Game studios/Trash Bag & Trash Box/Resources/Prefabs/Trash bags/Trash bag 1/Trash bag 1_Collider.prefab
  artifactKey: Guid(5add09bd77886b842ad566a591a68124) Importer(2089858483,192608db42251d675da83286b1cce702)
Start importing Assets/CabinDecor/Hash Game studios/Trash Bag & Trash Box/Resources/Prefabs/Trash bags/Trash bag 1/Trash bag 1_Collider.prefab using Guid(5add09bd77886b842ad566a591a68124) Importer(2089858483,192608db42251d675da83286b1cce702) (ScriptedImporter) -> (artifact id: '58b4d55a23a9bf7e258d9a7228ab81cb') in 0.0182094 seconds
Number of updated asset objects reloaded before import = 0Number of asset objects unloaded after import = 13

========================================================================
Received Import Request.
  Time since last request: 0.000021 seconds.
  path: Assets/CabinDecor/Hash Game studios/Trash Bag & Trash Box/Meshes/Garbage/Bottle/Bottle 1_collider.fbx
  artifactKey: Guid(0cea5fe9e1d991a4b963d5d177368563) Importer(2089858483,192608db42251d675da83286b1cce702)
Start importing Assets/CabinDecor/Hash Game studios/Trash Bag & Trash Box/Meshes/Garbage/Bottle/Bottle 1_collider.fbx using Guid(0cea5fe9e1d991a4b963d5d177368563) Importer(2089858483,192608db42251d675da83286b1cce702) (ScriptedImporter) -> (artifact id: 'e924e28bc2bbd53d3e8edbd4cf27575e') in 0.0235527 seconds
Number of updated asset objects reloaded before import = 0Number of asset objects unloaded after import = 7

========================================================================
Received Import Request.
  Time since last request: 0.000021 seconds.
  path: Assets/CabinDecor/Hash Game studios/Trash Bag & Trash Box/Textures/Garbage/Canned/Soda can 1/D/Soda can 1_D_Albedo.png
  artifactKey: Guid(5f00e8f35bf285e4e889f7f189815d86) Importer(2089858483,192608db42251d675da83286b1cce702)
Start importing Assets/CabinDecor/Hash Game studios/Trash Bag & Trash Box/Textures/Garbage/Canned/Soda can 1/D/Soda can 1_D_Albedo.png using Guid(5f00e8f35bf285e4e889f7f189815d86) Importer(2089858483,192608db42251d675da83286b1cce702) (ScriptedImporter) -> (artifact id: 'fd0c3088a5369cf6cb83698e6cd0f39d') in 0.0211244 seconds
Number of updated asset objects reloaded before import = 0Number of asset objects unloaded after import = 1

========================================================================
Received Import Request.
  Time since last request: 0.000024 seconds.
  path: Assets/CabinDecor/ALSTRA INFINITE/Snap-N-Set Starter/Appliances/Prefab/Components/KAC_Stove_HeatingTop_V5.prefab
  artifactKey: Guid(0328e3c452dcf7047a4373c5ca3a4da2) Importer(2089858483,3d70f49cd1c2eb9ae422958d1c652c6b)
Start importing Assets/CabinDecor/ALSTRA INFINITE/Snap-N-Set Starter/Appliances/Prefab/Components/KAC_Stove_HeatingTop_V5.prefab using Guid(0328e3c452dcf7047a4373c5ca3a4da2) Importer(2089858483,3d70f49cd1c2eb9ae422958d1c652c6b) (ScriptedImporter) -> (artifact id: 'd75f36b3f53110219f5653185837a1c8') in 0.0154323 seconds
Number of updated asset objects reloaded before import = 0Number of asset objects unloaded after import = 9

========================================================================
Received Import Request.
  Time since last request: 0.000026 seconds.
  path: Assets/CabinDecor/Gogo Casual Pack/Gogo Casual Free Plants Pack/Prefabs/Decoration_Plant_04_02.prefab
  artifactKey: Guid(ff55d871c9024b048a2839290bb42bd1) Importer(2089858483,3d70f49cd1c2eb9ae422958d1c652c6b)
Start importing Assets/CabinDecor/Gogo Casual Pack/Gogo Casual Free Plants Pack/Prefabs/Decoration_Plant_04_02.prefab using Guid(ff55d871c9024b048a2839290bb42bd1) Importer(2089858483,3d70f49cd1c2eb9ae422958d1c652c6b) (ScriptedImporter) -> (artifact id: '485da93e0e11cb6f311291bd65b85dd9') in 0.0157967 seconds
Number of updated asset objects reloaded before import = 0Number of asset objects unloaded after import = 14

========================================================================
Received Import Request.
  Time since last request: 0.000077 seconds.
  path: Assets/CabinDecor/Gogo Casual Pack/Gogo Casual Free Plants Pack/Prefabs/Decoration_Plant_01_02.prefab
  artifactKey: Guid(93c24c3897ee80f47847c675d94dc13d) Importer(2089858483,3d70f49cd1c2eb9ae422958d1c652c6b)
Start importing Assets/CabinDecor/Gogo Casual Pack/Gogo Casual Free Plants Pack/Prefabs/Decoration_Plant_01_02.prefab using Guid(93c24c3897ee80f47847c675d94dc13d) Importer(2089858483,3d70f49cd1c2eb9ae422958d1c652c6b) (ScriptedImporter) -> (artifact id: 'c6c04b084a80d01c3cdd844cbda5cb08') in 0.0158421 seconds
Number of updated asset objects reloaded before import = 0Number of asset objects unloaded after import = 14

========================================================================
Received Import Request.
  Time since last request: 0.000030 seconds.
  path: Assets/CabinDecor/Hash Game studios
  artifactKey: Guid(58137ba0e0f04954da8bff7d07e79183) Importer(2089858483,192608db42251d675da83286b1cce702)
Start importing Assets/CabinDecor/Hash Game studios using Guid(58137ba0e0f04954da8bff7d07e79183) Importer(2089858483,192608db42251d675da83286b1cce702) (ScriptedImporter) -> (artifact id: '39733007872583c2a5b02d6ec9622150') in 0.0137634 seconds
Number of updated asset objects reloaded before import = 0Number of asset objects unloaded after import = 1

========================================================================
Received Import Request.
  Time since last request: 0.000020 seconds.
  path: Assets/CabinDecor/ALSTRA INFINITE/Snap-N-Set Starter/Appliances/Prefab/Components/KAC-F600_OvenTray_V2.prefab
  artifactKey: Guid(274c78327696b6c42b3b98140aa5c073) Importer(2089858483,3d70f49cd1c2eb9ae422958d1c652c6b)
Start importing Assets/CabinDecor/ALSTRA INFINITE/Snap-N-Set Starter/Appliances/Prefab/Components/KAC-F600_OvenTray_V2.prefab using Guid(274c78327696b6c42b3b98140aa5c073) Importer(2089858483,3d70f49cd1c2eb9ae422958d1c652c6b) (ScriptedImporter) -> (artifact id: 'c1c2fe3e1b1a5e64ee791692ed2cc47b') in 0.0151022 seconds
Number of updated asset objects reloaded before import = 0Number of asset objects unloaded after import = 9

========================================================================
Received Import Request.
  Time since last request: 0.000024 seconds.
  path: Assets/CabinDecor/Hash Game studios/Trash Bag & Trash Box/Textures/Garbage/Board/Wood board 1/painted/Wood board 1_C_Albedo.png
  artifactKey: Guid(415c797517da3084b98f2a769aa1bd31) Importer(2089858483,192608db42251d675da83286b1cce702)
Start importing Assets/CabinDecor/Hash Game studios/Trash Bag & Trash Box/Textures/Garbage/Board/Wood board 1/painted/Wood board 1_C_Albedo.png using Guid(415c797517da3084b98f2a769aa1bd31) Importer(2089858483,192608db42251d675da83286b1cce702) (ScriptedImporter) -> (artifact id: '7aacad7fc4307b494d8c426c2d6d2717') in 0.0190397 seconds
Number of updated asset objects reloaded before import = 0Number of asset objects unloaded after import = 1

Editor requested this worker to shutdown with reason: balancing worker count downwards
AssetImportWorker is now disconnected from the server
Process exiting
Exiting without the bug reporter. Application will terminate with return code 0