[Licensing::Module] Trying to connect to existing licensing client channel...
Built from '6000.2/staging' branch; Version is '6000.2.13f1 (abdb44fca7f7) revision 11262788'; Using compiler version '194234433'; Build Type 'Release'
[Licensing::IpcConnector] Successfully connected to: "LicenseClient-anker" at "2025-12-09T08:48:33.8817775Z"
OS: 'Windows 11  (10.0.26100) 64bit Core' Language: 'en' Physical Memory: 32478 MB
BatchMode: 1, IsHumanControllingUs: 0, StartBugReporterOnCrash: 0, Is64bit: 1
Date: 2025-12-09T08:48:33Z

COMMAND LINE ARGUMENTS:
C:\Program Files\Unity\Hub\Editor\6000.2.13f1\Editor\Unity.exe
-adb2
-batchMode
-noUpm
-name
AssetImportWorker7
-projectPath
C:/Users/anker/Documents/GitHub/VRProject4-TitlePending
-logFile
Logs/AssetImportWorker7.log
-srvPort
52252
-licensingIpc
LicenseClient-anker
-job-worker-count
13
-background-job-worker-count
8
-gc-helper-count
1
-name
AssetImport
Successfully changed project path to: C:/Users/anker/Documents/GitHub/VRProject4-TitlePending
C:/Users/anker/Documents/GitHub/VRProject4-TitlePending
[UnityMemory] Configuration Parameters - Can be set up in boot.config
    "memorysetup-allocator-temp-initial-block-size-main=262144"
    "memorysetup-allocator-temp-initial-block-size-worker=262144"
    "memorysetup-bucket-allocator-granularity=16"
    "memorysetup-bucket-allocator-bucket-count=8"
    "memorysetup-bucket-allocator-block-size=33554432"
    "memorysetup-bucket-allocator-block-count=8"
    "memorysetup-main-allocator-block-size=16777216"
    "memorysetup-thread-allocator-block-size=16777216"
    "memorysetup-gfx-main-allocator-block-size=16777216"
    "memorysetup-gfx-thread-allocator-block-size=16777216"
    "memorysetup-cache-allocator-block-size=4194304"
    "memorysetup-typetree-allocator-block-size=2097152"
    "memorysetup-profiler-bucket-allocator-granularity=16"
    "memorysetup-profiler-bucket-allocator-bucket-count=8"
    "memorysetup-profiler-bucket-allocator-block-size=33554432"
    "memorysetup-profiler-bucket-allocator-block-count=8"
    "memorysetup-profiler-allocator-block-size=16777216"
    "memorysetup-profiler-editor-allocator-block-size=1048576"
    "memorysetup-temp-allocator-size-main=16777216"
    "memorysetup-job-temp-allocator-block-size=2097152"
    "memorysetup-job-temp-allocator-block-size-background=1048576"
    "memorysetup-job-temp-allocator-reduction-small-platforms=262144"
    "memorysetup-temp-allocator-size-background-worker=32768"
    "memorysetup-temp-allocator-size-job-worker=262144"
    "memorysetup-temp-allocator-size-preload-manager=33554432"
    "memorysetup-temp-allocator-size-nav-mesh-worker=65536"
    "memorysetup-temp-allocator-size-audio-worker=65536"
    "memorysetup-temp-allocator-size-cloud-worker=32768"
    "memorysetup-temp-allocator-size-gi-baking-worker=262144"
    "memorysetup-temp-allocator-size-gi-baking-worker=262144"
    "memorysetup-temp-allocator-size-gi-baking-worker=262144"
    "memorysetup-temp-allocator-size-gi-baking-worker=262144"
    "memorysetup-temp-allocator-size-gi-baking-worker=262144"
    "memorysetup-temp-allocator-size-gfx=262144"
Player connection [39204]  Target information:

Player connection [39204]  * "[IP] 100.110.17.146 [Port] 0 [Flags] 2 [Guid] 3001218561 [EditorId] 3001218561 [Version] 1048832 [Id] WindowsEditor(7,Caliber) [Debug] 1 [PackageName] WindowsEditor [ProjectName] Editor" 

Player connection [39204]  * "[IP] 100.110.187.171 [Port] 0 [Flags] 2 [Guid] 3001218561 [EditorId] 3001218561 [Version] 1048832 [Id] WindowsEditor(7,Caliber) [Debug] 1 [PackageName] WindowsEditor [ProjectName] Editor" 

Player connection [39204] Host joined multi-casting on [225.0.0.222:54997]...
Player connection [39204] Host joined alternative multi-casting on [225.0.0.222:34997]...
JobSystem: Creating JobQueue using job-worker-count value 13
Input System module state changed to: Initialized.
[Physics::Module] Initialized fallback backend.
[Physics::Module] Id: 0xdecafbad
Library Redirect Path: Library/
[Physics::Module] Selected backend.
[Physics::Module] Name: PhysX
[Physics::Module] Id: 0xf2b8ea05
[Physics::Module] SDK Version: 4.1.2
[Physics::Module] Integration Version: 1.0.0
[Physics::Module] Threading Mode: Multi-Threaded
Refreshing native plugins compatible for Editor in 29.98 ms, found 20 plugins.
Unity memory allocator detected: MetaXRAudio native memory allocations will be tracked.
Preloading 3 native plugins for Editor in 1.99 ms.
Initialize engine version: 6000.2.13f1 (abdb44fca7f7)
[Subsystems] Discovering subsystems at path C:/Program Files/Unity/Hub/Editor/6000.2.13f1/Editor/Data/Resources/UnitySubsystems
[Subsystems] Discovering subsystems at path C:/Users/anker/Documents/GitHub/VRProject4-TitlePending/Assets
GfxDevice: creating device client; kGfxThreadingModeNonThreaded
Direct3D:
    Version:  Direct3D 11.0 [level 11.1]
    Renderer: NVIDIA GeForce RTX 4060 (ID=0x2808)
    Vendor:   NVIDIA
    VRAM:     7957 MB
    Driver:   32.0.15.8180
Shader 'Meta/MRUK/Scene/HighlightsAndShadows': fallback shader 'Off' not found
Shader 'Oculus/OVRMRCameraFrameLit': fallback shader 'Alpha-Diffuse' not found
Initialize mono
Mono path[0] = 'C:/Program Files/Unity/Hub/Editor/6000.2.13f1/Editor/Data/Managed'
Mono path[1] = 'C:/Program Files/Unity/Hub/Editor/6000.2.13f1/Editor/Data/MonoBleedingEdge/lib/mono/unityjit-win32'
Mono config path = 'C:/Program Files/Unity/Hub/Editor/6000.2.13f1/Editor/Data/MonoBleedingEdge/etc'
Using monoOptions --debugger-agent=transport=dt_socket,embedding=1,server=y,suspend=n,address=127.0.0.1:56920
Begin MonoManager ReloadAssembly
Registering precompiled unity dll's ...
Register platform support module: C:/Program Files/Unity/Hub/Editor/6000.2.13f1/Editor/Data/PlaybackEngines/WindowsStandaloneSupport/UnityEditor.WindowsStandalone.Extensions.dll
Registered in 0.001107 seconds.
[Licensing::Client] Error: HandshakeResponse reported an error:
	ResponseCode: 505
	ResponseStatus: Unsupported protocol version '1.17.4'.
[Licensing::Module] Error: Failed to handshake to channel: "LicenseClient-anker"
[Licensing::IpcConnector] LicenseClient-anker channel disconnected successfully.
[Licensing::IpcConnector] Successfully connected to: "LicenseClient-anker-6000.2.13" at "2025-12-09T08:48:34.5819021Z"
- Loaded All Assemblies, in  0.273 seconds
Native extension for WindowsStandalone target not found
Mono: successfully reloaded assembly
- Finished resetting the current domain, in  0.247 seconds
Domain Reload Profiling: 518ms
	BeginReloadAssembly (98ms)
		ExecutionOrderSort (0ms)
		DisableScriptedObjects (0ms)
		BackupInstance (0ms)
		ReleaseScriptingObjects (0ms)
		CreateAndSetChildDomain (0ms)
	RebuildCommonClasses (23ms)
	RebuildNativeTypeToScriptingClass (9ms)
	initialDomainReloadingComplete (31ms)
	LoadAllAssembliesAndSetupDomain (109ms)
		LoadAssemblies (95ms)
		RebuildTransferFunctionScriptingTraits (0ms)
		AnalyzeDomain (108ms)
			TypeCache.Refresh (107ms)
				TypeCache.ScanAssembly (97ms)
			BuildScriptInfoCaches (0ms)
			ResolveRequiredComponents (0ms)
	FinalizeReload (247ms)
		ReleaseScriptCaches (0ms)
		RebuildScriptCaches (0ms)
		SetupLoadedEditorAssemblies (205ms)
			LogAssemblyErrors (0ms)
			InitializePlatformSupportModulesInManaged (34ms)
			SetLoadedEditorAssemblies (2ms)
			BeforeProcessingInitializeOnLoad (43ms)
			ProcessInitializeOnLoadAttributes (88ms)
			ProcessInitializeOnLoadMethodAttributes (37ms)
			AfterProcessingInitializeOnLoad (0ms)
			EditorAssembliesLoaded (0ms)
		ExecutionOrderSort2 (0ms)
		AwakeInstancesAfterBackupRestoration (0ms)
[Licensing::Client] Handshaking with LicensingClient:
  Version:                 1.17.4+4293ba1
  Session Id:              473a21cacd0640a180e76ee911907c7a
  Correlation Id:          560d9b39dde7023fbdfd9451f1e8f2ba
  External correlation Id: 2040189039851377087
  Machine Id:              0urQD6dYJSuRlleZQ3+4xUcd9Jw=
[Licensing::Module] Successfully connected to LicensingClient on channel: "LicenseClient-anker-6000.2.13" (connect: 0.00s, validation: 0.00s, handshake: 0.60s)
[Licensing::IpcConnector] Successfully connected to: "LicenseClient-anker-6000.2.13-notifications" at "2025-12-09T08:48:35.1807749Z"
[Licensing::Module] Licensing Background thread has ended after 1.30s
========================================================================
Worker process is ready to serve import requests
Import Worker Mode flag is 0x00
Begin MonoManager ReloadAssembly
[Licensing::Client] Successfully resolved entitlement details
[Licensing::Module] License group:
  Id: 2475410670703-UnityPersXXXX
  Product: Unity Personal
  Type: Assigned
  Expiration: Unlimited
Symbol file LoadedFromMemory is not a mono symbol file
- Loaded All Assemblies, in  0.748 seconds
Script 'CharacterController' has the same name as built-in Unity component.
AddComponent and GetComponent will not work with this script.
'Packages/com.meta.xr.sdk.core/Editor/BuildingBlocks/BlocksWindow.cs' contains partial class of Unity.Object, exactly 1 of the partial classes needs to be in a file with the same filename. This is to know the one that can be referenced from ie. GameObjects
'Packages/com.meta.xr.sdk.core/Editor/BuildingBlocks/BlocksWindowDetailsExtension.cs' contains partial class of Unity.Object, exactly 1 of the partial classes needs to be in a file with the same filename. This is to know the one that can be referenced from ie. GameObjects
'Packages/com.meta.xr.sdk.core/Editor/BuildingBlocks/BlocksWindowCollectionsPageExtension.cs' contains partial class of Unity.Object, exactly 1 of the partial classes needs to be in a file with the same filename. This is to know the one that can be referenced from ie. GameObjects
Refreshing native plugins compatible for Editor in 11.25 ms, found 20 plugins.
Native extension for WindowsStandalone target not found
Refreshing native plugins compatible for Editor in 11.57 ms, found 20 plugins.
Build target directory for AndroidPlayer does not exist!
UnityEngine.Debug:ExtractStackTraceNoAlloc (byte*,int,string)
UnityEngine.StackTraceUtility:ExtractStackTrace ()
UnityEditor.BuildPipeline:GetPlaybackEngineDirectory (UnityEditor.BuildTargetGroup,UnityEditor.BuildTarget,UnityEditor.BuildOptions,bool)
UnityEditor.BuildPipeline:GetPlaybackEngineDirectory (UnityEditor.BuildTarget,UnityEditor.BuildOptions,bool)
UnityEditor.BuildPipeline:GetPlaybackEngineDirectory (UnityEditor.BuildTarget,UnityEditor.BuildOptions)
OVRConfig:GetAndroidSDKPathLocation (bool) (at ./Library/PackageCache/com.meta.xr.sdk.core@d6da9ab40659/Editor/OVRConfig.cs:82)
UnityADBToolSingleton:.cctor () (at ./Library/PackageCache/com.meta.xr.sdk.core@d6da9ab40659/Editor/UnityADBToolSingleton.cs:27)
OVRProjectSetupDeviceTasks:.cctor () (at ./Library/PackageCache/com.meta.xr.sdk.core@d6da9ab40659/Editor/OVRProjectSetup/Tasks/Implementations/OVRProjectSetupDeviceTasks.cs:42)
System.Runtime.CompilerServices.RuntimeHelpers:RunClassConstructor (System.RuntimeTypeHandle)
UnityEditor.EditorAssemblies:ProcessInitializeOnLoadAttributes (System.Type[])

[./Library/PackageCache/com.meta.xr.sdk.core@d6da9ab40659/Editor/OVRConfig.cs line 82]

Cancelling DisplayDialog: Android SDK not Found Android SDK not found. Please ensure that the path is set correctly in (Edit -> Preferences -> External Tools) or that the Untiy Android module is installed correctly.
This should not be called in batch mode.
UnityEngine.Debug:ExtractStackTraceNoAlloc (byte*,int,string)
UnityEngine.StackTraceUtility:ExtractStackTrace ()
UnityEditor.EditorUtility:DisplayDialogImpl (string,string,string,string)
UnityEditor.EditorUtility:DisplayDialog (string,string,string,string)
UnityEditor.EditorUtility:DisplayDialog (string,string,string)
OVRConfig:GetAndroidSDKPathLocation (bool) (at ./Library/PackageCache/com.meta.xr.sdk.core@d6da9ab40659/Editor/OVRConfig.cs:104)
UnityADBToolSingleton:.cctor () (at ./Library/PackageCache/com.meta.xr.sdk.core@d6da9ab40659/Editor/UnityADBToolSingleton.cs:27)
OVRProjectSetupDeviceTasks:.cctor () (at ./Library/PackageCache/com.meta.xr.sdk.core@d6da9ab40659/Editor/OVRProjectSetup/Tasks/Implementations/OVRProjectSetupDeviceTasks.cs:42)
System.Runtime.CompilerServices.RuntimeHelpers:RunClassConstructor (System.RuntimeTypeHandle)
UnityEditor.EditorAssemblies:ProcessInitializeOnLoadAttributes (System.Type[])

[./Library/PackageCache/com.meta.xr.sdk.core@d6da9ab40659/Editor/OVRConfig.cs line 104]

Package Manager log level set to [2]
[Package Manager] Failed to launch server process. Reason: Unity was launched with the -noUpm command-line argument
[Package Manager] Unable to send message (not connected to server process).
[Package Manager] Cannot connect to Unity Package Manager local server
[Package Manager] Failed to launch server process. Reason: Unity was launched with the -noUpm command-line argument
[Package Manager] Unable to send message (not connected to server process).
[Package Manager] Cannot connect to Unity Package Manager local server
System.Reflection.TargetInvocationException: Exception has been thrown by the target of an invocation. ---> System.NullReferenceException: Object reference not set to an instance of an object
  at Unity.XR.Oculus.OculusLoader.AssetPathToAbsolutePath (System.String assetPath) [0x0003d] in .\Library\PackageCache\com.unity.xr.oculus@44578ba4bd45\Runtime\OculusLoader.cs:312 
  at Unity.XR.Oculus.OculusLoader.EditorLoadOVRPlugin () [0x0008c] in .\Library\PackageCache\com.unity.xr.oculus@44578ba4bd45\Runtime\OculusLoader.cs:297 
  at (wrapper managed-to-native) System.Reflection.RuntimeMethodInfo.InternalInvoke(System.Reflection.RuntimeMethodInfo,object,object[],System.Exception&)
  at System.Reflection.RuntimeMethodInfo.Invoke (System.Object obj, System.Reflection.BindingFlags invokeAttr, System.Reflection.Binder binder, System.Object[] parameters, System.Globalization.CultureInfo culture) [0x0006a] in <bed9669261d44da0a59448ecde2b1a5c>:0 
   --- End of inner exception stack trace ---
  at System.Reflection.RuntimeMethodInfo.Invoke (System.Object obj, System.Reflection.BindingFlags invokeAttr, System.Reflection.Binder binder, System.Object[] parameters, System.Globalization.CultureInfo culture) [0x00083] in <bed9669261d44da0a59448ecde2b1a5c>:0 
  at System.Reflection.MethodBase.Invoke (System.Object obj, System.Object[] parameters) [0x00000] in <bed9669261d44da0a59448ecde2b1a5c>:0 
  at UnityEditor.EditorAssemblies.ProcessInitializeOnLoadMethodAttributes () [0x00087] in <1a7e38f6fac74b0d95602c9f9166f28a>:0 
UnityEngine.Debug:ExtractStackTraceNoAlloc (byte*,int,string)
UnityEngine.StackTraceUtility:ExtractStackTrace ()
UnityEngine.DebugLogHandler:Internal_Log (UnityEngine.LogType,UnityEngine.LogOption,string,UnityEngine.Object)
UnityEngine.DebugLogHandler:LogFormat (UnityEngine.LogType,UnityEngine.Object,string,object[])
UnityEngine.Logger:Log (UnityEngine.LogType,object)
UnityEngine.Debug:LogError (object)
UnityEditor.EditorAssemblies:ProcessInitializeOnLoadMethodAttributes ()

Mono: successfully reloaded assembly
[Package Manager] Failed to launch server process. Reason: Unity was launched with the -noUpm command-line argument
[Package Manager] Unable to send message (not connected to server process).
[Package Manager] Cannot connect to Unity Package Manager local server
[Package Manager] Failed to launch server process. Reason: Unity was launched with the -noUpm command-line argument
[Package Manager] Unable to send message (not connected to server process).
[Package Manager] Cannot connect to Unity Package Manager local server
- Finished resetting the current domain, in  1.236 seconds
Domain Reload Profiling: 1978ms
	BeginReloadAssembly (143ms)
		ExecutionOrderSort (0ms)
		DisableScriptedObjects (6ms)
		BackupInstance (0ms)
		ReleaseScriptingObjects (0ms)
		CreateAndSetChildDomain (23ms)
	RebuildCommonClasses (24ms)
	RebuildNativeTypeToScriptingClass (8ms)
	initialDomainReloadingComplete (27ms)
	LoadAllAssembliesAndSetupDomain (540ms)
		LoadAssemblies (336ms)
		RebuildTransferFunctionScriptingTraits (0ms)
		AnalyzeDomain (283ms)
			TypeCache.Refresh (186ms)
				TypeCache.ScanAssembly (169ms)
			BuildScriptInfoCaches (77ms)
			ResolveRequiredComponents (17ms)
	FinalizeReload (1237ms)
		ReleaseScriptCaches (0ms)
		RebuildScriptCaches (0ms)
		SetupLoadedEditorAssemblies (1089ms)
			LogAssemblyErrors (0ms)
			InitializePlatformSupportModulesInManaged (2ms)
			SetLoadedEditorAssemblies (5ms)
			BeforeProcessingInitializeOnLoad (121ms)
			ProcessInitializeOnLoadAttributes (846ms)
			ProcessInitializeOnLoadMethodAttributes (113ms)
			AfterProcessingInitializeOnLoad (3ms)
			EditorAssembliesLoaded (0ms)
		ExecutionOrderSort2 (0ms)
		AwakeInstancesAfterBackupRestoration (4ms)
WARNING: Shader Unsupported: 'Simulation/Standard Lit' - All subshaders removed
WARNING: Shader Did you use #pragma only_renderers and omit this platform?
WARNING: Shader If subshaders removal was intentional, you may have forgotten turning Fallback off?
WARNING: Shader Unsupported: 'Simulation/Standard Lit' - All subshaders removed
WARNING: Shader Did you use #pragma only_renderers and omit this platform?
WARNING: Shader If subshaders removal was intentional, you may have forgotten turning Fallback off?
WARNING: Shader Unsupported: 'Simulation/URP/Room X-Ray' - All subshaders removed
WARNING: Shader Did you use #pragma only_renderers and omit this platform?
WARNING: Shader If subshaders removal was intentional, you may have forgotten turning Fallback off?
WARNING: Shader Unsupported: 'Simulation/URP/Room X-Ray' - All subshaders removed
WARNING: Shader Did you use #pragma only_renderers and omit this platform?
WARNING: Shader If subshaders removal was intentional, you may have forgotten turning Fallback off?
WARNING: Shader Unsupported: 'Simulation/URP/Lit' - All subshaders removed
WARNING: Shader Did you use #pragma only_renderers and omit this platform?
WARNING: Shader If subshaders removal was intentional, you may have forgotten turning Fallback off?
WARNING: Shader Unsupported: 'Simulation/URP/Lit' - All subshaders removed
WARNING: Shader Did you use #pragma only_renderers and omit this platform?
WARNING: Shader If subshaders removal was intentional, you may have forgotten turning Fallback off?
WARNING: Shader Unsupported: 'Hidden/Simulation/URP/Synthetic' - All subshaders removed
WARNING: Shader Did you use #pragma only_renderers and omit this platform?
WARNING: Shader If subshaders removal was intentional, you may have forgotten turning Fallback off?
WARNING: Shader Unsupported: 'Hidden/Simulation/URP/Synthetic' - All subshaders removed
WARNING: Shader Did you use #pragma only_renderers and omit this platform?
WARNING: Shader If subshaders removal was intentional, you may have forgotten turning Fallback off?
WARNING: Shader Unsupported: 'Hidden/Simulation/Synthetic Lit' - All subshaders removed
WARNING: Shader Did you use #pragma only_renderers and omit this platform?
WARNING: Shader If subshaders removal was intentional, you may have forgotten turning Fallback off?
WARNING: Shader Unsupported: 'Hidden/Simulation/Synthetic Lit' - All subshaders removed
WARNING: Shader Did you use #pragma only_renderers and omit this platform?
WARNING: Shader If subshaders removal was intentional, you may have forgotten turning Fallback off?
WARNING: Shader Unsupported: 'Simulation/Room X-Ray' - All subshaders removed
WARNING: Shader Did you use #pragma only_renderers and omit this platform?
WARNING: Shader If subshaders removal was intentional, you may have forgotten turning Fallback off?
WARNING: Shader Unsupported: 'Simulation/Room X-Ray' - All subshaders removed
WARNING: Shader Did you use #pragma only_renderers and omit this platform?
WARNING: Shader If subshaders removal was intentional, you may have forgotten turning Fallback off?
Shader 'Oculus/OVRMRCameraFrameLit': fallback shader 'Alpha-Diffuse' not found
Shader 'Meta/MRUK/Scene/HighlightsAndShadows': fallback shader 'Off' not found
Launched and connected shader compiler UnityShaderCompiler.exe after 0.01 seconds
Refreshing native plugins compatible for Editor in 10.15 ms, found 20 plugins.
Preloading 3 native plugins for Editor in 0.15 ms.
Unloading 34 Unused Serialized files (Serialized files now loaded: 0)
Unloading 10767 unused Assets / (11.6 MB). Loaded Objects now: 11639.
Memory consumption went from 206.4 MB to 194.8 MB.
Total: 18.799100 ms (FindLiveObjects: 0.724000 ms CreateObjectMapping: 0.508300 ms MarkObjects: 13.443700 ms  DeleteObjects: 4.121900 ms)

========================================================================
Received Import Request.
  Time since last request: 37447.911013 seconds.
  path: Assets/Toony Kitchen Ingredients Free/Prefabs/Ingredients/cheeseSlice_Hole.prefab
  artifactKey: Guid(e7cc69a95d5d8fc449f4f46c42ea45b2) Importer(815301076,1909f56bfc062723c751e8b465ee728b)
Start importing Assets/Toony Kitchen Ingredients Free/Prefabs/Ingredients/cheeseSlice_Hole.prefab using Guid(e7cc69a95d5d8fc449f4f46c42ea45b2) Importer(815301076,1909f56bfc062723c751e8b465ee728b) (PreviewImporter) -> (artifact id: 'f14ddacf38c7f90e6e3ed549669b9d47') in 0.3763558 seconds
Number of updated asset objects reloaded before import = 0Number of asset objects unloaded after import = 9

========================================================================
Received Import Request.
  Time since last request: 0.015213 seconds.
  path: Assets/Toony Kitchen Ingredients Free/Prefabs/Ingredients/chicken_Burnt.prefab
  artifactKey: Guid(f3047dc45b9987f439e15b12a444f292) Importer(815301076,1909f56bfc062723c751e8b465ee728b)
Start importing Assets/Toony Kitchen Ingredients Free/Prefabs/Ingredients/chicken_Burnt.prefab using Guid(f3047dc45b9987f439e15b12a444f292) Importer(815301076,1909f56bfc062723c751e8b465ee728b) (PreviewImporter) -> (artifact id: 'e1c833fc9f563a08dca81b70d0a2f7c5') in 0.0157643 seconds
Number of updated asset objects reloaded before import = 0Number of asset objects unloaded after import = 18

========================================================================
Received Import Request.
  Time since last request: 0.000027 seconds.
  path: Assets/Toony Kitchen Ingredients Free/Prefabs/Ingredients/chicken_Leg_Meat_Burnt.prefab
  artifactKey: Guid(5d86674b48919e549bdf9fbb5581c58a) Importer(815301076,1909f56bfc062723c751e8b465ee728b)
Start importing Assets/Toony Kitchen Ingredients Free/Prefabs/Ingredients/chicken_Leg_Meat_Burnt.prefab using Guid(5d86674b48919e549bdf9fbb5581c58a) Importer(815301076,1909f56bfc062723c751e8b465ee728b) (PreviewImporter) -> (artifact id: 'e6831e58f433093a1e302bdd6ef9ea83') in 0.0139457 seconds
Number of updated asset objects reloaded before import = 0Number of asset objects unloaded after import = 14

========================================================================
Received Import Request.
  Time since last request: 153.648008 seconds.
  path: Assets/Toony Kitchen Ingredients Free/Prefabs/Ingredients/corn_Piece.prefab
  artifactKey: Guid(ad83f9f50e9e82b47a88c97152ea505d) Importer(815301076,1909f56bfc062723c751e8b465ee728b)
Start importing Assets/Toony Kitchen Ingredients Free/Prefabs/Ingredients/corn_Piece.prefab using Guid(ad83f9f50e9e82b47a88c97152ea505d) Importer(815301076,1909f56bfc062723c751e8b465ee728b) (PreviewImporter) -> (artifact id: '1d710f6933dd8275c1d7452529fb06a0') in 0.020681 seconds
Number of updated asset objects reloaded before import = 0Number of asset objects unloaded after import = 9

========================================================================
Received Import Request.
  Time since last request: 0.000024 seconds.
  path: Assets/Toony Kitchen Ingredients Free/Prefabs/Ingredients/cucumberSlice_Quarter_Shaved_Half.prefab
  artifactKey: Guid(2aa8aa83dee7e97438a33c856c6e73a5) Importer(815301076,1909f56bfc062723c751e8b465ee728b)
Start importing Assets/Toony Kitchen Ingredients Free/Prefabs/Ingredients/cucumberSlice_Quarter_Shaved_Half.prefab using Guid(2aa8aa83dee7e97438a33c856c6e73a5) Importer(815301076,1909f56bfc062723c751e8b465ee728b) (PreviewImporter) -> (artifact id: '27261f6ae3f1f3b7647059f6d4ad975a') in 0.0123965 seconds
Number of updated asset objects reloaded before import = 0Number of asset objects unloaded after import = 9

========================================================================
Received Import Request.
  Time since last request: 0.000021 seconds.
  path: Assets/Toony Kitchen Ingredients Free/Prefabs/Ingredients/cucumber_Shaved.prefab
  artifactKey: Guid(e29afe87ed841f2489c1887b663023fb) Importer(815301076,1909f56bfc062723c751e8b465ee728b)
Start importing Assets/Toony Kitchen Ingredients Free/Prefabs/Ingredients/cucumber_Shaved.prefab using Guid(e29afe87ed841f2489c1887b663023fb) Importer(815301076,1909f56bfc062723c751e8b465ee728b) (PreviewImporter) -> (artifact id: 'e4e3ee13f88cdc6bfea8f59bb00dbf2e') in 0.0132391 seconds
Number of updated asset objects reloaded before import = 0Number of asset objects unloaded after import = 9

========================================================================
Received Import Request.
  Time since last request: 0.000027 seconds.
  path: Assets/Toony Kitchen Ingredients Free/Prefabs/Ingredients/cucumberSlice.prefab
  artifactKey: Guid(caf472f0d16167a4291ed4e3216c2051) Importer(815301076,1909f56bfc062723c751e8b465ee728b)
Start importing Assets/Toony Kitchen Ingredients Free/Prefabs/Ingredients/cucumberSlice.prefab using Guid(caf472f0d16167a4291ed4e3216c2051) Importer(815301076,1909f56bfc062723c751e8b465ee728b) (PreviewImporter) -> (artifact id: 'b2df2e1824e7d38a0527c75a35d3d7c8') in 0.0169213 seconds
Number of updated asset objects reloaded before import = 0Number of asset objects unloaded after import = 9

========================================================================
Received Import Request.
  Time since last request: 0.279739 seconds.
  path: Assets/Toony Kitchen Ingredients Free/Prefabs/Ingredients/cucumberSlice_Shaved_Half.prefab
  artifactKey: Guid(d12dde0d858fbd8479517c9d00e44591) Importer(815301076,1909f56bfc062723c751e8b465ee728b)
Start importing Assets/Toony Kitchen Ingredients Free/Prefabs/Ingredients/cucumberSlice_Shaved_Half.prefab using Guid(d12dde0d858fbd8479517c9d00e44591) Importer(815301076,1909f56bfc062723c751e8b465ee728b) (PreviewImporter) -> (artifact id: '7a9c3936ce915b761d937e29f10cb042') in 0.0160583 seconds
Number of updated asset objects reloaded before import = 0Number of asset objects unloaded after import = 9

========================================================================
Received Import Request.
  Time since last request: 0.000027 seconds.
  path: Assets/Toony Kitchen Ingredients Free/Prefabs/Ingredients/dough.prefab
  artifactKey: Guid(2f765d36afb474a45b376fd659488cdf) Importer(815301076,1909f56bfc062723c751e8b465ee728b)
Start importing Assets/Toony Kitchen Ingredients Free/Prefabs/Ingredients/dough.prefab using Guid(2f765d36afb474a45b376fd659488cdf) Importer(815301076,1909f56bfc062723c751e8b465ee728b) (PreviewImporter) -> (artifact id: 'fa8eec8268e332d091e43a39c4cf6236') in 0.0162304 seconds
Number of updated asset objects reloaded before import = 0Number of asset objects unloaded after import = 9

========================================================================
Received Import Request.
  Time since last request: 0.000021 seconds.
  path: Assets/Toony Kitchen Ingredients Free/Prefabs/Ingredients/fish_Slice_1_Burnt.prefab
  artifactKey: Guid(fc7bdc2403dc14149b098de8659eafea) Importer(815301076,1909f56bfc062723c751e8b465ee728b)
Start importing Assets/Toony Kitchen Ingredients Free/Prefabs/Ingredients/fish_Slice_1_Burnt.prefab using Guid(fc7bdc2403dc14149b098de8659eafea) Importer(815301076,1909f56bfc062723c751e8b465ee728b) (PreviewImporter) -> (artifact id: '8c3e76facf864be05099cd611ee9b226') in 0.012891 seconds
Number of updated asset objects reloaded before import = 0Number of asset objects unloaded after import = 9

========================================================================
Received Import Request.
  Time since last request: 0.000027 seconds.
  path: Assets/Toony Kitchen Ingredients Free/Prefabs/Ingredients/egg_Boiled_Sliced_1_White.prefab
  artifactKey: Guid(f34ce5bf6983397438e48eb84225111b) Importer(815301076,1909f56bfc062723c751e8b465ee728b)
Start importing Assets/Toony Kitchen Ingredients Free/Prefabs/Ingredients/egg_Boiled_Sliced_1_White.prefab using Guid(f34ce5bf6983397438e48eb84225111b) Importer(815301076,1909f56bfc062723c751e8b465ee728b) (PreviewImporter) -> (artifact id: '3b7e5898460a71fb8cc73c11ab2f39c3') in 0.0134215 seconds
Number of updated asset objects reloaded before import = 0Number of asset objects unloaded after import = 9

========================================================================
Received Import Request.
  Time since last request: 0.000031 seconds.
  path: Assets/Toony Kitchen Ingredients Free/Prefabs/Ingredients/fish_Burnt.prefab
  artifactKey: Guid(ed86fe157c002ea419b69269cbf16baa) Importer(815301076,1909f56bfc062723c751e8b465ee728b)
Start importing Assets/Toony Kitchen Ingredients Free/Prefabs/Ingredients/fish_Burnt.prefab using Guid(ed86fe157c002ea419b69269cbf16baa) Importer(815301076,1909f56bfc062723c751e8b465ee728b) (PreviewImporter) -> (artifact id: 'd260e87132c10ef9279b3ad203be6052') in 0.0173071 seconds
Number of updated asset objects reloaded before import = 0Number of asset objects unloaded after import = 9

========================================================================
Received Import Request.
  Time since last request: 0.000021 seconds.
  path: Assets/Toony Kitchen Ingredients Free/Prefabs/Ingredients/egg_Shell_Bottom.prefab
  artifactKey: Guid(7a6eab8c9f3863d4fbc3b51989aba9a8) Importer(815301076,1909f56bfc062723c751e8b465ee728b)
Start importing Assets/Toony Kitchen Ingredients Free/Prefabs/Ingredients/egg_Shell_Bottom.prefab using Guid(7a6eab8c9f3863d4fbc3b51989aba9a8) Importer(815301076,1909f56bfc062723c751e8b465ee728b) (PreviewImporter) -> (artifact id: '39e73f6654c2c774bb2618d8383aafcc') in 0.0112529 seconds
Number of updated asset objects reloaded before import = 0Number of asset objects unloaded after import = 9

========================================================================
Received Import Request.
  Time since last request: 0.000021 seconds.
  path: Assets/Toony Kitchen Ingredients Free/Prefabs/Ingredients/egg_Burnt.prefab
  artifactKey: Guid(d87a4858b84d00146a50f21869e4128a) Importer(815301076,1909f56bfc062723c751e8b465ee728b)
Start importing Assets/Toony Kitchen Ingredients Free/Prefabs/Ingredients/egg_Burnt.prefab using Guid(d87a4858b84d00146a50f21869e4128a) Importer(815301076,1909f56bfc062723c751e8b465ee728b) (PreviewImporter) -> (artifact id: 'e4187433ca1d2f634169b77028c994a1') in 0.0130552 seconds
Number of updated asset objects reloaded before import = 0Number of asset objects unloaded after import = 9

========================================================================
Received Import Request.
  Time since last request: 0.000019 seconds.
  path: Assets/Toony Kitchen Ingredients Free/Prefabs/Ingredients/egg_Boiled.prefab
  artifactKey: Guid(d640ec1599e4a30428f6b81ae4d49462) Importer(815301076,1909f56bfc062723c751e8b465ee728b)
Start importing Assets/Toony Kitchen Ingredients Free/Prefabs/Ingredients/egg_Boiled.prefab using Guid(d640ec1599e4a30428f6b81ae4d49462) Importer(815301076,1909f56bfc062723c751e8b465ee728b) (PreviewImporter) -> (artifact id: '4af945c053f0d601a2ec7a3e16916cc2') in 0.0149542 seconds
Number of updated asset objects reloaded before import = 0Number of asset objects unloaded after import = 9

========================================================================
Received Import Request.
  Time since last request: 0.000019 seconds.
  path: Assets/Toony Kitchen Ingredients Free/Prefabs/Ingredients/groundBeef_Cooked.prefab
  artifactKey: Guid(1cadb7e9b63d1484db6a657066fdcd48) Importer(815301076,1909f56bfc062723c751e8b465ee728b)
Start importing Assets/Toony Kitchen Ingredients Free/Prefabs/Ingredients/groundBeef_Cooked.prefab using Guid(1cadb7e9b63d1484db6a657066fdcd48) Importer(815301076,1909f56bfc062723c751e8b465ee728b) (PreviewImporter) -> (artifact id: '35d279d8e024f359fbf23e1701661e9c') in 0.0143605 seconds
Number of updated asset objects reloaded before import = 0Number of asset objects unloaded after import = 9

========================================================================
Received Import Request.
  Time since last request: 0.000044 seconds.
  path: Assets/Toony Kitchen Ingredients Free/Prefabs/Ingredients/fish_Slice_1_Raw.prefab
  artifactKey: Guid(f3a9aa13e11f79e4d9574c7b36432f44) Importer(815301076,1909f56bfc062723c751e8b465ee728b)
Start importing Assets/Toony Kitchen Ingredients Free/Prefabs/Ingredients/fish_Slice_1_Raw.prefab using Guid(f3a9aa13e11f79e4d9574c7b36432f44) Importer(815301076,1909f56bfc062723c751e8b465ee728b) (PreviewImporter) -> (artifact id: 'e4148d0a08a0ebbdb4a27cb8fa8ab14a') in 0.0131586 seconds
Number of updated asset objects reloaded before import = 0Number of asset objects unloaded after import = 9

========================================================================
Received Import Request.
  Time since last request: 0.000017 seconds.
  path: Assets/Toony Kitchen Ingredients Free/Prefabs/Ingredients/groundBeef_Raw.prefab
  artifactKey: Guid(714cbdecdcb0a4645891357863b99738) Importer(815301076,1909f56bfc062723c751e8b465ee728b)
Start importing Assets/Toony Kitchen Ingredients Free/Prefabs/Ingredients/groundBeef_Raw.prefab using Guid(714cbdecdcb0a4645891357863b99738) Importer(815301076,1909f56bfc062723c751e8b465ee728b) (PreviewImporter) -> (artifact id: 'e56c2a47517d6ca371e6d3a3dd5d9868') in 0.0137523 seconds
Number of updated asset objects reloaded before import = 0Number of asset objects unloaded after import = 9

========================================================================
Received Import Request.
  Time since last request: 0.000020 seconds.
  path: Assets/Toony Kitchen Ingredients Free/Prefabs/Ingredients/lettuceIceberg.prefab
  artifactKey: Guid(7268ea2a665cd7e478afe8a5e7d1c184) Importer(815301076,1909f56bfc062723c751e8b465ee728b)
Start importing Assets/Toony Kitchen Ingredients Free/Prefabs/Ingredients/lettuceIceberg.prefab using Guid(7268ea2a665cd7e478afe8a5e7d1c184) Importer(815301076,1909f56bfc062723c751e8b465ee728b) (PreviewImporter) -> (artifact id: '87711dc45cce857feb8e8c2b020f5284') in 0.015828 seconds
Number of updated asset objects reloaded before import = 0Number of asset objects unloaded after import = 26

========================================================================
Received Import Request.
  Time since last request: 0.000018 seconds.
  path: Assets/Toony Kitchen Ingredients Free/Prefabs/Ingredients/lettuceButterhead.prefab
  artifactKey: Guid(5022b8a616d4fa34bbb0fe2e2f175184) Importer(815301076,1909f56bfc062723c751e8b465ee728b)
Start importing Assets/Toony Kitchen Ingredients Free/Prefabs/Ingredients/lettuceButterhead.prefab using Guid(5022b8a616d4fa34bbb0fe2e2f175184) Importer(815301076,1909f56bfc062723c751e8b465ee728b) (PreviewImporter) -> (artifact id: 'f99b303108623abf52da513d1b7bab41') in 0.0176298 seconds
Number of updated asset objects reloaded before import = 0Number of asset objects unloaded after import = 39

========================================================================
Received Import Request.
  Time since last request: 0.000021 seconds.
  path: Assets/Toony Kitchen Ingredients Free/Prefabs/Ingredients/melon_Sliced_Small_2.prefab
  artifactKey: Guid(18846397a62c9484e89f812d736c8d14) Importer(815301076,1909f56bfc062723c751e8b465ee728b)
Start importing Assets/Toony Kitchen Ingredients Free/Prefabs/Ingredients/melon_Sliced_Small_2.prefab using Guid(18846397a62c9484e89f812d736c8d14) Importer(815301076,1909f56bfc062723c751e8b465ee728b) (PreviewImporter) -> (artifact id: '5d8e02dea674c47d72de74e3ae202385') in 0.0137071 seconds
Number of updated asset objects reloaded before import = 0Number of asset objects unloaded after import = 9

========================================================================
Received Import Request.
  Time since last request: 0.000019 seconds.
  path: Assets/Toony Kitchen Ingredients Free/Prefabs/Ingredients/mushroom_Burnt.prefab
  artifactKey: Guid(a52e7fdae3e6c1d4c90c0ccbaa6f5fc8) Importer(815301076,1909f56bfc062723c751e8b465ee728b)
Start importing Assets/Toony Kitchen Ingredients Free/Prefabs/Ingredients/mushroom_Burnt.prefab using Guid(a52e7fdae3e6c1d4c90c0ccbaa6f5fc8) Importer(815301076,1909f56bfc062723c751e8b465ee728b) (PreviewImporter) -> (artifact id: '5db55a30e1dcf15405a09baefe112588') in 0.0157722 seconds
Number of updated asset objects reloaded before import = 0Number of asset objects unloaded after import = 9

========================================================================
Received Import Request.
  Time since last request: 0.000033 seconds.
  path: Assets/Toony Kitchen Ingredients Free/Prefabs/Ingredients/lettuceSliced_2.prefab
  artifactKey: Guid(0b0e09c45f8c10f4c88deff94e2f2d57) Importer(815301076,1909f56bfc062723c751e8b465ee728b)
Start importing Assets/Toony Kitchen Ingredients Free/Prefabs/Ingredients/lettuceSliced_2.prefab using Guid(0b0e09c45f8c10f4c88deff94e2f2d57) Importer(815301076,1909f56bfc062723c751e8b465ee728b) (PreviewImporter) -> (artifact id: '1d117c757aed46d5ce154c52303301b9') in 0.0143218 seconds
Number of updated asset objects reloaded before import = 0Number of asset objects unloaded after import = 9

========================================================================
Received Import Request.
  Time since last request: 0.000018 seconds.
  path: Assets/Toony Kitchen Ingredients Free/Prefabs/Ingredients/lettuceSliced_3.prefab
  artifactKey: Guid(cc341e4c4365b024e9fb75327e303624) Importer(815301076,1909f56bfc062723c751e8b465ee728b)
Start importing Assets/Toony Kitchen Ingredients Free/Prefabs/Ingredients/lettuceSliced_3.prefab using Guid(cc341e4c4365b024e9fb75327e303624) Importer(815301076,1909f56bfc062723c751e8b465ee728b) (PreviewImporter) -> (artifact id: 'f7b244ed99bf0e18da4cb9733a2985fb') in 0.0130505 seconds
Number of updated asset objects reloaded before import = 0Number of asset objects unloaded after import = 9

========================================================================
Received Import Request.
  Time since last request: 0.000021 seconds.
  path: Assets/Toony Kitchen Ingredients Free/Prefabs/Ingredients/melon_Sliced_Big.prefab
  artifactKey: Guid(f08f35c109e6ad243accba34d31ada45) Importer(815301076,1909f56bfc062723c751e8b465ee728b)
Start importing Assets/Toony Kitchen Ingredients Free/Prefabs/Ingredients/melon_Sliced_Big.prefab using Guid(f08f35c109e6ad243accba34d31ada45) Importer(815301076,1909f56bfc062723c751e8b465ee728b) (PreviewImporter) -> (artifact id: '623eacc451617ae9946b4c61b273da1d') in 0.0136697 seconds
Number of updated asset objects reloaded before import = 0Number of asset objects unloaded after import = 9

========================================================================
Received Import Request.
  Time since last request: 0.256453 seconds.
  path: Assets/Toony Kitchen Ingredients Free/Prefabs/Ingredients/mushroom_Hollow_Cooked.prefab
  artifactKey: Guid(302de04f2c800e64faa00e14022a0562) Importer(815301076,1909f56bfc062723c751e8b465ee728b)
Start importing Assets/Toony Kitchen Ingredients Free/Prefabs/Ingredients/mushroom_Hollow_Cooked.prefab using Guid(302de04f2c800e64faa00e14022a0562) Importer(815301076,1909f56bfc062723c751e8b465ee728b) (PreviewImporter) -> (artifact id: 'befa7c5deb08010f1533beec97aff671') in 0.0127952 seconds
Number of updated asset objects reloaded before import = 0Number of asset objects unloaded after import = 9

========================================================================
Received Import Request.
  Time since last request: 0.000024 seconds.
  path: Assets/Toony Kitchen Ingredients Free/Prefabs/Ingredients/mushroom_Sliced_Burnt.prefab
  artifactKey: Guid(e0dd855027a4b6144b1a8e2241d80318) Importer(815301076,1909f56bfc062723c751e8b465ee728b)
Start importing Assets/Toony Kitchen Ingredients Free/Prefabs/Ingredients/mushroom_Sliced_Burnt.prefab using Guid(e0dd855027a4b6144b1a8e2241d80318) Importer(815301076,1909f56bfc062723c751e8b465ee728b) (PreviewImporter) -> (artifact id: 'f8b97fe7490747ae23b6101c00a73d30') in 0.0123297 seconds
Number of updated asset objects reloaded before import = 0Number of asset objects unloaded after import = 9

========================================================================
Received Import Request.
  Time since last request: 0.000024 seconds.
  path: Assets/Toony Kitchen Ingredients Free/Prefabs/Ingredients/onion_Ring_Burnt.prefab
  artifactKey: Guid(a89a611e242383a4b9b6804172fd57d1) Importer(815301076,1909f56bfc062723c751e8b465ee728b)
Start importing Assets/Toony Kitchen Ingredients Free/Prefabs/Ingredients/onion_Ring_Burnt.prefab using Guid(a89a611e242383a4b9b6804172fd57d1) Importer(815301076,1909f56bfc062723c751e8b465ee728b) (PreviewImporter) -> (artifact id: '0fb71d7f72fdaf7cc5cdc4a82de68c50') in 0.0142052 seconds
Number of updated asset objects reloaded before import = 0Number of asset objects unloaded after import = 9

========================================================================
Received Import Request.
  Time since last request: 0.000018 seconds.
  path: Assets/Toony Kitchen Ingredients Free/Prefabs/Ingredients/mushroom_Sliced_Raw.prefab
  artifactKey: Guid(353429d81f897f34db600cb437cd0bbb) Importer(815301076,1909f56bfc062723c751e8b465ee728b)
Start importing Assets/Toony Kitchen Ingredients Free/Prefabs/Ingredients/mushroom_Sliced_Raw.prefab using Guid(353429d81f897f34db600cb437cd0bbb) Importer(815301076,1909f56bfc062723c751e8b465ee728b) (PreviewImporter) -> (artifact id: '2e7be72d35e1f3516c381f5ca33b131e') in 0.0120872 seconds
Number of updated asset objects reloaded before import = 0Number of asset objects unloaded after import = 9

========================================================================
Received Import Request.
  Time since last request: 0.000021 seconds.
  path: Assets/Toony Kitchen Ingredients Free/Prefabs/Ingredients/mushroom_Hollow_Raw.prefab
  artifactKey: Guid(301433a22b0f47a4b8c33793d36ba54a) Importer(815301076,1909f56bfc062723c751e8b465ee728b)
Start importing Assets/Toony Kitchen Ingredients Free/Prefabs/Ingredients/mushroom_Hollow_Raw.prefab using Guid(301433a22b0f47a4b8c33793d36ba54a) Importer(815301076,1909f56bfc062723c751e8b465ee728b) (PreviewImporter) -> (artifact id: '5fdfe3b3aaa964b7e2cfdc45a4db276b') in 0.0120741 seconds
Number of updated asset objects reloaded before import = 0Number of asset objects unloaded after import = 9

========================================================================
Received Import Request.
  Time since last request: 0.329410 seconds.
  path: Assets/Toony Kitchen Ingredients Free/Prefabs/Ingredients/onion_Spring.prefab
  artifactKey: Guid(113f52627cbe6a14a8b5f0fb9046679b) Importer(815301076,1909f56bfc062723c751e8b465ee728b)
Start importing Assets/Toony Kitchen Ingredients Free/Prefabs/Ingredients/onion_Spring.prefab using Guid(113f52627cbe6a14a8b5f0fb9046679b) Importer(815301076,1909f56bfc062723c751e8b465ee728b) (PreviewImporter) -> (artifact id: '3b1afca05046af9d0eb1330be2454b57') in 0.0136185 seconds
Number of updated asset objects reloaded before import = 0Number of asset objects unloaded after import = 9

========================================================================
Received Import Request.
  Time since last request: 0.000019 seconds.
  path: Assets/Toony Kitchen Ingredients Free/Prefabs/Ingredients/pancake_Burnt.prefab
  artifactKey: Guid(479085896b3ad464c8b932e3c31a5650) Importer(815301076,1909f56bfc062723c751e8b465ee728b)
Start importing Assets/Toony Kitchen Ingredients Free/Prefabs/Ingredients/pancake_Burnt.prefab using Guid(479085896b3ad464c8b932e3c31a5650) Importer(815301076,1909f56bfc062723c751e8b465ee728b) (PreviewImporter) -> (artifact id: '1c7c865214619c8378416be9eaec20c5') in 0.0138274 seconds
Number of updated asset objects reloaded before import = 0Number of asset objects unloaded after import = 9

========================================================================
Received Import Request.
  Time since last request: 0.000019 seconds.
  path: Assets/Toony Kitchen Ingredients Free/Prefabs/Ingredients/pancake_Syrup.prefab
  artifactKey: Guid(a9942c1a4e3c0db4d97127265620a2d7) Importer(815301076,1909f56bfc062723c751e8b465ee728b)
Start importing Assets/Toony Kitchen Ingredients Free/Prefabs/Ingredients/pancake_Syrup.prefab using Guid(a9942c1a4e3c0db4d97127265620a2d7) Importer(815301076,1909f56bfc062723c751e8b465ee728b) (PreviewImporter) -> (artifact id: 'fe58c62fbc1f1f5e77d8351c404e7041') in 0.0120376 seconds
Number of updated asset objects reloaded before import = 0Number of asset objects unloaded after import = 9

========================================================================
Received Import Request.
  Time since last request: 0.000017 seconds.
  path: Assets/Toony Kitchen Ingredients Free/Prefabs/Ingredients/potato_Burnt.prefab
  artifactKey: Guid(ff1c08d71d320dc41a42d2c8accf9303) Importer(815301076,1909f56bfc062723c751e8b465ee728b)
Start importing Assets/Toony Kitchen Ingredients Free/Prefabs/Ingredients/potato_Burnt.prefab using Guid(ff1c08d71d320dc41a42d2c8accf9303) Importer(815301076,1909f56bfc062723c751e8b465ee728b) (PreviewImporter) -> (artifact id: '853e88efd579a22866803cb0a43c9136') in 0.012263 seconds
Number of updated asset objects reloaded before import = 0Number of asset objects unloaded after import = 9

========================================================================
Received Import Request.
  Time since last request: 0.000019 seconds.
  path: Assets/Toony Kitchen Ingredients Free/Prefabs/Ingredients/potato_AppleSlice_Burnt.prefab
  artifactKey: Guid(81210b49ed5f56643b9a816da0537deb) Importer(815301076,1909f56bfc062723c751e8b465ee728b)
Start importing Assets/Toony Kitchen Ingredients Free/Prefabs/Ingredients/potato_AppleSlice_Burnt.prefab using Guid(81210b49ed5f56643b9a816da0537deb) Importer(815301076,1909f56bfc062723c751e8b465ee728b) (PreviewImporter) -> (artifact id: '536a5948ff93a3ff7a7ba98f0c14d336') in 0.0123508 seconds
Number of updated asset objects reloaded before import = 0Number of asset objects unloaded after import = 9

========================================================================
Received Import Request.
  Time since last request: 0.000024 seconds.
  path: Assets/Toony Kitchen Ingredients Free/Prefabs/Ingredients/potato_AppleSlice_Cooked.prefab
  artifactKey: Guid(9060d246b8a5d0d4ba33bce88015b800) Importer(815301076,1909f56bfc062723c751e8b465ee728b)
Start importing Assets/Toony Kitchen Ingredients Free/Prefabs/Ingredients/potato_AppleSlice_Cooked.prefab using Guid(9060d246b8a5d0d4ba33bce88015b800) Importer(815301076,1909f56bfc062723c751e8b465ee728b) (PreviewImporter) -> (artifact id: 'f13cc653c5f0b69e06e89d6c013cf8fa') in 0.0119443 seconds
Number of updated asset objects reloaded before import = 0Number of asset objects unloaded after import = 9

========================================================================
Received Import Request.
  Time since last request: 0.000017 seconds.
  path: Assets/Toony Kitchen Ingredients Free/Prefabs/Ingredients/onion_White_Slice.prefab
  artifactKey: Guid(ef7ea9a494e12d841ae15c57cfe6ff34) Importer(815301076,1909f56bfc062723c751e8b465ee728b)
Start importing Assets/Toony Kitchen Ingredients Free/Prefabs/Ingredients/onion_White_Slice.prefab using Guid(ef7ea9a494e12d841ae15c57cfe6ff34) Importer(815301076,1909f56bfc062723c751e8b465ee728b) (PreviewImporter) -> (artifact id: '061fee48caeda013d097e87d7ec02fbe') in 0.0113407 seconds
Number of updated asset objects reloaded before import = 0Number of asset objects unloaded after import = 9

========================================================================
Received Import Request.
  Time since last request: 0.000020 seconds.
  path: Assets/Toony Kitchen Ingredients Free/Prefabs/Ingredients/popcorn_3.prefab
  artifactKey: Guid(672ed8f32a614ff49a22e2039df2ef11) Importer(815301076,1909f56bfc062723c751e8b465ee728b)
Start importing Assets/Toony Kitchen Ingredients Free/Prefabs/Ingredients/popcorn_3.prefab using Guid(672ed8f32a614ff49a22e2039df2ef11) Importer(815301076,1909f56bfc062723c751e8b465ee728b) (PreviewImporter) -> (artifact id: 'e1d92b5fef23f6c719d350640b959b40') in 0.0129102 seconds
Number of updated asset objects reloaded before import = 0Number of asset objects unloaded after import = 9

========================================================================
Received Import Request.
  Time since last request: 0.000017 seconds.
  path: Assets/Toony Kitchen Ingredients Free/Prefabs/Ingredients/potato_Chip_1_Burnt.prefab
  artifactKey: Guid(d8ed2ce0cc689854d814186d195a9be8) Importer(815301076,1909f56bfc062723c751e8b465ee728b)
Start importing Assets/Toony Kitchen Ingredients Free/Prefabs/Ingredients/potato_Chip_1_Burnt.prefab using Guid(d8ed2ce0cc689854d814186d195a9be8) Importer(815301076,1909f56bfc062723c751e8b465ee728b) (PreviewImporter) -> (artifact id: '32591cbba7a056f5b15c4b1c44397de9') in 0.0120965 seconds
Number of updated asset objects reloaded before import = 0Number of asset objects unloaded after import = 9

========================================================================
Received Import Request.
  Time since last request: 8.314932 seconds.
  path: Assets/Toony Kitchen Ingredients Free/Prefabs/Ingredients/potato_Chip_2_Cooked.prefab
  artifactKey: Guid(bd183d577b3328d4289ef844a945d599) Importer(815301076,1909f56bfc062723c751e8b465ee728b)
Start importing Assets/Toony Kitchen Ingredients Free/Prefabs/Ingredients/potato_Chip_2_Cooked.prefab using Guid(bd183d577b3328d4289ef844a945d599) Importer(815301076,1909f56bfc062723c751e8b465ee728b) (PreviewImporter) -> (artifact id: 'f637711511eee22b1a96e3f3cc6a2b97') in 0.0127099 seconds
Number of updated asset objects reloaded before import = 0Number of asset objects unloaded after import = 9

========================================================================
Received Import Request.
  Time since last request: 0.000022 seconds.
  path: Assets/Toony Kitchen Ingredients Free/Prefabs/Ingredients/potato_Chip_3_Raw.prefab
  artifactKey: Guid(063f229038acda848aac31560db6b1dd) Importer(815301076,1909f56bfc062723c751e8b465ee728b)
Start importing Assets/Toony Kitchen Ingredients Free/Prefabs/Ingredients/potato_Chip_3_Raw.prefab using Guid(063f229038acda848aac31560db6b1dd) Importer(815301076,1909f56bfc062723c751e8b465ee728b) (PreviewImporter) -> (artifact id: 'b4ce0dc2c03bba706d6d4385717931d0') in 0.0126792 seconds
Number of updated asset objects reloaded before import = 0Number of asset objects unloaded after import = 9

========================================================================
Received Import Request.
  Time since last request: 0.000021 seconds.
  path: Assets/Toony Kitchen Ingredients Free/Prefabs/Ingredients/potato_Chip_3_Cooked.prefab
  artifactKey: Guid(aff21bdc393a3d148adde985eb4a1ac7) Importer(815301076,1909f56bfc062723c751e8b465ee728b)
Start importing Assets/Toony Kitchen Ingredients Free/Prefabs/Ingredients/potato_Chip_3_Cooked.prefab using Guid(aff21bdc393a3d148adde985eb4a1ac7) Importer(815301076,1909f56bfc062723c751e8b465ee728b) (PreviewImporter) -> (artifact id: '4d919726aab92cfa8b437da92c2253e4') in 0.0127808 seconds
Number of updated asset objects reloaded before import = 0Number of asset objects unloaded after import = 9

========================================================================
Received Import Request.
  Time since last request: 53.538770 seconds.
  path: Assets/Toony Kitchen Ingredients Free/Prefabs/Ingredients/potato_Half_1_Cooked.prefab
  artifactKey: Guid(e60a1fe26f08ad441b117a200fdc6a29) Importer(815301076,1909f56bfc062723c751e8b465ee728b)
Start importing Assets/Toony Kitchen Ingredients Free/Prefabs/Ingredients/potato_Half_1_Cooked.prefab using Guid(e60a1fe26f08ad441b117a200fdc6a29) Importer(815301076,1909f56bfc062723c751e8b465ee728b) (PreviewImporter) -> (artifact id: '0b9d587953bcacca10439b179e91dff6') in 0.014141 seconds
Number of updated asset objects reloaded before import = 0Number of asset objects unloaded after import = 9

========================================================================
Received Import Request.
  Time since last request: 0.000021 seconds.
  path: Assets/Toony Kitchen Ingredients Free/Prefabs/Ingredients/potato_Half_Cooked.prefab
  artifactKey: Guid(9b53ff8518210754fa1278b86e63efbf) Importer(815301076,1909f56bfc062723c751e8b465ee728b)
Start importing Assets/Toony Kitchen Ingredients Free/Prefabs/Ingredients/potato_Half_Cooked.prefab using Guid(9b53ff8518210754fa1278b86e63efbf) Importer(815301076,1909f56bfc062723c751e8b465ee728b) (PreviewImporter) -> (artifact id: 'afe35e6b830e5920bef5bfff32dcb1b5') in 0.0127735 seconds
Number of updated asset objects reloaded before import = 0Number of asset objects unloaded after import = 9

========================================================================
Received Import Request.
  Time since last request: 0.390676 seconds.
  path: Assets/Toony Kitchen Ingredients Free/Prefabs/Ingredients/potato_Peeled_AppleSlice_Cooked.prefab
  artifactKey: Guid(c75a15b85ed3a4b45a6693d25ac0c65b) Importer(815301076,1909f56bfc062723c751e8b465ee728b)
Start importing Assets/Toony Kitchen Ingredients Free/Prefabs/Ingredients/potato_Peeled_AppleSlice_Cooked.prefab using Guid(c75a15b85ed3a4b45a6693d25ac0c65b) Importer(815301076,1909f56bfc062723c751e8b465ee728b) (PreviewImporter) -> (artifact id: '8c935913d077678d25ba97d2835b9bb8') in 0.0136905 seconds
Number of updated asset objects reloaded before import = 0Number of asset objects unloaded after import = 9

========================================================================
Received Import Request.
  Time since last request: 0.000021 seconds.
  path: Assets/Toony Kitchen Ingredients Free/Prefabs/Ingredients/potato_Peeled_Half.prefab
  artifactKey: Guid(be3d5356d47e1534283d59efe46dc03a) Importer(815301076,1909f56bfc062723c751e8b465ee728b)
Start importing Assets/Toony Kitchen Ingredients Free/Prefabs/Ingredients/potato_Peeled_Half.prefab using Guid(be3d5356d47e1534283d59efe46dc03a) Importer(815301076,1909f56bfc062723c751e8b465ee728b) (PreviewImporter) -> (artifact id: 'cf7a2c0ccf416dd0a889e0317fa3fab6') in 0.0121267 seconds
Number of updated asset objects reloaded before import = 0Number of asset objects unloaded after import = 9

========================================================================
Received Import Request.
  Time since last request: 0.000026 seconds.
  path: Assets/Toony Kitchen Ingredients Free/Prefabs/Ingredients/potato_Peeled_Sliced_Burnt.prefab
  artifactKey: Guid(808f36554472a934a807803624e441bd) Importer(815301076,1909f56bfc062723c751e8b465ee728b)
Start importing Assets/Toony Kitchen Ingredients Free/Prefabs/Ingredients/potato_Peeled_Sliced_Burnt.prefab using Guid(808f36554472a934a807803624e441bd) Importer(815301076,1909f56bfc062723c751e8b465ee728b) (PreviewImporter) -> (artifact id: 'c7c80e8925751937470a42965e36fdfd') in 0.0122585 seconds
Number of updated asset objects reloaded before import = 0Number of asset objects unloaded after import = 9

========================================================================
Received Import Request.
  Time since last request: 0.000016 seconds.
  path: Assets/Toony Kitchen Ingredients Free/Prefabs/Ingredients/potato_Peeled_Half_1_Burnt.prefab
  artifactKey: Guid(36f673b75d0bcaf48be6617724c98291) Importer(815301076,1909f56bfc062723c751e8b465ee728b)
Start importing Assets/Toony Kitchen Ingredients Free/Prefabs/Ingredients/potato_Peeled_Half_1_Burnt.prefab using Guid(36f673b75d0bcaf48be6617724c98291) Importer(815301076,1909f56bfc062723c751e8b465ee728b) (PreviewImporter) -> (artifact id: 'd885555cbce828abc20b84f8d59d0b93') in 0.0160607 seconds
Number of updated asset objects reloaded before import = 0Number of asset objects unloaded after import = 9

========================================================================
Received Import Request.
  Time since last request: 0.000018 seconds.
  path: Assets/Toony Kitchen Ingredients Free/Prefabs/Ingredients/potato_Sliced_Cooked.prefab
  artifactKey: Guid(12f452a430b83844eacf4ce94a025c62) Importer(815301076,1909f56bfc062723c751e8b465ee728b)
Start importing Assets/Toony Kitchen Ingredients Free/Prefabs/Ingredients/potato_Sliced_Cooked.prefab using Guid(12f452a430b83844eacf4ce94a025c62) Importer(815301076,1909f56bfc062723c751e8b465ee728b) (PreviewImporter) -> (artifact id: 'b536abd81dddaec9149da47e3545bc54') in 0.0118062 seconds
Number of updated asset objects reloaded before import = 0Number of asset objects unloaded after import = 9

========================================================================
Received Import Request.
  Time since last request: 0.498953 seconds.
  path: Assets/Toony Kitchen Ingredients Free/Prefabs/Ingredients/sandwichBun_Top.prefab
  artifactKey: Guid(9c19799edf685494b8ad4a6988a0bc09) Importer(815301076,1909f56bfc062723c751e8b465ee728b)
Start importing Assets/Toony Kitchen Ingredients Free/Prefabs/Ingredients/sandwichBun_Top.prefab using Guid(9c19799edf685494b8ad4a6988a0bc09) Importer(815301076,1909f56bfc062723c751e8b465ee728b) (PreviewImporter) -> (artifact id: '00ff56d43c2906cdbe16bca2d92361fb') in 0.0142867 seconds
Number of updated asset objects reloaded before import = 0Number of asset objects unloaded after import = 9

========================================================================
Received Import Request.
  Time since last request: 0.000018 seconds.
  path: Assets/Toony Kitchen Ingredients Free/Prefabs/Ingredients/sausage_Cooked.prefab
  artifactKey: Guid(610e89d5adbdf374b95028f028b6494d) Importer(815301076,1909f56bfc062723c751e8b465ee728b)
Start importing Assets/Toony Kitchen Ingredients Free/Prefabs/Ingredients/sausage_Cooked.prefab using Guid(610e89d5adbdf374b95028f028b6494d) Importer(815301076,1909f56bfc062723c751e8b465ee728b) (PreviewImporter) -> (artifact id: '2fbeacc510b1109c5d5da2ca156e4374') in 0.0149178 seconds
Number of updated asset objects reloaded before import = 0Number of asset objects unloaded after import = 9

========================================================================
Received Import Request.
  Time since last request: 0.000018 seconds.
  path: Assets/Toony Kitchen Ingredients Free/Prefabs/Ingredients/sweetPotato_Cooked.prefab
  artifactKey: Guid(6320387e1359a3a438f8fe29d8665bd6) Importer(815301076,1909f56bfc062723c751e8b465ee728b)
Start importing Assets/Toony Kitchen Ingredients Free/Prefabs/Ingredients/sweetPotato_Cooked.prefab using Guid(6320387e1359a3a438f8fe29d8665bd6) Importer(815301076,1909f56bfc062723c751e8b465ee728b) (PreviewImporter) -> (artifact id: '67e1905f2212def82ca0aa2565eb3086') in 0.0139866 seconds
Number of updated asset objects reloaded before import = 0Number of asset objects unloaded after import = 9

========================================================================
Received Import Request.
  Time since last request: 0.000017 seconds.
  path: Assets/Toony Kitchen Ingredients Free/Prefabs/Ingredients/sweetPotato_Burnt.prefab
  artifactKey: Guid(455ef7a3ae8a8884c969f89e84ac1462) Importer(815301076,1909f56bfc062723c751e8b465ee728b)
Start importing Assets/Toony Kitchen Ingredients Free/Prefabs/Ingredients/sweetPotato_Burnt.prefab using Guid(455ef7a3ae8a8884c969f89e84ac1462) Importer(815301076,1909f56bfc062723c751e8b465ee728b) (PreviewImporter) -> (artifact id: '24cb8d5be40b60270958adf074006c6b') in 0.0167018 seconds
Number of updated asset objects reloaded before import = 0Number of asset objects unloaded after import = 9

========================================================================
Received Import Request.
  Time since last request: 0.042882 seconds.
  path: Assets/Toony Kitchen Ingredients Free/Prefabs/Ingredients/watermelon.prefab
  artifactKey: Guid(1316452647a73184cba85ad0f097c3fa) Importer(815301076,1909f56bfc062723c751e8b465ee728b)
Start importing Assets/Toony Kitchen Ingredients Free/Prefabs/Ingredients/watermelon.prefab using Guid(1316452647a73184cba85ad0f097c3fa) Importer(815301076,1909f56bfc062723c751e8b465ee728b) (PreviewImporter) -> (artifact id: 'f50d9659f5018a4e81e0dc58a829b920') in 0.0142168 seconds
Number of updated asset objects reloaded before import = 0Number of asset objects unloaded after import = 9

========================================================================
Received Import Request.
  Time since last request: 0.000028 seconds.
  path: Assets/Toony Kitchen Ingredients Free/Prefabs/Ingredients/watermelon_Sliced_Small_1.prefab
  artifactKey: Guid(8135790eb32aed5408f4cc9e9244580f) Importer(815301076,1909f56bfc062723c751e8b465ee728b)
Start importing Assets/Toony Kitchen Ingredients Free/Prefabs/Ingredients/watermelon_Sliced_Small_1.prefab using Guid(8135790eb32aed5408f4cc9e9244580f) Importer(815301076,1909f56bfc062723c751e8b465ee728b) (PreviewImporter) -> (artifact id: '1b380f036ae881bc6e910f0d3acacf43') in 0.0134193 seconds
Number of updated asset objects reloaded before import = 0Number of asset objects unloaded after import = 9

========================================================================
Received Prepare
Begin MonoManager ReloadAssembly
[Licensing::Client] Successfully resolved entitlement details
Symbol file LoadedFromMemory is not a mono symbol file
- Loaded All Assemblies, in  0.710 seconds
Script 'CharacterController' has the same name as built-in Unity component.
AddComponent and GetComponent will not work with this script.
'Packages/com.meta.xr.sdk.core/Editor/BuildingBlocks/BlocksWindow.cs' contains partial class of Unity.Object, exactly 1 of the partial classes needs to be in a file with the same filename. This is to know the one that can be referenced from ie. GameObjects
'Packages/com.meta.xr.sdk.core/Editor/BuildingBlocks/BlocksWindowDetailsExtension.cs' contains partial class of Unity.Object, exactly 1 of the partial classes needs to be in a file with the same filename. This is to know the one that can be referenced from ie. GameObjects
'Packages/com.meta.xr.sdk.core/Editor/BuildingBlocks/BlocksWindowCollectionsPageExtension.cs' contains partial class of Unity.Object, exactly 1 of the partial classes needs to be in a file with the same filename. This is to know the one that can be referenced from ie. GameObjects
Refreshing native plugins compatible for Editor in 10.86 ms, found 20 plugins.
Native extension for WindowsStandalone target not found
Refreshing native plugins compatible for Editor in 11.15 ms, found 20 plugins.
Build target directory for AndroidPlayer does not exist!
UnityEngine.Debug:ExtractStackTraceNoAlloc (byte*,int,string)
UnityEngine.StackTraceUtility:ExtractStackTrace ()
UnityEditor.BuildPipeline:GetPlaybackEngineDirectory (UnityEditor.BuildTargetGroup,UnityEditor.BuildTarget,UnityEditor.BuildOptions,bool)
UnityEditor.BuildPipeline:GetPlaybackEngineDirectory (UnityEditor.BuildTarget,UnityEditor.BuildOptions,bool)
UnityEditor.BuildPipeline:GetPlaybackEngineDirectory (UnityEditor.BuildTarget,UnityEditor.BuildOptions)
OVRConfig:GetAndroidSDKPathLocation (bool) (at ./Library/PackageCache/com.meta.xr.sdk.core@d6da9ab40659/Editor/OVRConfig.cs:82)
UnityADBToolSingleton:.cctor () (at ./Library/PackageCache/com.meta.xr.sdk.core@d6da9ab40659/Editor/UnityADBToolSingleton.cs:27)
OVRProjectSetupDeviceTasks:.cctor () (at ./Library/PackageCache/com.meta.xr.sdk.core@d6da9ab40659/Editor/OVRProjectSetup/Tasks/Implementations/OVRProjectSetupDeviceTasks.cs:42)
System.Runtime.CompilerServices.RuntimeHelpers:RunClassConstructor (System.RuntimeTypeHandle)
UnityEditor.EditorAssemblies:ProcessInitializeOnLoadAttributes (System.Type[])

[./Library/PackageCache/com.meta.xr.sdk.core@d6da9ab40659/Editor/OVRConfig.cs line 82]

Cancelling DisplayDialog: Android SDK not Found Android SDK not found. Please ensure that the path is set correctly in (Edit -> Preferences -> External Tools) or that the Untiy Android module is installed correctly.
This should not be called in batch mode.
UnityEngine.Debug:ExtractStackTraceNoAlloc (byte*,int,string)
UnityEngine.StackTraceUtility:ExtractStackTrace ()
UnityEditor.EditorUtility:DisplayDialogImpl (string,string,string,string)
UnityEditor.EditorUtility:DisplayDialog (string,string,string,string)
UnityEditor.EditorUtility:DisplayDialog (string,string,string)
OVRConfig:GetAndroidSDKPathLocation (bool) (at ./Library/PackageCache/com.meta.xr.sdk.core@d6da9ab40659/Editor/OVRConfig.cs:104)
UnityADBToolSingleton:.cctor () (at ./Library/PackageCache/com.meta.xr.sdk.core@d6da9ab40659/Editor/UnityADBToolSingleton.cs:27)
OVRProjectSetupDeviceTasks:.cctor () (at ./Library/PackageCache/com.meta.xr.sdk.core@d6da9ab40659/Editor/OVRProjectSetup/Tasks/Implementations/OVRProjectSetupDeviceTasks.cs:42)
System.Runtime.CompilerServices.RuntimeHelpers:RunClassConstructor (System.RuntimeTypeHandle)
UnityEditor.EditorAssemblies:ProcessInitializeOnLoadAttributes (System.Type[])

[./Library/PackageCache/com.meta.xr.sdk.core@d6da9ab40659/Editor/OVRConfig.cs line 104]

[Package Manager] Failed to launch server process. Reason: Unity was launched with the -noUpm command-line argument
[Package Manager] Unable to send message (not connected to server process).
[Package Manager] Cannot connect to Unity Package Manager local server
[Package Manager] Failed to launch server process. Reason: Unity was launched with the -noUpm command-line argument
[Package Manager] Unable to send message (not connected to server process).
[Package Manager] Cannot connect to Unity Package Manager local server
System.Reflection.TargetInvocationException: Exception has been thrown by the target of an invocation. ---> System.NullReferenceException: Object reference not set to an instance of an object
  at Unity.XR.Oculus.OculusLoader.AssetPathToAbsolutePath (System.String assetPath) [0x0003d] in .\Library\PackageCache\com.unity.xr.oculus@44578ba4bd45\Runtime\OculusLoader.cs:312 
  at Unity.XR.Oculus.OculusLoader.EditorLoadOVRPlugin () [0x0008c] in .\Library\PackageCache\com.unity.xr.oculus@44578ba4bd45\Runtime\OculusLoader.cs:297 
  at (wrapper managed-to-native) System.Reflection.RuntimeMethodInfo.InternalInvoke(System.Reflection.RuntimeMethodInfo,object,object[],System.Exception&)
  at System.Reflection.RuntimeMethodInfo.Invoke (System.Object obj, System.Reflection.BindingFlags invokeAttr, System.Reflection.Binder binder, System.Object[] parameters, System.Globalization.CultureInfo culture) [0x0006a] in <bed9669261d44da0a59448ecde2b1a5c>:0 
   --- End of inner exception stack trace ---
  at System.Reflection.RuntimeMethodInfo.Invoke (System.Object obj, System.Reflection.BindingFlags invokeAttr, System.Reflection.Binder binder, System.Object[] parameters, System.Globalization.CultureInfo culture) [0x00083] in <bed9669261d44da0a59448ecde2b1a5c>:0 
  at System.Reflection.MethodBase.Invoke (System.Object obj, System.Object[] parameters) [0x00000] in <bed9669261d44da0a59448ecde2b1a5c>:0 
  at UnityEditor.EditorAssemblies.ProcessInitializeOnLoadMethodAttributes () [0x00087] in <1a7e38f6fac74b0d95602c9f9166f28a>:0 
UnityEngine.Debug:ExtractStackTraceNoAlloc (byte*,int,string)
UnityEngine.StackTraceUtility:ExtractStackTrace ()
UnityEngine.DebugLogHandler:Internal_Log (UnityEngine.LogType,UnityEngine.LogOption,string,UnityEngine.Object)
UnityEngine.DebugLogHandler:LogFormat (UnityEngine.LogType,UnityEngine.Object,string,object[])
UnityEngine.Logger:Log (UnityEngine.LogType,object)
UnityEngine.Debug:LogError (object)
UnityEditor.EditorAssemblies:ProcessInitializeOnLoadMethodAttributes ()

Mono: successfully reloaded assembly
[Package Manager] Failed to launch server process. Reason: Unity was launched with the -noUpm command-line argument
[Package Manager] Unable to send message (not connected to server process).
[Package Manager] Cannot connect to Unity Package Manager local server
- Finished resetting the current domain, in  1.254 seconds
Domain Reload Profiling: 1964ms
	BeginReloadAssembly (201ms)
		ExecutionOrderSort (0ms)
		DisableScriptedObjects (17ms)
		BackupInstance (0ms)
		ReleaseScriptingObjects (0ms)
		CreateAndSetChildDomain (67ms)
	RebuildCommonClasses (24ms)
	RebuildNativeTypeToScriptingClass (9ms)
	initialDomainReloadingComplete (21ms)
	LoadAllAssembliesAndSetupDomain (454ms)
		LoadAssemblies (307ms)
		RebuildTransferFunctionScriptingTraits (0ms)
		AnalyzeDomain (210ms)
			TypeCache.Refresh (7ms)
				TypeCache.ScanAssembly (0ms)
			BuildScriptInfoCaches (181ms)
			ResolveRequiredComponents (16ms)
	FinalizeReload (1255ms)
		ReleaseScriptCaches (0ms)
		RebuildScriptCaches (0ms)
		SetupLoadedEditorAssemblies (1104ms)
			LogAssemblyErrors (0ms)
			InitializePlatformSupportModulesInManaged (1ms)
			SetLoadedEditorAssemblies (6ms)
			BeforeProcessingInitializeOnLoad (126ms)
			ProcessInitializeOnLoadAttributes (844ms)
			ProcessInitializeOnLoadMethodAttributes (123ms)
			AfterProcessingInitializeOnLoad (4ms)
			EditorAssembliesLoaded (1ms)
		ExecutionOrderSort2 (0ms)
		AwakeInstancesAfterBackupRestoration (13ms)
WARNING: Shader Unsupported: 'Simulation/Standard Lit' - All subshaders removed
WARNING: Shader Did you use #pragma only_renderers and omit this platform?
WARNING: Shader If subshaders removal was intentional, you may have forgotten turning Fallback off?
WARNING: Shader Unsupported: 'Simulation/Standard Lit' - All subshaders removed
WARNING: Shader Did you use #pragma only_renderers and omit this platform?
WARNING: Shader If subshaders removal was intentional, you may have forgotten turning Fallback off?
WARNING: Shader Unsupported: 'Simulation/URP/Room X-Ray' - All subshaders removed
WARNING: Shader Did you use #pragma only_renderers and omit this platform?
WARNING: Shader If subshaders removal was intentional, you may have forgotten turning Fallback off?
WARNING: Shader Unsupported: 'Simulation/URP/Room X-Ray' - All subshaders removed
WARNING: Shader Did you use #pragma only_renderers and omit this platform?
WARNING: Shader If subshaders removal was intentional, you may have forgotten turning Fallback off?
WARNING: Shader Unsupported: 'Simulation/URP/Lit' - All subshaders removed
WARNING: Shader Did you use #pragma only_renderers and omit this platform?
WARNING: Shader If subshaders removal was intentional, you may have forgotten turning Fallback off?
WARNING: Shader Unsupported: 'Simulation/URP/Lit' - All subshaders removed
WARNING: Shader Did you use #pragma only_renderers and omit this platform?
WARNING: Shader If subshaders removal was intentional, you may have forgotten turning Fallback off?
WARNING: Shader Unsupported: 'Hidden/Simulation/URP/Synthetic' - All subshaders removed
WARNING: Shader Did you use #pragma only_renderers and omit this platform?
WARNING: Shader If subshaders removal was intentional, you may have forgotten turning Fallback off?
WARNING: Shader Unsupported: 'Hidden/Simulation/URP/Synthetic' - All subshaders removed
WARNING: Shader Did you use #pragma only_renderers and omit this platform?
WARNING: Shader If subshaders removal was intentional, you may have forgotten turning Fallback off?
WARNING: Shader Unsupported: 'Hidden/Simulation/Synthetic Lit' - All subshaders removed
WARNING: Shader Did you use #pragma only_renderers and omit this platform?
WARNING: Shader If subshaders removal was intentional, you may have forgotten turning Fallback off?
WARNING: Shader Unsupported: 'Hidden/Simulation/Synthetic Lit' - All subshaders removed
WARNING: Shader Did you use #pragma only_renderers and omit this platform?
WARNING: Shader If subshaders removal was intentional, you may have forgotten turning Fallback off?
WARNING: Shader Unsupported: 'Simulation/Room X-Ray' - All subshaders removed
WARNING: Shader Did you use #pragma only_renderers and omit this platform?
WARNING: Shader If subshaders removal was intentional, you may have forgotten turning Fallback off?
WARNING: Shader Unsupported: 'Simulation/Room X-Ray' - All subshaders removed
WARNING: Shader Did you use #pragma only_renderers and omit this platform?
WARNING: Shader If subshaders removal was intentional, you may have forgotten turning Fallback off?
Shader 'Oculus/OVRMRCameraFrameLit': fallback shader 'Alpha-Diffuse' not found
Shader 'Meta/MRUK/Scene/HighlightsAndShadows': fallback shader 'Off' not found
Refreshing native plugins compatible for Editor in 10.41 ms, found 20 plugins.
Preloading 3 native plugins for Editor in 0.13 ms.
Unloading 34 Unused Serialized files (Serialized files now loaded: 0)
Unloading 10766 unused Assets / (12.5 MB). Loaded Objects now: 11689.
Memory consumption went from 312.8 MB to 300.3 MB.
Total: 20.568100 ms (FindLiveObjects: 0.766400 ms CreateObjectMapping: 0.527500 ms MarkObjects: 13.512200 ms  DeleteObjects: 5.760600 ms)

Prepare: number of updated asset objects reloaded= 0
